{"timestamp": "2023-02-14 17:18:37,907", "processo": "MainProcess", "thread": "MainThread","level": "INFO", "script": "main.py", "modulo": "main", "metodo": "<module>",  "mensagem": "--->WebScrapping<---"}
{"timestamp": "2023-02-14 17:18:37,907", "processo": "MainProcess", "thread": "MainThread","level": "INFO", "script": "main.py", "modulo": "main", "metodo": "<module>",  "mensagem": "Start:2023-02-14 17:18"}
{"timestamp": "2023-02-14 17:18:50,521", "processo": "MainProcess", "thread": "MainThread","level": "INFO", "script": "scrapper.py", "modulo": "scrapper", "metodo": "accept_cookies",  "mensagem": "Accepting cookies from the page"}
{"timestamp": "2023-02-14 17:18:50,982", "processo": "MainProcess", "thread": "MainThread","level": "INFO", "script": "main.py", "modulo": "main", "metodo": "executorMagazine",  "mensagem": "--> Crawler performed successfully."}
{"timestamp": "2023-02-14 17:18:56,213", "processo": "MainProcess", "thread": "MainThread","level": "INFO", "script": "scrapper.py", "modulo": "scrapper", "metodo": "next_page",  "mensagem": "Going to next page"}
{"timestamp": "2023-02-14 17:18:59,204", "processo": "MainProcess", "thread": "MainThread","level": "INFO", "script": "main.py", "modulo": "main", "metodo": "executorMagazine",  "mensagem": "--> Crawler performed successfully."}
{"timestamp": "2023-02-14 17:19:06,566", "processo": "MainProcess", "thread": "MainThread","level": "INFO", "script": "scrapper.py", "modulo": "scrapper", "metodo": "next_page",  "mensagem": "Going to next page"}
{"timestamp": "2023-02-14 17:19:08,573", "processo": "MainProcess", "thread": "MainThread","level": "INFO", "script": "main.py", "modulo": "main", "metodo": "executorMagazine",  "mensagem": "--> Crawler performed successfully."}
{"timestamp": "2023-02-14 17:19:14,901", "processo": "MainProcess", "thread": "MainThread","level": "INFO", "script": "scrapper.py", "modulo": "scrapper", "metodo": "next_page",  "mensagem": "Going to next page"}
{"timestamp": "2023-02-14 17:19:15,842", "processo": "MainProcess", "thread": "MainThread","level": "INFO", "script": "main.py", "modulo": "main", "metodo": "executorMagazine",  "mensagem": "--> Crawler performed successfully."}
{"timestamp": "2023-02-14 17:19:21,429", "processo": "MainProcess", "thread": "MainThread","level": "INFO", "script": "scrapper.py", "modulo": "scrapper", "metodo": "next_page",  "mensagem": "Going to next page"}
{"timestamp": "2023-02-14 17:19:22,718", "processo": "MainProcess", "thread": "MainThread","level": "INFO", "script": "main.py", "modulo": "main", "metodo": "executorMagazine",  "mensagem": "--> Crawler performed successfully."}
{"timestamp": "2023-02-14 17:19:27,841", "processo": "MainProcess", "thread": "MainThread","level": "INFO", "script": "scrapper.py", "modulo": "scrapper", "metodo": "next_page",  "mensagem": "Going to next page"}
{"timestamp": "2023-02-14 17:19:29,031", "processo": "MainProcess", "thread": "MainThread","level": "INFO", "script": "main.py", "modulo": "main", "metodo": "executorMagazine",  "mensagem": "--> Crawler performed successfully."}
{"timestamp": "2023-02-14 17:19:34,866", "processo": "MainProcess", "thread": "MainThread","level": "INFO", "script": "scrapper.py", "modulo": "scrapper", "metodo": "next_page",  "mensagem": "Going to next page"}
{"timestamp": "2023-02-14 17:19:36,076", "processo": "MainProcess", "thread": "MainThread","level": "INFO", "script": "main.py", "modulo": "main", "metodo": "executorMagazine",  "mensagem": "--> Crawler performed successfully."}
{"timestamp": "2023-02-14 17:19:41,727", "processo": "MainProcess", "thread": "MainThread","level": "INFO", "script": "scrapper.py", "modulo": "scrapper", "metodo": "next_page",  "mensagem": "Going to next page"}
{"timestamp": "2023-02-14 17:19:42,849", "processo": "MainProcess", "thread": "MainThread","level": "INFO", "script": "main.py", "modulo": "main", "metodo": "executorMagazine",  "mensagem": "--> Crawler performed successfully."}
{"timestamp": "2023-02-14 17:19:48,650", "processo": "MainProcess", "thread": "MainThread","level": "INFO", "script": "scrapper.py", "modulo": "scrapper", "metodo": "next_page",  "mensagem": "Going to next page"}
{"timestamp": "2023-02-14 17:19:50,317", "processo": "MainProcess", "thread": "MainThread","level": "INFO", "script": "main.py", "modulo": "main", "metodo": "executorMagazine",  "mensagem": "--> Crawler performed successfully."}
{"timestamp": "2023-02-14 17:19:55,477", "processo": "MainProcess", "thread": "MainThread","level": "INFO", "script": "scrapper.py", "modulo": "scrapper", "metodo": "next_page",  "mensagem": "Going to next page"}
{"timestamp": "2023-02-14 17:19:57,173", "processo": "MainProcess", "thread": "MainThread","level": "INFO", "script": "main.py", "modulo": "main", "metodo": "executorMagazine",  "mensagem": "--> Crawler performed successfully."}
{"timestamp": "2023-02-14 17:20:03,007", "processo": "MainProcess", "thread": "MainThread","level": "INFO", "script": "scrapper.py", "modulo": "scrapper", "metodo": "next_page",  "mensagem": "Going to next page"}
{"timestamp": "2023-02-14 17:20:04,174", "processo": "MainProcess", "thread": "MainThread","level": "INFO", "script": "main.py", "modulo": "main", "metodo": "executorMagazine",  "mensagem": "--> Crawler performed successfully."}
{"timestamp": "2023-02-14 17:20:09,914", "processo": "MainProcess", "thread": "MainThread","level": "INFO", "script": "scrapper.py", "modulo": "scrapper", "metodo": "next_page",  "mensagem": "Going to next page"}
{"timestamp": "2023-02-14 17:20:11,531", "processo": "MainProcess", "thread": "MainThread","level": "INFO", "script": "main.py", "modulo": "main", "metodo": "executorMagazine",  "mensagem": "--> Crawler performed successfully."}
{"timestamp": "2023-02-14 17:20:17,445", "processo": "MainProcess", "thread": "MainThread","level": "INFO", "script": "scrapper.py", "modulo": "scrapper", "metodo": "next_page",  "mensagem": "Going to next page"}
{"timestamp": "2023-02-14 17:20:18,913", "processo": "MainProcess", "thread": "MainThread","level": "INFO", "script": "main.py", "modulo": "main", "metodo": "executorMagazine",  "mensagem": "--> Crawler performed successfully."}
{"timestamp": "2023-02-14 17:20:24,766", "processo": "MainProcess", "thread": "MainThread","level": "INFO", "script": "scrapper.py", "modulo": "scrapper", "metodo": "next_page",  "mensagem": "Going to next page"}
{"timestamp": "2023-02-14 17:20:26,190", "processo": "MainProcess", "thread": "MainThread","level": "INFO", "script": "main.py", "modulo": "main", "metodo": "executorMagazine",  "mensagem": "--> Crawler performed successfully."}
{"timestamp": "2023-02-14 17:20:31,978", "processo": "MainProcess", "thread": "MainThread","level": "INFO", "script": "scrapper.py", "modulo": "scrapper", "metodo": "next_page",  "mensagem": "Going to next page"}
{"timestamp": "2023-02-14 17:20:34,084", "processo": "MainProcess", "thread": "MainThread","level": "INFO", "script": "main.py", "modulo": "main", "metodo": "executorMagazine",  "mensagem": "--> Crawler performed successfully."}
{"timestamp": "2023-02-14 17:20:40,052", "processo": "MainProcess", "thread": "MainThread","level": "INFO", "script": "scrapper.py", "modulo": "scrapper", "metodo": "next_page",  "mensagem": "Going to next page"}
{"timestamp": "2023-02-14 17:20:40,851", "processo": "MainProcess", "thread": "MainThread","level": "INFO", "script": "main.py", "modulo": "main", "metodo": "executorMagazine",  "mensagem": "--> Crawler performed successfully."}
{"timestamp": "2023-02-14 17:20:46,513", "processo": "MainProcess", "thread": "MainThread","level": "INFO", "script": "scrapper.py", "modulo": "scrapper", "metodo": "next_page",  "mensagem": "Going to next page"}
{"timestamp": "2023-02-14 17:20:46,748", "processo": "MainProcess", "thread": "MainThread","level": "INFO", "script": "scrapper.py", "modulo": "scrapper", "metodo": "extract_csv",  "mensagem": "--> Starting creation of .csv"}
{"timestamp": "2023-02-14 17:20:46,860", "processo": "MainProcess", "thread": "MainThread","level": "INFO", "script": "scrapper.py", "modulo": "scrapper", "metodo": "extract_csv",  "mensagem": "--> Csv successfully create"}
{"timestamp": "2023-02-14 17:20:55,975", "processo": "MainProcess", "thread": "MainThread","level": "INFO", "script": "main.py", "modulo": "main", "metodo": "executorML",  "mensagem": "--> Crawler performed successfully."}
{"timestamp": "2023-02-14 17:21:01,463", "processo": "MainProcess", "thread": "MainThread","level": "INFO", "script": "scrapper.py", "modulo": "scrapper", "metodo": "next_page",  "mensagem": "Going to next page"}
{"timestamp": "2023-02-14 17:21:03,592", "processo": "MainProcess", "thread": "MainThread","level": "INFO", "script": "main.py", "modulo": "main", "metodo": "executorML",  "mensagem": "--> Crawler performed successfully."}
{"timestamp": "2023-02-14 17:21:08,636", "processo": "MainProcess", "thread": "MainThread","level": "INFO", "script": "scrapper.py", "modulo": "scrapper", "metodo": "next_page",  "mensagem": "Going to next page"}
{"timestamp": "2023-02-14 17:21:10,197", "processo": "MainProcess", "thread": "MainThread","level": "INFO", "script": "main.py", "modulo": "main", "metodo": "executorML",  "mensagem": "--> Crawler performed successfully."}
{"timestamp": "2023-02-14 17:21:15,230", "processo": "MainProcess", "thread": "MainThread","level": "INFO", "script": "scrapper.py", "modulo": "scrapper", "metodo": "next_page",  "mensagem": "Going to next page"}
{"timestamp": "2023-02-14 17:21:16,725", "processo": "MainProcess", "thread": "MainThread","level": "INFO", "script": "main.py", "modulo": "main", "metodo": "executorML",  "mensagem": "--> Crawler performed successfully."}
{"timestamp": "2023-02-14 17:21:21,797", "processo": "MainProcess", "thread": "MainThread","level": "INFO", "script": "scrapper.py", "modulo": "scrapper", "metodo": "next_page",  "mensagem": "Going to next page"}
{"timestamp": "2023-02-14 17:21:23,118", "processo": "MainProcess", "thread": "MainThread","level": "INFO", "script": "main.py", "modulo": "main", "metodo": "executorML",  "mensagem": "--> Crawler performed successfully."}
{"timestamp": "2023-02-14 17:21:30,324", "processo": "MainProcess", "thread": "MainThread","level": "INFO", "script": "scrapper.py", "modulo": "scrapper", "metodo": "next_page",  "mensagem": "Going to next page"}
{"timestamp": "2023-02-14 17:21:31,870", "processo": "MainProcess", "thread": "MainThread","level": "INFO", "script": "main.py", "modulo": "main", "metodo": "executorML",  "mensagem": "--> Crawler performed successfully."}
{"timestamp": "2023-02-14 17:21:36,973", "processo": "MainProcess", "thread": "MainThread","level": "INFO", "script": "scrapper.py", "modulo": "scrapper", "metodo": "next_page",  "mensagem": "Going to next page"}
{"timestamp": "2023-02-14 17:21:38,212", "processo": "MainProcess", "thread": "MainThread","level": "INFO", "script": "main.py", "modulo": "main", "metodo": "executorML",  "mensagem": "--> Crawler performed successfully."}
{"timestamp": "2023-02-14 17:21:43,305", "processo": "MainProcess", "thread": "MainThread","level": "INFO", "script": "scrapper.py", "modulo": "scrapper", "metodo": "next_page",  "mensagem": "Going to next page"}
{"timestamp": "2023-02-14 17:21:44,547", "processo": "MainProcess", "thread": "MainThread","level": "INFO", "script": "main.py", "modulo": "main", "metodo": "executorML",  "mensagem": "--> Crawler performed successfully."}
{"timestamp": "2023-02-14 17:21:49,651", "processo": "MainProcess", "thread": "MainThread","level": "INFO", "script": "scrapper.py", "modulo": "scrapper", "metodo": "next_page",  "mensagem": "Going to next page"}
{"timestamp": "2023-02-14 17:21:50,754", "processo": "MainProcess", "thread": "MainThread","level": "INFO", "script": "main.py", "modulo": "main", "metodo": "executorML",  "mensagem": "--> Crawler performed successfully."}
{"timestamp": "2023-02-14 17:21:55,848", "processo": "MainProcess", "thread": "MainThread","level": "INFO", "script": "scrapper.py", "modulo": "scrapper", "metodo": "next_page",  "mensagem": "Going to next page"}
{"timestamp": "2023-02-14 17:21:57,270", "processo": "MainProcess", "thread": "MainThread","level": "INFO", "script": "main.py", "modulo": "main", "metodo": "executorML",  "mensagem": "--> Crawler performed successfully."}
{"timestamp": "2023-02-14 17:22:02,365", "processo": "MainProcess", "thread": "MainThread","level": "INFO", "script": "scrapper.py", "modulo": "scrapper", "metodo": "next_page",  "mensagem": "Going to next page"}
{"timestamp": "2023-02-14 17:22:03,882", "processo": "MainProcess", "thread": "MainThread","level": "INFO", "script": "main.py", "modulo": "main", "metodo": "executorML",  "mensagem": "--> Crawler performed successfully."}
{"timestamp": "2023-02-14 17:22:08,953", "processo": "MainProcess", "thread": "MainThread","level": "INFO", "script": "scrapper.py", "modulo": "scrapper", "metodo": "next_page",  "mensagem": "Going to next page"}
{"timestamp": "2023-02-14 17:22:10,170", "processo": "MainProcess", "thread": "MainThread","level": "INFO", "script": "main.py", "modulo": "main", "metodo": "executorML",  "mensagem": "--> Crawler performed successfully."}
{"timestamp": "2023-02-14 17:22:15,252", "processo": "MainProcess", "thread": "MainThread","level": "INFO", "script": "scrapper.py", "modulo": "scrapper", "metodo": "next_page",  "mensagem": "Going to next page"}
{"timestamp": "2023-02-14 17:22:16,669", "processo": "MainProcess", "thread": "MainThread","level": "INFO", "script": "main.py", "modulo": "main", "metodo": "executorML",  "mensagem": "--> Crawler performed successfully."}
{"timestamp": "2023-02-14 17:22:21,757", "processo": "MainProcess", "thread": "MainThread","level": "INFO", "script": "scrapper.py", "modulo": "scrapper", "metodo": "next_page",  "mensagem": "Going to next page"}
{"timestamp": "2023-02-14 17:22:22,961", "processo": "MainProcess", "thread": "MainThread","level": "INFO", "script": "main.py", "modulo": "main", "metodo": "executorML",  "mensagem": "--> Crawler performed successfully."}
{"timestamp": "2023-02-14 17:22:28,036", "processo": "MainProcess", "thread": "MainThread","level": "INFO", "script": "scrapper.py", "modulo": "scrapper", "metodo": "next_page",  "mensagem": "Going to next page"}
{"timestamp": "2023-02-14 17:22:29,490", "processo": "MainProcess", "thread": "MainThread","level": "INFO", "script": "main.py", "modulo": "main", "metodo": "executorML",  "mensagem": "--> Crawler performed successfully."}
{"timestamp": "2023-02-14 17:22:34,573", "processo": "MainProcess", "thread": "MainThread","level": "INFO", "script": "scrapper.py", "modulo": "scrapper", "metodo": "next_page",  "mensagem": "Going to next page"}
{"timestamp": "2023-02-14 17:22:35,814", "processo": "MainProcess", "thread": "MainThread","level": "INFO", "script": "main.py", "modulo": "main", "metodo": "executorML",  "mensagem": "--> Crawler performed successfully."}
{"timestamp": "2023-02-14 17:22:40,890", "processo": "MainProcess", "thread": "MainThread","level": "INFO", "script": "scrapper.py", "modulo": "scrapper", "metodo": "next_page",  "mensagem": "Going to next page"}
{"timestamp": "2023-02-14 17:22:42,137", "processo": "MainProcess", "thread": "MainThread","level": "INFO", "script": "main.py", "modulo": "main", "metodo": "executorML",  "mensagem": "--> Crawler performed successfully."}
{"timestamp": "2023-02-14 17:22:47,217", "processo": "MainProcess", "thread": "MainThread","level": "INFO", "script": "scrapper.py", "modulo": "scrapper", "metodo": "next_page",  "mensagem": "Going to next page"}
{"timestamp": "2023-02-14 17:22:48,360", "processo": "MainProcess", "thread": "MainThread","level": "INFO", "script": "main.py", "modulo": "main", "metodo": "executorML",  "mensagem": "--> Crawler performed successfully."}
{"timestamp": "2023-02-14 17:22:53,440", "processo": "MainProcess", "thread": "MainThread","level": "INFO", "script": "scrapper.py", "modulo": "scrapper", "metodo": "next_page",  "mensagem": "Going to next page"}
{"timestamp": "2023-02-14 17:22:54,653", "processo": "MainProcess", "thread": "MainThread","level": "INFO", "script": "main.py", "modulo": "main", "metodo": "executorML",  "mensagem": "--> Crawler performed successfully."}
{"timestamp": "2023-02-14 17:22:59,737", "processo": "MainProcess", "thread": "MainThread","level": "INFO", "script": "scrapper.py", "modulo": "scrapper", "metodo": "next_page",  "mensagem": "Going to next page"}
{"timestamp": "2023-02-14 17:23:01,656", "processo": "MainProcess", "thread": "MainThread","level": "INFO", "script": "main.py", "modulo": "main", "metodo": "executorML",  "mensagem": "--> Crawler performed successfully."}
{"timestamp": "2023-02-14 17:23:06,743", "processo": "MainProcess", "thread": "MainThread","level": "INFO", "script": "scrapper.py", "modulo": "scrapper", "metodo": "next_page",  "mensagem": "Going to next page"}
{"timestamp": "2023-02-14 17:23:07,585", "processo": "MainProcess", "thread": "MainThread","level": "INFO", "script": "main.py", "modulo": "main", "metodo": "executorML",  "mensagem": "--> Crawler performed successfully."}
{"timestamp": "2023-02-14 17:23:12,661", "processo": "MainProcess", "thread": "MainThread","level": "INFO", "script": "scrapper.py", "modulo": "scrapper", "metodo": "next_page",  "mensagem": "Going to next page"}
{"timestamp": "2023-02-14 17:23:13,459", "processo": "MainProcess", "thread": "MainThread","level": "INFO", "script": "main.py", "modulo": "main", "metodo": "executorML",  "mensagem": "--> Crawler performed successfully."}
{"timestamp": "2023-02-14 17:23:18,524", "processo": "MainProcess", "thread": "MainThread","level": "INFO", "script": "scrapper.py", "modulo": "scrapper", "metodo": "next_page",  "mensagem": "Going to next page"}
{"timestamp": "2023-02-14 17:23:19,489", "processo": "MainProcess", "thread": "MainThread","level": "INFO", "script": "main.py", "modulo": "main", "metodo": "executorML",  "mensagem": "--> Crawler performed successfully."}
{"timestamp": "2023-02-14 17:23:24,565", "processo": "MainProcess", "thread": "MainThread","level": "INFO", "script": "scrapper.py", "modulo": "scrapper", "metodo": "next_page",  "mensagem": "Going to next page"}
{"timestamp": "2023-02-14 17:23:25,385", "processo": "MainProcess", "thread": "MainThread","level": "INFO", "script": "main.py", "modulo": "main", "metodo": "executorML",  "mensagem": "--> Crawler performed successfully."}
{"timestamp": "2023-02-14 17:23:30,492", "processo": "MainProcess", "thread": "MainThread","level": "INFO", "script": "scrapper.py", "modulo": "scrapper", "metodo": "next_page",  "mensagem": "Going to next page"}
{"timestamp": "2023-02-14 17:23:31,329", "processo": "MainProcess", "thread": "MainThread","level": "INFO", "script": "main.py", "modulo": "main", "metodo": "executorML",  "mensagem": "--> Crawler performed successfully."}
{"timestamp": "2023-02-14 17:23:36,396", "processo": "MainProcess", "thread": "MainThread","level": "INFO", "script": "scrapper.py", "modulo": "scrapper", "metodo": "next_page",  "mensagem": "Going to next page"}
{"timestamp": "2023-02-14 17:23:37,257", "processo": "MainProcess", "thread": "MainThread","level": "INFO", "script": "main.py", "modulo": "main", "metodo": "executorML",  "mensagem": "--> Crawler performed successfully."}
{"timestamp": "2023-02-14 17:23:42,315", "processo": "MainProcess", "thread": "MainThread","level": "INFO", "script": "scrapper.py", "modulo": "scrapper", "metodo": "next_page",  "mensagem": "Going to next page"}
{"timestamp": "2023-02-14 17:23:43,255", "processo": "MainProcess", "thread": "MainThread","level": "INFO", "script": "main.py", "modulo": "main", "metodo": "executorML",  "mensagem": "--> Crawler performed successfully."}
{"timestamp": "2023-02-14 17:23:48,325", "processo": "MainProcess", "thread": "MainThread","level": "INFO", "script": "scrapper.py", "modulo": "scrapper", "metodo": "next_page",  "mensagem": "Going to next page"}
{"timestamp": "2023-02-14 17:23:49,457", "processo": "MainProcess", "thread": "MainThread","level": "INFO", "script": "main.py", "modulo": "main", "metodo": "executorML",  "mensagem": "--> Crawler performed successfully."}
{"timestamp": "2023-02-14 17:23:54,536", "processo": "MainProcess", "thread": "MainThread","level": "INFO", "script": "scrapper.py", "modulo": "scrapper", "metodo": "next_page",  "mensagem": "Going to next page"}
{"timestamp": "2023-02-14 17:23:55,408", "processo": "MainProcess", "thread": "MainThread","level": "INFO", "script": "main.py", "modulo": "main", "metodo": "executorML",  "mensagem": "--> Crawler performed successfully."}
{"timestamp": "2023-02-14 17:24:00,487", "processo": "MainProcess", "thread": "MainThread","level": "INFO", "script": "scrapper.py", "modulo": "scrapper", "metodo": "next_page",  "mensagem": "Going to next page"}
{"timestamp": "2023-02-14 17:24:01,348", "processo": "MainProcess", "thread": "MainThread","level": "INFO", "script": "main.py", "modulo": "main", "metodo": "executorML",  "mensagem": "--> Crawler performed successfully."}
{"timestamp": "2023-02-14 17:24:06,409", "processo": "MainProcess", "thread": "MainThread","level": "INFO", "script": "scrapper.py", "modulo": "scrapper", "metodo": "next_page",  "mensagem": "Going to next page"}
{"timestamp": "2023-02-14 17:24:07,260", "processo": "MainProcess", "thread": "MainThread","level": "INFO", "script": "main.py", "modulo": "main", "metodo": "executorML",  "mensagem": "--> Crawler performed successfully."}
{"timestamp": "2023-02-14 17:24:12,328", "processo": "MainProcess", "thread": "MainThread","level": "INFO", "script": "scrapper.py", "modulo": "scrapper", "metodo": "next_page",  "mensagem": "Going to next page"}
{"timestamp": "2023-02-14 17:24:13,222", "processo": "MainProcess", "thread": "MainThread","level": "INFO", "script": "main.py", "modulo": "main", "metodo": "executorML",  "mensagem": "--> Crawler performed successfully."}
{"timestamp": "2023-02-14 17:24:18,278", "processo": "MainProcess", "thread": "MainThread","level": "INFO", "script": "scrapper.py", "modulo": "scrapper", "metodo": "next_page",  "mensagem": "Going to next page"}
{"timestamp": "2023-02-14 17:24:19,279", "processo": "MainProcess", "thread": "MainThread","level": "INFO", "script": "main.py", "modulo": "main", "metodo": "executorML",  "mensagem": "--> Crawler performed successfully."}
{"timestamp": "2023-02-14 17:24:24,391", "processo": "MainProcess", "thread": "MainThread","level": "INFO", "script": "scrapper.py", "modulo": "scrapper", "metodo": "next_page",  "mensagem": "Going to next page"}
{"timestamp": "2023-02-14 17:24:25,246", "processo": "MainProcess", "thread": "MainThread","level": "INFO", "script": "main.py", "modulo": "main", "metodo": "executorML",  "mensagem": "--> Crawler performed successfully."}
{"timestamp": "2023-02-14 17:24:30,342", "processo": "MainProcess", "thread": "MainThread","level": "INFO", "script": "scrapper.py", "modulo": "scrapper", "metodo": "next_page",  "mensagem": "Going to next page"}
{"timestamp": "2023-02-14 17:24:31,276", "processo": "MainProcess", "thread": "MainThread","level": "INFO", "script": "main.py", "modulo": "main", "metodo": "executorML",  "mensagem": "--> Crawler performed successfully."}
{"timestamp": "2023-02-14 17:24:36,345", "processo": "MainProcess", "thread": "MainThread","level": "INFO", "script": "scrapper.py", "modulo": "scrapper", "metodo": "next_page",  "mensagem": "Going to next page"}
{"timestamp": "2023-02-14 17:24:37,346", "processo": "MainProcess", "thread": "MainThread","level": "INFO", "script": "main.py", "modulo": "main", "metodo": "executorML",  "mensagem": "--> Crawler performed successfully."}
{"timestamp": "2023-02-14 17:24:42,414", "processo": "MainProcess", "thread": "MainThread","level": "INFO", "script": "scrapper.py", "modulo": "scrapper", "metodo": "next_page",  "mensagem": "Going to next page"}
{"timestamp": "2023-02-14 17:24:43,577", "processo": "MainProcess", "thread": "MainThread","level": "INFO", "script": "main.py", "modulo": "main", "metodo": "executorML",  "mensagem": "--> Crawler performed successfully."}
{"timestamp": "2023-02-14 17:24:48,670", "processo": "MainProcess", "thread": "MainThread","level": "INFO", "script": "scrapper.py", "modulo": "scrapper", "metodo": "next_page",  "mensagem": "Going to next page"}
{"timestamp": "2023-02-14 17:24:49,625", "processo": "MainProcess", "thread": "MainThread","level": "INFO", "script": "main.py", "modulo": "main", "metodo": "executorML",  "mensagem": "--> Crawler performed successfully."}
{"timestamp": "2023-02-14 17:24:54,688", "processo": "MainProcess", "thread": "MainThread","level": "INFO", "script": "scrapper.py", "modulo": "scrapper", "metodo": "next_page",  "mensagem": "Going to next page"}
{"timestamp": "2023-02-14 17:24:55,712", "processo": "MainProcess", "thread": "MainThread","level": "INFO", "script": "main.py", "modulo": "main", "metodo": "executorML",  "mensagem": "--> Crawler performed successfully."}
{"timestamp": "2023-02-14 17:25:00,782", "processo": "MainProcess", "thread": "MainThread","level": "INFO", "script": "scrapper.py", "modulo": "scrapper", "metodo": "next_page",  "mensagem": "Going to next page"}
{"timestamp": "2023-02-14 17:25:01,231", "processo": "MainProcess", "thread": "MainThread","level": "INFO", "script": "scrapper.py", "modulo": "scrapper", "metodo": "extract_csv",  "mensagem": "--> Starting creation of .csv"}
{"timestamp": "2023-02-14 17:25:01,258", "processo": "MainProcess", "thread": "MainThread","level": "INFO", "script": "scrapper.py", "modulo": "scrapper", "metodo": "extract_csv",  "mensagem": "--> Csv successfully create"}
{"timestamp": "2023-02-14 17:25:04,332", "processo": "MainProcess", "thread": "MainThread","level": "INFO", "script": "load_data_s3.py", "modulo": "load_data_s3", "metodo": "verify_local_file",  "mensagem": "--> Starting to scan the files and getting their path"}
{"timestamp": "2023-02-14 17:25:04,332", "processo": "MainProcess", "thread": "MainThread","level": "INFO", "script": "load_data_s3.py", "modulo": "load_data_s3", "metodo": "verify_local_file",  "mensagem": "--> paths returned successfully"}
{"timestamp": "2023-02-14 17:25:04,341", "processo": "MainProcess", "thread": "MainThread","level": "INFO", "script": "load_data_s3.py", "modulo": "load_data_s3", "metodo": "upload_to_s3",  "mensagem": "--> Starting upload to bucket"}
{"timestamp": "2023-02-14 17:25:07,780", "processo": "MainProcess", "thread": "MainThread","level": "INFO", "script": "load_data_s3.py", "modulo": "load_data_s3", "metodo": "upload_to_s3",  "mensagem": "--> Upload done successfully"}
{"timestamp": "2023-02-14 17:25:07,780", "processo": "MainProcess", "thread": "MainThread","level": "INFO", "script": "load_data_s3.py", "modulo": "load_data_s3", "metodo": "verify_local_file",  "mensagem": "--> Starting to scan the files and getting their path"}
{"timestamp": "2023-02-14 17:25:07,783", "processo": "MainProcess", "thread": "MainThread","level": "INFO", "script": "load_data_s3.py", "modulo": "load_data_s3", "metodo": "verify_local_file",  "mensagem": "--> paths returned successfully"}
{"timestamp": "2023-02-14 17:25:07,789", "processo": "MainProcess", "thread": "MainThread","level": "INFO", "script": "load_data_s3.py", "modulo": "load_data_s3", "metodo": "drop_files",  "mensagem": "DataSmartPhonesMagazineLuiza20230214.csv deleted successfully"}
{"timestamp": "2023-02-14 17:25:07,789", "processo": "MainProcess", "thread": "MainThread","level": "INFO", "script": "load_data_s3.py", "modulo": "load_data_s3", "metodo": "drop_files",  "mensagem": "DataSmartPhonesML20230214.csv deleted successfully"}
