{"timestamp": "2023-02-08 18:02:13,437", "processo": "MainProcess", "thread": "MainThread","level": "INFO", "script": "main.py", "modulo": "main", "metodo": "<module>",  "mensagem": "--->WebScrapping-RealState<---"}
{"timestamp": "2023-02-08 18:02:13,437", "processo": "MainProcess", "thread": "MainThread","level": "INFO", "script": "main.py", "modulo": "main", "metodo": "<module>",  "mensagem": "Start:2023-02-08 18:02"}
{"timestamp": "2023-02-08 18:02:13,437", "processo": "MainProcess", "thread": "MainThread","level": "INFO", "script": "main.py", "modulo": "main", "metodo": "executorzap",  "mensagem": "--> Start Porject"}
{"timestamp": "2023-02-08 18:02:26,694", "processo": "MainProcess", "thread": "MainThread","level": "INFO", "script": "scrapper.py", "modulo": "scrapper", "metodo": "accept_cookies",  "mensagem": "Accepting cookies from the page"}
{"timestamp": "2023-02-08 18:02:26,788", "processo": "MainProcess", "thread": "MainThread","level": "INFO", "script": "main.py", "modulo": "main", "metodo": "executorzap",  "mensagem": "--> Starting crawler on ZAP Imoveis pages"}
{"timestamp": "2023-02-08 18:02:26,953", "processo": "MainProcess", "thread": "MainThread","level": "INFO", "script": "main.py", "modulo": "main", "metodo": "executorzap",  "mensagem": "--> Crawler performed successfully."}
{"timestamp": "2023-02-08 18:02:32,027", "processo": "MainProcess", "thread": "MainThread","level": "INFO", "script": "scrapper.py", "modulo": "scrapper", "metodo": "next_page",  "mensagem": "Going to next page"}
{"timestamp": "2023-02-08 18:02:32,271", "processo": "MainProcess", "thread": "MainThread","level": "INFO", "script": "main.py", "modulo": "main", "metodo": "executorzap",  "mensagem": "--> Starting crawler on ZAP Imoveis pages"}
{"timestamp": "2023-02-08 18:02:32,476", "processo": "MainProcess", "thread": "MainThread","level": "INFO", "script": "main.py", "modulo": "main", "metodo": "executorzap",  "mensagem": "--> Crawler performed successfully."}
{"timestamp": "2023-02-08 18:02:37,584", "processo": "MainProcess", "thread": "MainThread","level": "INFO", "script": "scrapper.py", "modulo": "scrapper", "metodo": "next_page",  "mensagem": "Going to next page"}
{"timestamp": "2023-02-08 18:02:37,756", "processo": "MainProcess", "thread": "MainThread","level": "INFO", "script": "main.py", "modulo": "main", "metodo": "executorzap",  "mensagem": "--> Starting crawler on ZAP Imoveis pages"}
{"timestamp": "2023-02-08 18:02:37,958", "processo": "MainProcess", "thread": "MainThread","level": "INFO", "script": "main.py", "modulo": "main", "metodo": "executorzap",  "mensagem": "--> Crawler performed successfully."}
{"timestamp": "2023-02-08 18:02:43,047", "processo": "MainProcess", "thread": "MainThread","level": "INFO", "script": "scrapper.py", "modulo": "scrapper", "metodo": "next_page",  "mensagem": "Going to next page"}
{"timestamp": "2023-02-08 18:02:43,229", "processo": "MainProcess", "thread": "MainThread","level": "INFO", "script": "main.py", "modulo": "main", "metodo": "executorzap",  "mensagem": "--> Starting crawler on ZAP Imoveis pages"}
{"timestamp": "2023-02-08 18:02:43,439", "processo": "MainProcess", "thread": "MainThread","level": "INFO", "script": "main.py", "modulo": "main", "metodo": "executorzap",  "mensagem": "--> Crawler performed successfully."}
{"timestamp": "2023-02-08 18:02:48,548", "processo": "MainProcess", "thread": "MainThread","level": "INFO", "script": "scrapper.py", "modulo": "scrapper", "metodo": "next_page",  "mensagem": "Going to next page"}
{"timestamp": "2023-02-08 18:02:48,728", "processo": "MainProcess", "thread": "MainThread","level": "INFO", "script": "main.py", "modulo": "main", "metodo": "executorzap",  "mensagem": "--> Starting crawler on ZAP Imoveis pages"}
{"timestamp": "2023-02-08 18:02:48,933", "processo": "MainProcess", "thread": "MainThread","level": "INFO", "script": "main.py", "modulo": "main", "metodo": "executorzap",  "mensagem": "--> Crawler performed successfully."}
{"timestamp": "2023-02-08 18:02:54,031", "processo": "MainProcess", "thread": "MainThread","level": "INFO", "script": "scrapper.py", "modulo": "scrapper", "metodo": "next_page",  "mensagem": "Going to next page"}
{"timestamp": "2023-02-08 18:02:54,215", "processo": "MainProcess", "thread": "MainThread","level": "INFO", "script": "main.py", "modulo": "main", "metodo": "executorzap",  "mensagem": "--> Starting crawler on ZAP Imoveis pages"}
{"timestamp": "2023-02-08 18:02:54,402", "processo": "MainProcess", "thread": "MainThread","level": "INFO", "script": "main.py", "modulo": "main", "metodo": "executorzap",  "mensagem": "--> Crawler performed successfully."}
{"timestamp": "2023-02-08 18:02:59,516", "processo": "MainProcess", "thread": "MainThread","level": "INFO", "script": "scrapper.py", "modulo": "scrapper", "metodo": "next_page",  "mensagem": "Going to next page"}
{"timestamp": "2023-02-08 18:02:59,701", "processo": "MainProcess", "thread": "MainThread","level": "INFO", "script": "main.py", "modulo": "main", "metodo": "executorzap",  "mensagem": "--> Starting crawler on ZAP Imoveis pages"}
{"timestamp": "2023-02-08 18:02:59,901", "processo": "MainProcess", "thread": "MainThread","level": "INFO", "script": "main.py", "modulo": "main", "metodo": "executorzap",  "mensagem": "--> Crawler performed successfully."}
{"timestamp": "2023-02-08 18:03:05,011", "processo": "MainProcess", "thread": "MainThread","level": "INFO", "script": "scrapper.py", "modulo": "scrapper", "metodo": "next_page",  "mensagem": "Going to next page"}
{"timestamp": "2023-02-08 18:03:05,170", "processo": "MainProcess", "thread": "MainThread","level": "INFO", "script": "main.py", "modulo": "main", "metodo": "executorzap",  "mensagem": "--> Starting crawler on ZAP Imoveis pages"}
{"timestamp": "2023-02-08 18:03:05,381", "processo": "MainProcess", "thread": "MainThread","level": "INFO", "script": "main.py", "modulo": "main", "metodo": "executorzap",  "mensagem": "--> Crawler performed successfully."}
{"timestamp": "2023-02-08 18:03:10,485", "processo": "MainProcess", "thread": "MainThread","level": "INFO", "script": "scrapper.py", "modulo": "scrapper", "metodo": "next_page",  "mensagem": "Going to next page"}
{"timestamp": "2023-02-08 18:03:10,678", "processo": "MainProcess", "thread": "MainThread","level": "INFO", "script": "main.py", "modulo": "main", "metodo": "executorzap",  "mensagem": "--> Starting crawler on ZAP Imoveis pages"}
{"timestamp": "2023-02-08 18:03:10,878", "processo": "MainProcess", "thread": "MainThread","level": "INFO", "script": "main.py", "modulo": "main", "metodo": "executorzap",  "mensagem": "--> Crawler performed successfully."}
{"timestamp": "2023-02-08 18:03:16,002", "processo": "MainProcess", "thread": "MainThread","level": "INFO", "script": "scrapper.py", "modulo": "scrapper", "metodo": "next_page",  "mensagem": "Going to next page"}
{"timestamp": "2023-02-08 18:03:16,181", "processo": "MainProcess", "thread": "MainThread","level": "INFO", "script": "main.py", "modulo": "main", "metodo": "executorzap",  "mensagem": "--> Starting crawler on ZAP Imoveis pages"}
{"timestamp": "2023-02-08 18:03:16,355", "processo": "MainProcess", "thread": "MainThread","level": "INFO", "script": "main.py", "modulo": "main", "metodo": "executorzap",  "mensagem": "--> Crawler performed successfully."}
{"timestamp": "2023-02-08 18:03:21,464", "processo": "MainProcess", "thread": "MainThread","level": "INFO", "script": "scrapper.py", "modulo": "scrapper", "metodo": "next_page",  "mensagem": "Going to next page"}
{"timestamp": "2023-02-08 18:03:21,648", "processo": "MainProcess", "thread": "MainThread","level": "INFO", "script": "scrapper.py", "modulo": "scrapper", "metodo": "extract_csv",  "mensagem": "--> Starting creation of .csv"}
{"timestamp": "2023-02-08 18:03:21,677", "processo": "MainProcess", "thread": "MainThread","level": "INFO", "script": "scrapper.py", "modulo": "scrapper", "metodo": "extract_csv",  "mensagem": "--> Csv successfully create"}
