{"timestamp": "2023-02-08 17:38:08,472", "processo": "MainProcess", "thread": "MainThread","level": "INFO", "script": "main.py", "modulo": "main", "metodo": "<module>",  "mensagem": "--->WebScrapping-RealState<---"}
{"timestamp": "2023-02-08 17:38:08,472", "processo": "MainProcess", "thread": "MainThread","level": "INFO", "script": "main.py", "modulo": "main", "metodo": "<module>",  "mensagem": "Start:2023-02-08 17:38"}
{"timestamp": "2023-02-08 17:38:08,473", "processo": "MainProcess", "thread": "MainThread","level": "INFO", "script": "main.py", "modulo": "main", "metodo": "executorzap",  "mensagem": "--> Start Porject"}
{"timestamp": "2023-02-08 17:38:15,680", "processo": "MainProcess", "thread": "MainThread","level": "INFO", "script": "scrapper.py", "modulo": "scrapper", "metodo": "accept_cookies",  "mensagem": "Accepting cookies from the page"}
{"timestamp": "2023-02-08 17:38:15,748", "processo": "MainProcess", "thread": "MainThread","level": "INFO", "script": "main.py", "modulo": "main", "metodo": "executorzap",  "mensagem": "--> Starting crawler on ZAP Imoveis pages"}
{"timestamp": "2023-02-08 17:38:15,791", "processo": "MainProcess", "thread": "MainThread","level": "INFO", "script": "scrapper.py", "modulo": "scrapper", "metodo": "zapscraping",  "mensagem": "--> Crawler performed successfully."}
{"timestamp": "2023-02-08 17:38:15,795", "processo": "MainProcess", "thread": "MainThread","level": "INFO", "script": "scrapper.py", "modulo": "scrapper", "metodo": "zapscraping",  "mensagem": "--> Crawler performed successfully."}
{"timestamp": "2023-02-08 17:38:15,798", "processo": "MainProcess", "thread": "MainThread","level": "INFO", "script": "scrapper.py", "modulo": "scrapper", "metodo": "zapscraping",  "mensagem": "--> Crawler performed successfully."}
{"timestamp": "2023-02-08 17:38:15,800", "processo": "MainProcess", "thread": "MainThread","level": "INFO", "script": "scrapper.py", "modulo": "scrapper", "metodo": "zapscraping",  "mensagem": "--> Crawler performed successfully."}
{"timestamp": "2023-02-08 17:38:15,803", "processo": "MainProcess", "thread": "MainThread","level": "INFO", "script": "scrapper.py", "modulo": "scrapper", "metodo": "zapscraping",  "mensagem": "--> Crawler performed successfully."}
{"timestamp": "2023-02-08 17:38:15,805", "processo": "MainProcess", "thread": "MainThread","level": "INFO", "script": "scrapper.py", "modulo": "scrapper", "metodo": "zapscraping",  "mensagem": "--> Crawler performed successfully."}
{"timestamp": "2023-02-08 17:38:15,808", "processo": "MainProcess", "thread": "MainThread","level": "INFO", "script": "scrapper.py", "modulo": "scrapper", "metodo": "zapscraping",  "mensagem": "--> Crawler performed successfully."}
{"timestamp": "2023-02-08 17:38:15,811", "processo": "MainProcess", "thread": "MainThread","level": "INFO", "script": "scrapper.py", "modulo": "scrapper", "metodo": "zapscraping",  "mensagem": "--> Crawler performed successfully."}
{"timestamp": "2023-02-08 17:38:15,814", "processo": "MainProcess", "thread": "MainThread","level": "INFO", "script": "scrapper.py", "modulo": "scrapper", "metodo": "zapscraping",  "mensagem": "--> Crawler performed successfully."}
{"timestamp": "2023-02-08 17:38:15,815", "processo": "MainProcess", "thread": "MainThread","level": "INFO", "script": "scrapper.py", "modulo": "scrapper", "metodo": "zapscraping",  "mensagem": "--> Crawler performed successfully."}
{"timestamp": "2023-02-08 17:38:15,818", "processo": "MainProcess", "thread": "MainThread","level": "INFO", "script": "scrapper.py", "modulo": "scrapper", "metodo": "zapscraping",  "mensagem": "--> Crawler performed successfully."}
{"timestamp": "2023-02-08 17:38:15,819", "processo": "MainProcess", "thread": "MainThread","level": "INFO", "script": "scrapper.py", "modulo": "scrapper", "metodo": "zapscraping",  "mensagem": "--> Crawler performed successfully."}
{"timestamp": "2023-02-08 17:38:15,821", "processo": "MainProcess", "thread": "MainThread","level": "INFO", "script": "scrapper.py", "modulo": "scrapper", "metodo": "zapscraping",  "mensagem": "--> Crawler performed successfully."}
{"timestamp": "2023-02-08 17:38:15,823", "processo": "MainProcess", "thread": "MainThread","level": "INFO", "script": "scrapper.py", "modulo": "scrapper", "metodo": "zapscraping",  "mensagem": "--> Crawler performed successfully."}
{"timestamp": "2023-02-08 17:38:15,826", "processo": "MainProcess", "thread": "MainThread","level": "INFO", "script": "scrapper.py", "modulo": "scrapper", "metodo": "zapscraping",  "mensagem": "--> Crawler performed successfully."}
{"timestamp": "2023-02-08 17:38:15,830", "processo": "MainProcess", "thread": "MainThread","level": "INFO", "script": "scrapper.py", "modulo": "scrapper", "metodo": "zapscraping",  "mensagem": "--> Crawler performed successfully."}
{"timestamp": "2023-02-08 17:38:15,832", "processo": "MainProcess", "thread": "MainThread","level": "INFO", "script": "scrapper.py", "modulo": "scrapper", "metodo": "zapscraping",  "mensagem": "--> Crawler performed successfully."}
{"timestamp": "2023-02-08 17:38:15,836", "processo": "MainProcess", "thread": "MainThread","level": "INFO", "script": "scrapper.py", "modulo": "scrapper", "metodo": "zapscraping",  "mensagem": "--> Crawler performed successfully."}
{"timestamp": "2023-02-08 17:38:15,839", "processo": "MainProcess", "thread": "MainThread","level": "INFO", "script": "scrapper.py", "modulo": "scrapper", "metodo": "zapscraping",  "mensagem": "--> Crawler performed successfully."}
{"timestamp": "2023-02-08 17:38:15,843", "processo": "MainProcess", "thread": "MainThread","level": "INFO", "script": "scrapper.py", "modulo": "scrapper", "metodo": "zapscraping",  "mensagem": "--> Crawler performed successfully."}
{"timestamp": "2023-02-08 17:38:15,847", "processo": "MainProcess", "thread": "MainThread","level": "INFO", "script": "scrapper.py", "modulo": "scrapper", "metodo": "zapscraping",  "mensagem": "--> Crawler performed successfully."}
{"timestamp": "2023-02-08 17:38:15,853", "processo": "MainProcess", "thread": "MainThread","level": "INFO", "script": "scrapper.py", "modulo": "scrapper", "metodo": "zapscraping",  "mensagem": "--> Crawler performed successfully."}
{"timestamp": "2023-02-08 17:38:15,857", "processo": "MainProcess", "thread": "MainThread","level": "INFO", "script": "scrapper.py", "modulo": "scrapper", "metodo": "zapscraping",  "mensagem": "--> Crawler performed successfully."}
{"timestamp": "2023-02-08 17:38:15,863", "processo": "MainProcess", "thread": "MainThread","level": "INFO", "script": "scrapper.py", "modulo": "scrapper", "metodo": "zapscraping",  "mensagem": "--> Crawler performed successfully."}
{"timestamp": "2023-02-08 17:38:15,871", "processo": "MainProcess", "thread": "MainThread","level": "INFO", "script": "scrapper.py", "modulo": "scrapper", "metodo": "zapscraping",  "mensagem": "--> Crawler performed successfully."}
{"timestamp": "2023-02-08 17:38:15,880", "processo": "MainProcess", "thread": "MainThread","level": "INFO", "script": "scrapper.py", "modulo": "scrapper", "metodo": "zapscraping",  "mensagem": "--> Crawler performed successfully."}
{"timestamp": "2023-02-08 17:38:15,884", "processo": "MainProcess", "thread": "MainThread","level": "INFO", "script": "scrapper.py", "modulo": "scrapper", "metodo": "zapscraping",  "mensagem": "--> Crawler performed successfully."}
{"timestamp": "2023-02-08 17:38:15,887", "processo": "MainProcess", "thread": "MainThread","level": "INFO", "script": "scrapper.py", "modulo": "scrapper", "metodo": "zapscraping",  "mensagem": "--> Crawler performed successfully."}
{"timestamp": "2023-02-08 17:38:15,890", "processo": "MainProcess", "thread": "MainThread","level": "INFO", "script": "scrapper.py", "modulo": "scrapper", "metodo": "zapscraping",  "mensagem": "--> Crawler performed successfully."}
{"timestamp": "2023-02-08 17:38:15,891", "processo": "MainProcess", "thread": "MainThread","level": "INFO", "script": "scrapper.py", "modulo": "scrapper", "metodo": "zapscraping",  "mensagem": "--> Crawler performed successfully."}
{"timestamp": "2023-02-08 17:38:15,897", "processo": "MainProcess", "thread": "MainThread","level": "INFO", "script": "scrapper.py", "modulo": "scrapper", "metodo": "zapscraping",  "mensagem": "--> Crawler performed successfully."}
{"timestamp": "2023-02-08 17:38:15,902", "processo": "MainProcess", "thread": "MainThread","level": "INFO", "script": "scrapper.py", "modulo": "scrapper", "metodo": "zapscraping",  "mensagem": "--> Crawler performed successfully."}
{"timestamp": "2023-02-08 17:38:15,905", "processo": "MainProcess", "thread": "MainThread","level": "INFO", "script": "scrapper.py", "modulo": "scrapper", "metodo": "zapscraping",  "mensagem": "--> Crawler performed successfully."}
{"timestamp": "2023-02-08 17:38:15,907", "processo": "MainProcess", "thread": "MainThread","level": "INFO", "script": "scrapper.py", "modulo": "scrapper", "metodo": "zapscraping",  "mensagem": "--> Crawler performed successfully."}
{"timestamp": "2023-02-08 17:38:15,910", "processo": "MainProcess", "thread": "MainThread","level": "INFO", "script": "scrapper.py", "modulo": "scrapper", "metodo": "zapscraping",  "mensagem": "--> Crawler performed successfully."}
{"timestamp": "2023-02-08 17:38:15,919", "processo": "MainProcess", "thread": "MainThread","level": "INFO", "script": "scrapper.py", "modulo": "scrapper", "metodo": "zapscraping",  "mensagem": "--> Crawler performed successfully."}
{"timestamp": "2023-02-08 17:38:15,922", "processo": "MainProcess", "thread": "MainThread","level": "INFO", "script": "scrapper.py", "modulo": "scrapper", "metodo": "zapscraping",  "mensagem": "--> Crawler performed successfully."}
{"timestamp": "2023-02-08 17:38:15,926", "processo": "MainProcess", "thread": "MainThread","level": "INFO", "script": "scrapper.py", "modulo": "scrapper", "metodo": "zapscraping",  "mensagem": "--> Crawler performed successfully."}
{"timestamp": "2023-02-08 17:38:15,934", "processo": "MainProcess", "thread": "MainThread","level": "INFO", "script": "scrapper.py", "modulo": "scrapper", "metodo": "zapscraping",  "mensagem": "--> Crawler performed successfully."}
{"timestamp": "2023-02-08 17:38:15,938", "processo": "MainProcess", "thread": "MainThread","level": "INFO", "script": "scrapper.py", "modulo": "scrapper", "metodo": "zapscraping",  "mensagem": "--> Crawler performed successfully."}
{"timestamp": "2023-02-08 17:38:15,941", "processo": "MainProcess", "thread": "MainThread","level": "INFO", "script": "scrapper.py", "modulo": "scrapper", "metodo": "zapscraping",  "mensagem": "--> Crawler performed successfully."}
{"timestamp": "2023-02-08 17:38:15,945", "processo": "MainProcess", "thread": "MainThread","level": "INFO", "script": "scrapper.py", "modulo": "scrapper", "metodo": "zapscraping",  "mensagem": "--> Crawler performed successfully."}
{"timestamp": "2023-02-08 17:38:15,951", "processo": "MainProcess", "thread": "MainThread","level": "INFO", "script": "scrapper.py", "modulo": "scrapper", "metodo": "zapscraping",  "mensagem": "--> Crawler performed successfully."}
{"timestamp": "2023-02-08 17:38:15,953", "processo": "MainProcess", "thread": "MainThread","level": "INFO", "script": "scrapper.py", "modulo": "scrapper", "metodo": "zapscraping",  "mensagem": "--> Crawler performed successfully."}
{"timestamp": "2023-02-08 17:38:15,956", "processo": "MainProcess", "thread": "MainThread","level": "INFO", "script": "scrapper.py", "modulo": "scrapper", "metodo": "zapscraping",  "mensagem": "--> Crawler performed successfully."}
{"timestamp": "2023-02-08 17:38:15,959", "processo": "MainProcess", "thread": "MainThread","level": "INFO", "script": "scrapper.py", "modulo": "scrapper", "metodo": "zapscraping",  "mensagem": "--> Crawler performed successfully."}
{"timestamp": "2023-02-08 17:38:15,968", "processo": "MainProcess", "thread": "MainThread","level": "INFO", "script": "scrapper.py", "modulo": "scrapper", "metodo": "zapscraping",  "mensagem": "--> Crawler performed successfully."}
{"timestamp": "2023-02-08 17:38:15,971", "processo": "MainProcess", "thread": "MainThread","level": "INFO", "script": "scrapper.py", "modulo": "scrapper", "metodo": "zapscraping",  "mensagem": "--> Crawler performed successfully."}
{"timestamp": "2023-02-08 17:38:15,974", "processo": "MainProcess", "thread": "MainThread","level": "INFO", "script": "scrapper.py", "modulo": "scrapper", "metodo": "zapscraping",  "mensagem": "--> Crawler performed successfully."}
{"timestamp": "2023-02-08 17:38:15,977", "processo": "MainProcess", "thread": "MainThread","level": "INFO", "script": "scrapper.py", "modulo": "scrapper", "metodo": "zapscraping",  "mensagem": "--> Crawler performed successfully."}
{"timestamp": "2023-02-08 17:38:15,982", "processo": "MainProcess", "thread": "MainThread","level": "INFO", "script": "scrapper.py", "modulo": "scrapper", "metodo": "zapscraping",  "mensagem": "--> Crawler performed successfully."}
{"timestamp": "2023-02-08 17:38:15,984", "processo": "MainProcess", "thread": "MainThread","level": "INFO", "script": "scrapper.py", "modulo": "scrapper", "metodo": "zapscraping",  "mensagem": "--> Crawler performed successfully."}
{"timestamp": "2023-02-08 17:38:15,987", "processo": "MainProcess", "thread": "MainThread","level": "INFO", "script": "scrapper.py", "modulo": "scrapper", "metodo": "zapscraping",  "mensagem": "--> Crawler performed successfully."}
{"timestamp": "2023-02-08 17:38:15,989", "processo": "MainProcess", "thread": "MainThread","level": "INFO", "script": "scrapper.py", "modulo": "scrapper", "metodo": "zapscraping",  "mensagem": "--> Crawler performed successfully."}
{"timestamp": "2023-02-08 17:38:15,990", "processo": "MainProcess", "thread": "MainThread","level": "INFO", "script": "scrapper.py", "modulo": "scrapper", "metodo": "zapscraping",  "mensagem": "--> Crawler performed successfully."}
{"timestamp": "2023-02-08 17:38:15,993", "processo": "MainProcess", "thread": "MainThread","level": "INFO", "script": "scrapper.py", "modulo": "scrapper", "metodo": "zapscraping",  "mensagem": "--> Crawler performed successfully."}
{"timestamp": "2023-02-08 17:38:15,999", "processo": "MainProcess", "thread": "MainThread","level": "INFO", "script": "scrapper.py", "modulo": "scrapper", "metodo": "zapscraping",  "mensagem": "--> Crawler performed successfully."}
{"timestamp": "2023-02-08 17:38:16,002", "processo": "MainProcess", "thread": "MainThread","level": "INFO", "script": "scrapper.py", "modulo": "scrapper", "metodo": "zapscraping",  "mensagem": "--> Crawler performed successfully."}
{"timestamp": "2023-02-08 17:38:16,005", "processo": "MainProcess", "thread": "MainThread","level": "INFO", "script": "scrapper.py", "modulo": "scrapper", "metodo": "zapscraping",  "mensagem": "--> Crawler performed successfully."}
{"timestamp": "2023-02-08 17:38:16,007", "processo": "MainProcess", "thread": "MainThread","level": "INFO", "script": "scrapper.py", "modulo": "scrapper", "metodo": "zapscraping",  "mensagem": "--> Crawler performed successfully."}
{"timestamp": "2023-02-08 17:38:16,009", "processo": "MainProcess", "thread": "MainThread","level": "INFO", "script": "scrapper.py", "modulo": "scrapper", "metodo": "zapscraping",  "mensagem": "--> Crawler performed successfully."}
{"timestamp": "2023-02-08 17:38:16,017", "processo": "MainProcess", "thread": "MainThread","level": "INFO", "script": "scrapper.py", "modulo": "scrapper", "metodo": "zapscraping",  "mensagem": "--> Crawler performed successfully."}
{"timestamp": "2023-02-08 17:38:16,021", "processo": "MainProcess", "thread": "MainThread","level": "INFO", "script": "scrapper.py", "modulo": "scrapper", "metodo": "zapscraping",  "mensagem": "--> Crawler performed successfully."}
{"timestamp": "2023-02-08 17:38:16,023", "processo": "MainProcess", "thread": "MainThread","level": "INFO", "script": "scrapper.py", "modulo": "scrapper", "metodo": "zapscraping",  "mensagem": "--> Crawler performed successfully."}
{"timestamp": "2023-02-08 17:38:16,025", "processo": "MainProcess", "thread": "MainThread","level": "INFO", "script": "scrapper.py", "modulo": "scrapper", "metodo": "zapscraping",  "mensagem": "--> Crawler performed successfully."}
{"timestamp": "2023-02-08 17:38:16,029", "processo": "MainProcess", "thread": "MainThread","level": "INFO", "script": "scrapper.py", "modulo": "scrapper", "metodo": "zapscraping",  "mensagem": "--> Crawler performed successfully."}
{"timestamp": "2023-02-08 17:38:16,034", "processo": "MainProcess", "thread": "MainThread","level": "INFO", "script": "scrapper.py", "modulo": "scrapper", "metodo": "zapscraping",  "mensagem": "--> Crawler performed successfully."}
{"timestamp": "2023-02-08 17:38:16,037", "processo": "MainProcess", "thread": "MainThread","level": "INFO", "script": "scrapper.py", "modulo": "scrapper", "metodo": "zapscraping",  "mensagem": "--> Crawler performed successfully."}
{"timestamp": "2023-02-08 17:38:16,040", "processo": "MainProcess", "thread": "MainThread","level": "INFO", "script": "scrapper.py", "modulo": "scrapper", "metodo": "zapscraping",  "mensagem": "--> Crawler performed successfully."}
{"timestamp": "2023-02-08 17:38:16,042", "processo": "MainProcess", "thread": "MainThread","level": "INFO", "script": "scrapper.py", "modulo": "scrapper", "metodo": "zapscraping",  "mensagem": "--> Crawler performed successfully."}
{"timestamp": "2023-02-08 17:38:16,046", "processo": "MainProcess", "thread": "MainThread","level": "INFO", "script": "scrapper.py", "modulo": "scrapper", "metodo": "zapscraping",  "mensagem": "--> Crawler performed successfully."}
{"timestamp": "2023-02-08 17:38:16,050", "processo": "MainProcess", "thread": "MainThread","level": "INFO", "script": "scrapper.py", "modulo": "scrapper", "metodo": "zapscraping",  "mensagem": "--> Crawler performed successfully."}
{"timestamp": "2023-02-08 17:38:16,053", "processo": "MainProcess", "thread": "MainThread","level": "INFO", "script": "scrapper.py", "modulo": "scrapper", "metodo": "zapscraping",  "mensagem": "--> Crawler performed successfully."}
{"timestamp": "2023-02-08 17:38:16,057", "processo": "MainProcess", "thread": "MainThread","level": "INFO", "script": "scrapper.py", "modulo": "scrapper", "metodo": "zapscraping",  "mensagem": "--> Crawler performed successfully."}
{"timestamp": "2023-02-08 17:38:16,060", "processo": "MainProcess", "thread": "MainThread","level": "INFO", "script": "scrapper.py", "modulo": "scrapper", "metodo": "zapscraping",  "mensagem": "--> Crawler performed successfully."}
{"timestamp": "2023-02-08 17:38:16,067", "processo": "MainProcess", "thread": "MainThread","level": "INFO", "script": "scrapper.py", "modulo": "scrapper", "metodo": "zapscraping",  "mensagem": "--> Crawler performed successfully."}
{"timestamp": "2023-02-08 17:38:16,070", "processo": "MainProcess", "thread": "MainThread","level": "INFO", "script": "scrapper.py", "modulo": "scrapper", "metodo": "zapscraping",  "mensagem": "--> Crawler performed successfully."}
{"timestamp": "2023-02-08 17:38:16,073", "processo": "MainProcess", "thread": "MainThread","level": "INFO", "script": "scrapper.py", "modulo": "scrapper", "metodo": "zapscraping",  "mensagem": "--> Crawler performed successfully."}
{"timestamp": "2023-02-08 17:38:16,076", "processo": "MainProcess", "thread": "MainThread","level": "INFO", "script": "scrapper.py", "modulo": "scrapper", "metodo": "zapscraping",  "mensagem": "--> Crawler performed successfully."}
{"timestamp": "2023-02-08 17:38:16,083", "processo": "MainProcess", "thread": "MainThread","level": "INFO", "script": "scrapper.py", "modulo": "scrapper", "metodo": "zapscraping",  "mensagem": "--> Crawler performed successfully."}
{"timestamp": "2023-02-08 17:38:16,086", "processo": "MainProcess", "thread": "MainThread","level": "INFO", "script": "scrapper.py", "modulo": "scrapper", "metodo": "zapscraping",  "mensagem": "--> Crawler performed successfully."}
{"timestamp": "2023-02-08 17:38:16,088", "processo": "MainProcess", "thread": "MainThread","level": "INFO", "script": "scrapper.py", "modulo": "scrapper", "metodo": "zapscraping",  "mensagem": "--> Crawler performed successfully."}
{"timestamp": "2023-02-08 17:38:16,090", "processo": "MainProcess", "thread": "MainThread","level": "INFO", "script": "scrapper.py", "modulo": "scrapper", "metodo": "zapscraping",  "mensagem": "--> Crawler performed successfully."}
{"timestamp": "2023-02-08 17:38:16,093", "processo": "MainProcess", "thread": "MainThread","level": "INFO", "script": "scrapper.py", "modulo": "scrapper", "metodo": "zapscraping",  "mensagem": "--> Crawler performed successfully."}
{"timestamp": "2023-02-08 17:38:16,098", "processo": "MainProcess", "thread": "MainThread","level": "INFO", "script": "scrapper.py", "modulo": "scrapper", "metodo": "zapscraping",  "mensagem": "--> Crawler performed successfully."}
{"timestamp": "2023-02-08 17:38:16,100", "processo": "MainProcess", "thread": "MainThread","level": "INFO", "script": "scrapper.py", "modulo": "scrapper", "metodo": "zapscraping",  "mensagem": "--> Crawler performed successfully."}
{"timestamp": "2023-02-08 17:38:16,103", "processo": "MainProcess", "thread": "MainThread","level": "INFO", "script": "scrapper.py", "modulo": "scrapper", "metodo": "zapscraping",  "mensagem": "--> Crawler performed successfully."}
{"timestamp": "2023-02-08 17:38:16,106", "processo": "MainProcess", "thread": "MainThread","level": "INFO", "script": "scrapper.py", "modulo": "scrapper", "metodo": "zapscraping",  "mensagem": "--> Crawler performed successfully."}
{"timestamp": "2023-02-08 17:38:16,108", "processo": "MainProcess", "thread": "MainThread","level": "INFO", "script": "scrapper.py", "modulo": "scrapper", "metodo": "zapscraping",  "mensagem": "--> Crawler performed successfully."}
{"timestamp": "2023-02-08 17:38:16,113", "processo": "MainProcess", "thread": "MainThread","level": "INFO", "script": "scrapper.py", "modulo": "scrapper", "metodo": "zapscraping",  "mensagem": "--> Crawler performed successfully."}
{"timestamp": "2023-02-08 17:38:16,117", "processo": "MainProcess", "thread": "MainThread","level": "INFO", "script": "scrapper.py", "modulo": "scrapper", "metodo": "zapscraping",  "mensagem": "--> Crawler performed successfully."}
{"timestamp": "2023-02-08 17:38:16,121", "processo": "MainProcess", "thread": "MainThread","level": "INFO", "script": "scrapper.py", "modulo": "scrapper", "metodo": "zapscraping",  "mensagem": "--> Crawler performed successfully."}
{"timestamp": "2023-02-08 17:38:16,123", "processo": "MainProcess", "thread": "MainThread","level": "INFO", "script": "scrapper.py", "modulo": "scrapper", "metodo": "zapscraping",  "mensagem": "--> Crawler performed successfully."}
{"timestamp": "2023-02-08 17:38:16,125", "processo": "MainProcess", "thread": "MainThread","level": "INFO", "script": "scrapper.py", "modulo": "scrapper", "metodo": "zapscraping",  "mensagem": "--> Crawler performed successfully."}
{"timestamp": "2023-02-08 17:38:16,131", "processo": "MainProcess", "thread": "MainThread","level": "INFO", "script": "scrapper.py", "modulo": "scrapper", "metodo": "zapscraping",  "mensagem": "--> Crawler performed successfully."}
{"timestamp": "2023-02-08 17:38:16,135", "processo": "MainProcess", "thread": "MainThread","level": "INFO", "script": "scrapper.py", "modulo": "scrapper", "metodo": "zapscraping",  "mensagem": "--> Crawler performed successfully."}
{"timestamp": "2023-02-08 17:38:16,138", "processo": "MainProcess", "thread": "MainThread","level": "INFO", "script": "scrapper.py", "modulo": "scrapper", "metodo": "zapscraping",  "mensagem": "--> Crawler performed successfully."}
{"timestamp": "2023-02-08 17:38:16,141", "processo": "MainProcess", "thread": "MainThread","level": "INFO", "script": "scrapper.py", "modulo": "scrapper", "metodo": "zapscraping",  "mensagem": "--> Crawler performed successfully."}
{"timestamp": "2023-02-08 17:38:16,145", "processo": "MainProcess", "thread": "MainThread","level": "INFO", "script": "scrapper.py", "modulo": "scrapper", "metodo": "zapscraping",  "mensagem": "--> Crawler performed successfully."}
{"timestamp": "2023-02-08 17:38:16,151", "processo": "MainProcess", "thread": "MainThread","level": "INFO", "script": "scrapper.py", "modulo": "scrapper", "metodo": "zapscraping",  "mensagem": "--> Crawler performed successfully."}
{"timestamp": "2023-02-08 17:38:46,157", "processo": "MainProcess", "thread": "MainThread","level": "INFO", "script": "scrapper.py", "modulo": "scrapper", "metodo": "extract_csv",  "mensagem": "--> Starting creation of .csv"}
{"timestamp": "2023-02-08 17:38:46,182", "processo": "MainProcess", "thread": "MainThread","level": "INFO", "script": "scrapper.py", "modulo": "scrapper", "metodo": "extract_csv",  "mensagem": "--> Csv successfully create"}
