{"timestamp": "2023-02-08 17:42:30,210", "processo": "MainProcess", "thread": "MainThread","level": "INFO", "script": "main.py", "modulo": "main", "metodo": "<module>",  "mensagem": "--->WebScrapping-RealState<---"}
{"timestamp": "2023-02-08 17:42:30,210", "processo": "MainProcess", "thread": "MainThread","level": "INFO", "script": "main.py", "modulo": "main", "metodo": "<module>",  "mensagem": "Start:2023-02-08 17:42"}
{"timestamp": "2023-02-08 17:42:30,210", "processo": "MainProcess", "thread": "MainThread","level": "INFO", "script": "main.py", "modulo": "main", "metodo": "executorzap",  "mensagem": "--> Start Porject"}
{"timestamp": "2023-02-08 17:42:36,735", "processo": "MainProcess", "thread": "MainThread","level": "INFO", "script": "scrapper.py", "modulo": "scrapper", "metodo": "accept_cookies",  "mensagem": "Accepting cookies from the page"}
{"timestamp": "2023-02-08 17:42:36,796", "processo": "MainProcess", "thread": "MainThread","level": "INFO", "script": "main.py", "modulo": "main", "metodo": "executorzap",  "mensagem": "--> Starting crawler on ZAP Imoveis pages"}
{"timestamp": "2023-02-08 17:42:36,935", "processo": "MainProcess", "thread": "MainThread","level": "INFO", "script": "main.py", "modulo": "main", "metodo": "executorzap",  "mensagem": "--> Crawler performed successfully."}
{"timestamp": "2023-02-08 17:42:41,990", "processo": "MainProcess", "thread": "MainThread","level": "INFO", "script": "scrapper.py", "modulo": "scrapper", "metodo": "next_page",  "mensagem": "Going to next page"}
{"timestamp": "2023-02-08 17:42:42,221", "processo": "MainProcess", "thread": "MainThread","level": "INFO", "script": "main.py", "modulo": "main", "metodo": "executorzap",  "mensagem": "--> Starting crawler on ZAP Imoveis pages"}
{"timestamp": "2023-02-08 17:42:42,461", "processo": "MainProcess", "thread": "MainThread","level": "INFO", "script": "main.py", "modulo": "main", "metodo": "executorzap",  "mensagem": "--> Crawler performed successfully."}
{"timestamp": "2023-02-08 17:42:47,577", "processo": "MainProcess", "thread": "MainThread","level": "INFO", "script": "scrapper.py", "modulo": "scrapper", "metodo": "next_page",  "mensagem": "Going to next page"}
{"timestamp": "2023-02-08 17:42:47,750", "processo": "MainProcess", "thread": "MainThread","level": "INFO", "script": "main.py", "modulo": "main", "metodo": "executorzap",  "mensagem": "--> Starting crawler on ZAP Imoveis pages"}
{"timestamp": "2023-02-08 17:42:47,945", "processo": "MainProcess", "thread": "MainThread","level": "INFO", "script": "main.py", "modulo": "main", "metodo": "executorzap",  "mensagem": "--> Crawler performed successfully."}
{"timestamp": "2023-02-08 17:42:53,034", "processo": "MainProcess", "thread": "MainThread","level": "INFO", "script": "scrapper.py", "modulo": "scrapper", "metodo": "next_page",  "mensagem": "Going to next page"}
{"timestamp": "2023-02-08 17:42:53,203", "processo": "MainProcess", "thread": "MainThread","level": "INFO", "script": "main.py", "modulo": "main", "metodo": "executorzap",  "mensagem": "--> Starting crawler on ZAP Imoveis pages"}
{"timestamp": "2023-02-08 17:42:53,540", "processo": "MainProcess", "thread": "MainThread","level": "INFO", "script": "main.py", "modulo": "main", "metodo": "executorzap",  "mensagem": "--> Crawler performed successfully."}
{"timestamp": "2023-02-08 17:42:58,666", "processo": "MainProcess", "thread": "MainThread","level": "INFO", "script": "scrapper.py", "modulo": "scrapper", "metodo": "next_page",  "mensagem": "Going to next page"}
{"timestamp": "2023-02-08 17:42:58,852", "processo": "MainProcess", "thread": "MainThread","level": "INFO", "script": "main.py", "modulo": "main", "metodo": "executorzap",  "mensagem": "--> Starting crawler on ZAP Imoveis pages"}
{"timestamp": "2023-02-08 17:42:59,046", "processo": "MainProcess", "thread": "MainThread","level": "INFO", "script": "main.py", "modulo": "main", "metodo": "executorzap",  "mensagem": "--> Crawler performed successfully."}
{"timestamp": "2023-02-08 17:43:04,172", "processo": "MainProcess", "thread": "MainThread","level": "INFO", "script": "scrapper.py", "modulo": "scrapper", "metodo": "next_page",  "mensagem": "Going to next page"}
{"timestamp": "2023-02-08 17:43:04,343", "processo": "MainProcess", "thread": "MainThread","level": "INFO", "script": "main.py", "modulo": "main", "metodo": "executorzap",  "mensagem": "--> Starting crawler on ZAP Imoveis pages"}
{"timestamp": "2023-02-08 17:43:04,518", "processo": "MainProcess", "thread": "MainThread","level": "INFO", "script": "main.py", "modulo": "main", "metodo": "executorzap",  "mensagem": "--> Crawler performed successfully."}
{"timestamp": "2023-02-08 17:43:09,617", "processo": "MainProcess", "thread": "MainThread","level": "INFO", "script": "scrapper.py", "modulo": "scrapper", "metodo": "next_page",  "mensagem": "Going to next page"}
{"timestamp": "2023-02-08 17:43:09,824", "processo": "MainProcess", "thread": "MainThread","level": "INFO", "script": "main.py", "modulo": "main", "metodo": "executorzap",  "mensagem": "--> Starting crawler on ZAP Imoveis pages"}
{"timestamp": "2023-02-08 17:43:10,035", "processo": "MainProcess", "thread": "MainThread","level": "INFO", "script": "main.py", "modulo": "main", "metodo": "executorzap",  "mensagem": "--> Crawler performed successfully."}
{"timestamp": "2023-02-08 17:43:15,139", "processo": "MainProcess", "thread": "MainThread","level": "INFO", "script": "scrapper.py", "modulo": "scrapper", "metodo": "next_page",  "mensagem": "Going to next page"}
{"timestamp": "2023-02-08 17:43:15,312", "processo": "MainProcess", "thread": "MainThread","level": "INFO", "script": "main.py", "modulo": "main", "metodo": "executorzap",  "mensagem": "--> Starting crawler on ZAP Imoveis pages"}
{"timestamp": "2023-02-08 17:43:15,484", "processo": "MainProcess", "thread": "MainThread","level": "INFO", "script": "main.py", "modulo": "main", "metodo": "executorzap",  "mensagem": "--> Crawler performed successfully."}
{"timestamp": "2023-02-08 17:43:20,608", "processo": "MainProcess", "thread": "MainThread","level": "INFO", "script": "scrapper.py", "modulo": "scrapper", "metodo": "next_page",  "mensagem": "Going to next page"}
{"timestamp": "2023-02-08 17:43:20,780", "processo": "MainProcess", "thread": "MainThread","level": "INFO", "script": "main.py", "modulo": "main", "metodo": "executorzap",  "mensagem": "--> Starting crawler on ZAP Imoveis pages"}
{"timestamp": "2023-02-08 17:43:20,956", "processo": "MainProcess", "thread": "MainThread","level": "INFO", "script": "main.py", "modulo": "main", "metodo": "executorzap",  "mensagem": "--> Crawler performed successfully."}
{"timestamp": "2023-02-08 17:43:26,076", "processo": "MainProcess", "thread": "MainThread","level": "INFO", "script": "scrapper.py", "modulo": "scrapper", "metodo": "next_page",  "mensagem": "Going to next page"}
{"timestamp": "2023-02-08 17:43:26,258", "processo": "MainProcess", "thread": "MainThread","level": "INFO", "script": "main.py", "modulo": "main", "metodo": "executorzap",  "mensagem": "--> Starting crawler on ZAP Imoveis pages"}
{"timestamp": "2023-02-08 17:43:26,492", "processo": "MainProcess", "thread": "MainThread","level": "INFO", "script": "main.py", "modulo": "main", "metodo": "executorzap",  "mensagem": "--> Crawler performed successfully."}
{"timestamp": "2023-02-08 17:43:31,593", "processo": "MainProcess", "thread": "MainThread","level": "INFO", "script": "scrapper.py", "modulo": "scrapper", "metodo": "next_page",  "mensagem": "Going to next page"}
{"timestamp": "2023-02-08 17:43:31,776", "processo": "MainProcess", "thread": "MainThread","level": "INFO", "script": "main.py", "modulo": "main", "metodo": "executorzap",  "mensagem": "--> Starting crawler on ZAP Imoveis pages"}
{"timestamp": "2023-02-08 17:43:31,989", "processo": "MainProcess", "thread": "MainThread","level": "INFO", "script": "main.py", "modulo": "main", "metodo": "executorzap",  "mensagem": "--> Crawler performed successfully."}
{"timestamp": "2023-02-08 17:43:37,101", "processo": "MainProcess", "thread": "MainThread","level": "INFO", "script": "scrapper.py", "modulo": "scrapper", "metodo": "next_page",  "mensagem": "Going to next page"}
{"timestamp": "2023-02-08 17:43:37,282", "processo": "MainProcess", "thread": "MainThread","level": "INFO", "script": "main.py", "modulo": "main", "metodo": "executorzap",  "mensagem": "--> Starting crawler on ZAP Imoveis pages"}
{"timestamp": "2023-02-08 17:43:37,486", "processo": "MainProcess", "thread": "MainThread","level": "INFO", "script": "main.py", "modulo": "main", "metodo": "executorzap",  "mensagem": "--> Crawler performed successfully."}
{"timestamp": "2023-02-08 17:43:42,602", "processo": "MainProcess", "thread": "MainThread","level": "INFO", "script": "scrapper.py", "modulo": "scrapper", "metodo": "next_page",  "mensagem": "Going to next page"}
{"timestamp": "2023-02-08 17:43:42,788", "processo": "MainProcess", "thread": "MainThread","level": "INFO", "script": "main.py", "modulo": "main", "metodo": "executorzap",  "mensagem": "--> Starting crawler on ZAP Imoveis pages"}
{"timestamp": "2023-02-08 17:43:42,972", "processo": "MainProcess", "thread": "MainThread","level": "INFO", "script": "main.py", "modulo": "main", "metodo": "executorzap",  "mensagem": "--> Crawler performed successfully."}
{"timestamp": "2023-02-08 17:43:48,106", "processo": "MainProcess", "thread": "MainThread","level": "INFO", "script": "scrapper.py", "modulo": "scrapper", "metodo": "next_page",  "mensagem": "Going to next page"}
{"timestamp": "2023-02-08 17:43:48,291", "processo": "MainProcess", "thread": "MainThread","level": "INFO", "script": "main.py", "modulo": "main", "metodo": "executorzap",  "mensagem": "--> Starting crawler on ZAP Imoveis pages"}
{"timestamp": "2023-02-08 17:43:48,460", "processo": "MainProcess", "thread": "MainThread","level": "INFO", "script": "main.py", "modulo": "main", "metodo": "executorzap",  "mensagem": "--> Crawler performed successfully."}
{"timestamp": "2023-02-08 17:43:53,571", "processo": "MainProcess", "thread": "MainThread","level": "INFO", "script": "scrapper.py", "modulo": "scrapper", "metodo": "next_page",  "mensagem": "Going to next page"}
{"timestamp": "2023-02-08 17:43:53,765", "processo": "MainProcess", "thread": "MainThread","level": "INFO", "script": "main.py", "modulo": "main", "metodo": "executorzap",  "mensagem": "--> Starting crawler on ZAP Imoveis pages"}
{"timestamp": "2023-02-08 17:43:53,946", "processo": "MainProcess", "thread": "MainThread","level": "INFO", "script": "main.py", "modulo": "main", "metodo": "executorzap",  "mensagem": "--> Crawler performed successfully."}
{"timestamp": "2023-02-08 17:43:59,072", "processo": "MainProcess", "thread": "MainThread","level": "INFO", "script": "scrapper.py", "modulo": "scrapper", "metodo": "next_page",  "mensagem": "Going to next page"}
{"timestamp": "2023-02-08 17:43:59,254", "processo": "MainProcess", "thread": "MainThread","level": "INFO", "script": "main.py", "modulo": "main", "metodo": "executorzap",  "mensagem": "--> Starting crawler on ZAP Imoveis pages"}
{"timestamp": "2023-02-08 17:43:59,449", "processo": "MainProcess", "thread": "MainThread","level": "INFO", "script": "main.py", "modulo": "main", "metodo": "executorzap",  "mensagem": "--> Crawler performed successfully."}
{"timestamp": "2023-02-08 17:44:04,570", "processo": "MainProcess", "thread": "MainThread","level": "INFO", "script": "scrapper.py", "modulo": "scrapper", "metodo": "next_page",  "mensagem": "Going to next page"}
{"timestamp": "2023-02-08 17:44:04,772", "processo": "MainProcess", "thread": "MainThread","level": "INFO", "script": "main.py", "modulo": "main", "metodo": "executorzap",  "mensagem": "--> Starting crawler on ZAP Imoveis pages"}
{"timestamp": "2023-02-08 17:44:04,947", "processo": "MainProcess", "thread": "MainThread","level": "INFO", "script": "main.py", "modulo": "main", "metodo": "executorzap",  "mensagem": "--> Crawler performed successfully."}
{"timestamp": "2023-02-08 17:44:10,060", "processo": "MainProcess", "thread": "MainThread","level": "INFO", "script": "scrapper.py", "modulo": "scrapper", "metodo": "next_page",  "mensagem": "Going to next page"}
{"timestamp": "2023-02-08 17:44:10,256", "processo": "MainProcess", "thread": "MainThread","level": "INFO", "script": "main.py", "modulo": "main", "metodo": "executorzap",  "mensagem": "--> Starting crawler on ZAP Imoveis pages"}
{"timestamp": "2023-02-08 17:44:10,440", "processo": "MainProcess", "thread": "MainThread","level": "INFO", "script": "main.py", "modulo": "main", "metodo": "executorzap",  "mensagem": "--> Crawler performed successfully."}
{"timestamp": "2023-02-08 17:44:15,553", "processo": "MainProcess", "thread": "MainThread","level": "INFO", "script": "scrapper.py", "modulo": "scrapper", "metodo": "next_page",  "mensagem": "Going to next page"}
{"timestamp": "2023-02-08 17:44:15,731", "processo": "MainProcess", "thread": "MainThread","level": "INFO", "script": "main.py", "modulo": "main", "metodo": "executorzap",  "mensagem": "--> Starting crawler on ZAP Imoveis pages"}
{"timestamp": "2023-02-08 17:44:15,916", "processo": "MainProcess", "thread": "MainThread","level": "INFO", "script": "main.py", "modulo": "main", "metodo": "executorzap",  "mensagem": "--> Crawler performed successfully."}
{"timestamp": "2023-02-08 17:44:21,028", "processo": "MainProcess", "thread": "MainThread","level": "INFO", "script": "scrapper.py", "modulo": "scrapper", "metodo": "next_page",  "mensagem": "Going to next page"}
{"timestamp": "2023-02-08 17:44:21,227", "processo": "MainProcess", "thread": "MainThread","level": "INFO", "script": "main.py", "modulo": "main", "metodo": "executorzap",  "mensagem": "--> Starting crawler on ZAP Imoveis pages"}
{"timestamp": "2023-02-08 17:44:21,407", "processo": "MainProcess", "thread": "MainThread","level": "INFO", "script": "main.py", "modulo": "main", "metodo": "executorzap",  "mensagem": "--> Crawler performed successfully."}
{"timestamp": "2023-02-08 17:44:26,515", "processo": "MainProcess", "thread": "MainThread","level": "INFO", "script": "scrapper.py", "modulo": "scrapper", "metodo": "next_page",  "mensagem": "Going to next page"}
{"timestamp": "2023-02-08 17:44:26,713", "processo": "MainProcess", "thread": "MainThread","level": "INFO", "script": "main.py", "modulo": "main", "metodo": "executorzap",  "mensagem": "--> Starting crawler on ZAP Imoveis pages"}
{"timestamp": "2023-02-08 17:44:26,892", "processo": "MainProcess", "thread": "MainThread","level": "INFO", "script": "main.py", "modulo": "main", "metodo": "executorzap",  "mensagem": "--> Crawler performed successfully."}
{"timestamp": "2023-02-08 17:44:31,971", "processo": "MainProcess", "thread": "MainThread","level": "INFO", "script": "scrapper.py", "modulo": "scrapper", "metodo": "next_page",  "mensagem": "Going to next page"}
{"timestamp": "2023-02-08 17:44:32,187", "processo": "MainProcess", "thread": "MainThread","level": "INFO", "script": "main.py", "modulo": "main", "metodo": "executorzap",  "mensagem": "--> Starting crawler on ZAP Imoveis pages"}
{"timestamp": "2023-02-08 17:44:32,377", "processo": "MainProcess", "thread": "MainThread","level": "INFO", "script": "main.py", "modulo": "main", "metodo": "executorzap",  "mensagem": "--> Crawler performed successfully."}
{"timestamp": "2023-02-08 17:44:37,506", "processo": "MainProcess", "thread": "MainThread","level": "INFO", "script": "scrapper.py", "modulo": "scrapper", "metodo": "next_page",  "mensagem": "Going to next page"}
{"timestamp": "2023-02-08 17:44:37,698", "processo": "MainProcess", "thread": "MainThread","level": "INFO", "script": "main.py", "modulo": "main", "metodo": "executorzap",  "mensagem": "--> Starting crawler on ZAP Imoveis pages"}
{"timestamp": "2023-02-08 17:44:37,900", "processo": "MainProcess", "thread": "MainThread","level": "INFO", "script": "main.py", "modulo": "main", "metodo": "executorzap",  "mensagem": "--> Crawler performed successfully."}
{"timestamp": "2023-02-08 17:44:43,016", "processo": "MainProcess", "thread": "MainThread","level": "INFO", "script": "scrapper.py", "modulo": "scrapper", "metodo": "next_page",  "mensagem": "Going to next page"}
{"timestamp": "2023-02-08 17:44:43,198", "processo": "MainProcess", "thread": "MainThread","level": "INFO", "script": "main.py", "modulo": "main", "metodo": "executorzap",  "mensagem": "--> Starting crawler on ZAP Imoveis pages"}
{"timestamp": "2023-02-08 17:44:43,373", "processo": "MainProcess", "thread": "MainThread","level": "INFO", "script": "main.py", "modulo": "main", "metodo": "executorzap",  "mensagem": "--> Crawler performed successfully."}
{"timestamp": "2023-02-08 17:44:48,492", "processo": "MainProcess", "thread": "MainThread","level": "INFO", "script": "scrapper.py", "modulo": "scrapper", "metodo": "next_page",  "mensagem": "Going to next page"}
{"timestamp": "2023-02-08 17:44:48,684", "processo": "MainProcess", "thread": "MainThread","level": "INFO", "script": "main.py", "modulo": "main", "metodo": "executorzap",  "mensagem": "--> Starting crawler on ZAP Imoveis pages"}
{"timestamp": "2023-02-08 17:44:48,858", "processo": "MainProcess", "thread": "MainThread","level": "INFO", "script": "main.py", "modulo": "main", "metodo": "executorzap",  "mensagem": "--> Crawler performed successfully."}
{"timestamp": "2023-02-08 17:44:53,995", "processo": "MainProcess", "thread": "MainThread","level": "INFO", "script": "scrapper.py", "modulo": "scrapper", "metodo": "next_page",  "mensagem": "Going to next page"}
{"timestamp": "2023-02-08 17:44:54,172", "processo": "MainProcess", "thread": "MainThread","level": "INFO", "script": "main.py", "modulo": "main", "metodo": "executorzap",  "mensagem": "--> Starting crawler on ZAP Imoveis pages"}
{"timestamp": "2023-02-08 17:44:54,361", "processo": "MainProcess", "thread": "MainThread","level": "INFO", "script": "main.py", "modulo": "main", "metodo": "executorzap",  "mensagem": "--> Crawler performed successfully."}
{"timestamp": "2023-02-08 17:44:59,481", "processo": "MainProcess", "thread": "MainThread","level": "INFO", "script": "scrapper.py", "modulo": "scrapper", "metodo": "next_page",  "mensagem": "Going to next page"}
{"timestamp": "2023-02-08 17:44:59,682", "processo": "MainProcess", "thread": "MainThread","level": "INFO", "script": "main.py", "modulo": "main", "metodo": "executorzap",  "mensagem": "--> Starting crawler on ZAP Imoveis pages"}
{"timestamp": "2023-02-08 17:44:59,857", "processo": "MainProcess", "thread": "MainThread","level": "INFO", "script": "main.py", "modulo": "main", "metodo": "executorzap",  "mensagem": "--> Crawler performed successfully."}
{"timestamp": "2023-02-08 17:45:04,977", "processo": "MainProcess", "thread": "MainThread","level": "INFO", "script": "scrapper.py", "modulo": "scrapper", "metodo": "next_page",  "mensagem": "Going to next page"}
{"timestamp": "2023-02-08 17:45:05,171", "processo": "MainProcess", "thread": "MainThread","level": "INFO", "script": "main.py", "modulo": "main", "metodo": "executorzap",  "mensagem": "--> Starting crawler on ZAP Imoveis pages"}
{"timestamp": "2023-02-08 17:45:05,348", "processo": "MainProcess", "thread": "MainThread","level": "INFO", "script": "main.py", "modulo": "main", "metodo": "executorzap",  "mensagem": "--> Crawler performed successfully."}
{"timestamp": "2023-02-08 17:45:10,483", "processo": "MainProcess", "thread": "MainThread","level": "INFO", "script": "scrapper.py", "modulo": "scrapper", "metodo": "next_page",  "mensagem": "Going to next page"}
{"timestamp": "2023-02-08 17:45:10,670", "processo": "MainProcess", "thread": "MainThread","level": "INFO", "script": "main.py", "modulo": "main", "metodo": "executorzap",  "mensagem": "--> Starting crawler on ZAP Imoveis pages"}
{"timestamp": "2023-02-08 17:45:10,911", "processo": "MainProcess", "thread": "MainThread","level": "INFO", "script": "main.py", "modulo": "main", "metodo": "executorzap",  "mensagem": "--> Crawler performed successfully."}
{"timestamp": "2023-02-08 17:45:16,026", "processo": "MainProcess", "thread": "MainThread","level": "INFO", "script": "scrapper.py", "modulo": "scrapper", "metodo": "next_page",  "mensagem": "Going to next page"}
{"timestamp": "2023-02-08 17:45:16,210", "processo": "MainProcess", "thread": "MainThread","level": "INFO", "script": "main.py", "modulo": "main", "metodo": "executorzap",  "mensagem": "--> Starting crawler on ZAP Imoveis pages"}
{"timestamp": "2023-02-08 17:45:16,385", "processo": "MainProcess", "thread": "MainThread","level": "INFO", "script": "main.py", "modulo": "main", "metodo": "executorzap",  "mensagem": "--> Crawler performed successfully."}
{"timestamp": "2023-02-08 17:45:21,501", "processo": "MainProcess", "thread": "MainThread","level": "INFO", "script": "scrapper.py", "modulo": "scrapper", "metodo": "next_page",  "mensagem": "Going to next page"}
{"timestamp": "2023-02-08 17:45:21,703", "processo": "MainProcess", "thread": "MainThread","level": "INFO", "script": "main.py", "modulo": "main", "metodo": "executorzap",  "mensagem": "--> Starting crawler on ZAP Imoveis pages"}
{"timestamp": "2023-02-08 17:45:21,911", "processo": "MainProcess", "thread": "MainThread","level": "INFO", "script": "main.py", "modulo": "main", "metodo": "executorzap",  "mensagem": "--> Crawler performed successfully."}
{"timestamp": "2023-02-08 17:45:27,020", "processo": "MainProcess", "thread": "MainThread","level": "INFO", "script": "scrapper.py", "modulo": "scrapper", "metodo": "next_page",  "mensagem": "Going to next page"}
{"timestamp": "2023-02-08 17:45:27,202", "processo": "MainProcess", "thread": "MainThread","level": "INFO", "script": "main.py", "modulo": "main", "metodo": "executorzap",  "mensagem": "--> Starting crawler on ZAP Imoveis pages"}
{"timestamp": "2023-02-08 17:45:27,404", "processo": "MainProcess", "thread": "MainThread","level": "INFO", "script": "main.py", "modulo": "main", "metodo": "executorzap",  "mensagem": "--> Crawler performed successfully."}
{"timestamp": "2023-02-08 17:45:32,527", "processo": "MainProcess", "thread": "MainThread","level": "INFO", "script": "scrapper.py", "modulo": "scrapper", "metodo": "next_page",  "mensagem": "Going to next page"}
{"timestamp": "2023-02-08 17:45:32,725", "processo": "MainProcess", "thread": "MainThread","level": "INFO", "script": "main.py", "modulo": "main", "metodo": "executorzap",  "mensagem": "--> Starting crawler on ZAP Imoveis pages"}
{"timestamp": "2023-02-08 17:45:32,906", "processo": "MainProcess", "thread": "MainThread","level": "INFO", "script": "main.py", "modulo": "main", "metodo": "executorzap",  "mensagem": "--> Crawler performed successfully."}
{"timestamp": "2023-02-08 17:45:38,006", "processo": "MainProcess", "thread": "MainThread","level": "INFO", "script": "scrapper.py", "modulo": "scrapper", "metodo": "next_page",  "mensagem": "Going to next page"}
{"timestamp": "2023-02-08 17:45:38,189", "processo": "MainProcess", "thread": "MainThread","level": "INFO", "script": "main.py", "modulo": "main", "metodo": "executorzap",  "mensagem": "--> Starting crawler on ZAP Imoveis pages"}
{"timestamp": "2023-02-08 17:45:38,381", "processo": "MainProcess", "thread": "MainThread","level": "INFO", "script": "main.py", "modulo": "main", "metodo": "executorzap",  "mensagem": "--> Crawler performed successfully."}
{"timestamp": "2023-02-08 17:45:43,485", "processo": "MainProcess", "thread": "MainThread","level": "INFO", "script": "scrapper.py", "modulo": "scrapper", "metodo": "next_page",  "mensagem": "Going to next page"}
{"timestamp": "2023-02-08 17:45:43,677", "processo": "MainProcess", "thread": "MainThread","level": "INFO", "script": "main.py", "modulo": "main", "metodo": "executorzap",  "mensagem": "--> Starting crawler on ZAP Imoveis pages"}
{"timestamp": "2023-02-08 17:45:43,855", "processo": "MainProcess", "thread": "MainThread","level": "INFO", "script": "main.py", "modulo": "main", "metodo": "executorzap",  "mensagem": "--> Crawler performed successfully."}
{"timestamp": "2023-02-08 17:45:48,948", "processo": "MainProcess", "thread": "MainThread","level": "INFO", "script": "scrapper.py", "modulo": "scrapper", "metodo": "next_page",  "mensagem": "Going to next page"}
{"timestamp": "2023-02-08 17:45:49,144", "processo": "MainProcess", "thread": "MainThread","level": "INFO", "script": "main.py", "modulo": "main", "metodo": "executorzap",  "mensagem": "--> Starting crawler on ZAP Imoveis pages"}
{"timestamp": "2023-02-08 17:45:49,331", "processo": "MainProcess", "thread": "MainThread","level": "INFO", "script": "main.py", "modulo": "main", "metodo": "executorzap",  "mensagem": "--> Crawler performed successfully."}
{"timestamp": "2023-02-08 17:45:54,434", "processo": "MainProcess", "thread": "MainThread","level": "INFO", "script": "scrapper.py", "modulo": "scrapper", "metodo": "next_page",  "mensagem": "Going to next page"}
{"timestamp": "2023-02-08 17:45:54,671", "processo": "MainProcess", "thread": "MainThread","level": "INFO", "script": "main.py", "modulo": "main", "metodo": "executorzap",  "mensagem": "--> Starting crawler on ZAP Imoveis pages"}
{"timestamp": "2023-02-08 17:45:54,888", "processo": "MainProcess", "thread": "MainThread","level": "INFO", "script": "main.py", "modulo": "main", "metodo": "executorzap",  "mensagem": "--> Crawler performed successfully."}
{"timestamp": "2023-02-08 17:45:59,984", "processo": "MainProcess", "thread": "MainThread","level": "INFO", "script": "scrapper.py", "modulo": "scrapper", "metodo": "next_page",  "mensagem": "Going to next page"}
{"timestamp": "2023-02-08 17:46:00,199", "processo": "MainProcess", "thread": "MainThread","level": "INFO", "script": "main.py", "modulo": "main", "metodo": "executorzap",  "mensagem": "--> Starting crawler on ZAP Imoveis pages"}
{"timestamp": "2023-02-08 17:46:00,426", "processo": "MainProcess", "thread": "MainThread","level": "INFO", "script": "main.py", "modulo": "main", "metodo": "executorzap",  "mensagem": "--> Crawler performed successfully."}
{"timestamp": "2023-02-08 17:46:05,537", "processo": "MainProcess", "thread": "MainThread","level": "INFO", "script": "scrapper.py", "modulo": "scrapper", "metodo": "next_page",  "mensagem": "Going to next page"}
{"timestamp": "2023-02-08 17:46:05,745", "processo": "MainProcess", "thread": "MainThread","level": "INFO", "script": "main.py", "modulo": "main", "metodo": "executorzap",  "mensagem": "--> Starting crawler on ZAP Imoveis pages"}
{"timestamp": "2023-02-08 17:46:05,945", "processo": "MainProcess", "thread": "MainThread","level": "INFO", "script": "main.py", "modulo": "main", "metodo": "executorzap",  "mensagem": "--> Crawler performed successfully."}
{"timestamp": "2023-02-08 17:46:11,067", "processo": "MainProcess", "thread": "MainThread","level": "INFO", "script": "scrapper.py", "modulo": "scrapper", "metodo": "next_page",  "mensagem": "Going to next page"}
{"timestamp": "2023-02-08 17:46:11,270", "processo": "MainProcess", "thread": "MainThread","level": "INFO", "script": "main.py", "modulo": "main", "metodo": "executorzap",  "mensagem": "--> Starting crawler on ZAP Imoveis pages"}
{"timestamp": "2023-02-08 17:46:11,491", "processo": "MainProcess", "thread": "MainThread","level": "INFO", "script": "main.py", "modulo": "main", "metodo": "executorzap",  "mensagem": "--> Crawler performed successfully."}
{"timestamp": "2023-02-08 17:46:16,609", "processo": "MainProcess", "thread": "MainThread","level": "INFO", "script": "scrapper.py", "modulo": "scrapper", "metodo": "next_page",  "mensagem": "Going to next page"}
{"timestamp": "2023-02-08 17:46:16,784", "processo": "MainProcess", "thread": "MainThread","level": "INFO", "script": "main.py", "modulo": "main", "metodo": "executorzap",  "mensagem": "--> Starting crawler on ZAP Imoveis pages"}
{"timestamp": "2023-02-08 17:46:17,127", "processo": "MainProcess", "thread": "MainThread","level": "INFO", "script": "main.py", "modulo": "main", "metodo": "executorzap",  "mensagem": "--> Crawler performed successfully."}
{"timestamp": "2023-02-08 17:46:22,233", "processo": "MainProcess", "thread": "MainThread","level": "INFO", "script": "scrapper.py", "modulo": "scrapper", "metodo": "next_page",  "mensagem": "Going to next page"}
{"timestamp": "2023-02-08 17:46:22,449", "processo": "MainProcess", "thread": "MainThread","level": "INFO", "script": "main.py", "modulo": "main", "metodo": "executorzap",  "mensagem": "--> Starting crawler on ZAP Imoveis pages"}
{"timestamp": "2023-02-08 17:46:22,796", "processo": "MainProcess", "thread": "MainThread","level": "INFO", "script": "main.py", "modulo": "main", "metodo": "executorzap",  "mensagem": "--> Crawler performed successfully."}
{"timestamp": "2023-02-08 17:46:27,921", "processo": "MainProcess", "thread": "MainThread","level": "INFO", "script": "scrapper.py", "modulo": "scrapper", "metodo": "next_page",  "mensagem": "Going to next page"}
{"timestamp": "2023-02-08 17:46:28,156", "processo": "MainProcess", "thread": "MainThread","level": "INFO", "script": "main.py", "modulo": "main", "metodo": "executorzap",  "mensagem": "--> Starting crawler on ZAP Imoveis pages"}
{"timestamp": "2023-02-08 17:46:28,587", "processo": "MainProcess", "thread": "MainThread","level": "INFO", "script": "main.py", "modulo": "main", "metodo": "executorzap",  "mensagem": "--> Crawler performed successfully."}
{"timestamp": "2023-02-08 17:46:33,733", "processo": "MainProcess", "thread": "MainThread","level": "INFO", "script": "scrapper.py", "modulo": "scrapper", "metodo": "next_page",  "mensagem": "Going to next page"}
{"timestamp": "2023-02-08 17:46:34,009", "processo": "MainProcess", "thread": "MainThread","level": "INFO", "script": "main.py", "modulo": "main", "metodo": "executorzap",  "mensagem": "--> Starting crawler on ZAP Imoveis pages"}
{"timestamp": "2023-02-08 17:46:34,375", "processo": "MainProcess", "thread": "MainThread","level": "INFO", "script": "main.py", "modulo": "main", "metodo": "executorzap",  "mensagem": "--> Crawler performed successfully."}
{"timestamp": "2023-02-08 17:46:39,502", "processo": "MainProcess", "thread": "MainThread","level": "INFO", "script": "scrapper.py", "modulo": "scrapper", "metodo": "next_page",  "mensagem": "Going to next page"}
{"timestamp": "2023-02-08 17:46:39,927", "processo": "MainProcess", "thread": "MainThread","level": "INFO", "script": "main.py", "modulo": "main", "metodo": "executorzap",  "mensagem": "--> Starting crawler on ZAP Imoveis pages"}
{"timestamp": "2023-02-08 17:46:40,429", "processo": "MainProcess", "thread": "MainThread","level": "INFO", "script": "main.py", "modulo": "main", "metodo": "executorzap",  "mensagem": "--> Crawler performed successfully."}
{"timestamp": "2023-02-08 17:46:45,570", "processo": "MainProcess", "thread": "MainThread","level": "INFO", "script": "scrapper.py", "modulo": "scrapper", "metodo": "next_page",  "mensagem": "Going to next page"}
{"timestamp": "2023-02-08 17:46:45,768", "processo": "MainProcess", "thread": "MainThread","level": "INFO", "script": "main.py", "modulo": "main", "metodo": "executorzap",  "mensagem": "--> Starting crawler on ZAP Imoveis pages"}
{"timestamp": "2023-02-08 17:46:46,069", "processo": "MainProcess", "thread": "MainThread","level": "INFO", "script": "main.py", "modulo": "main", "metodo": "executorzap",  "mensagem": "--> Crawler performed successfully."}
{"timestamp": "2023-02-08 17:46:51,161", "processo": "MainProcess", "thread": "MainThread","level": "INFO", "script": "scrapper.py", "modulo": "scrapper", "metodo": "next_page",  "mensagem": "Going to next page"}
{"timestamp": "2023-02-08 17:46:51,373", "processo": "MainProcess", "thread": "MainThread","level": "INFO", "script": "main.py", "modulo": "main", "metodo": "executorzap",  "mensagem": "--> Starting crawler on ZAP Imoveis pages"}
{"timestamp": "2023-02-08 17:46:51,689", "processo": "MainProcess", "thread": "MainThread","level": "INFO", "script": "main.py", "modulo": "main", "metodo": "executorzap",  "mensagem": "--> Crawler performed successfully."}
{"timestamp": "2023-02-08 17:46:56,768", "processo": "MainProcess", "thread": "MainThread","level": "INFO", "script": "scrapper.py", "modulo": "scrapper", "metodo": "next_page",  "mensagem": "Going to next page"}
{"timestamp": "2023-02-08 17:46:56,964", "processo": "MainProcess", "thread": "MainThread","level": "INFO", "script": "main.py", "modulo": "main", "metodo": "executorzap",  "mensagem": "--> Starting crawler on ZAP Imoveis pages"}
{"timestamp": "2023-02-08 17:46:57,266", "processo": "MainProcess", "thread": "MainThread","level": "INFO", "script": "main.py", "modulo": "main", "metodo": "executorzap",  "mensagem": "--> Crawler performed successfully."}
{"timestamp": "2023-02-08 17:47:02,370", "processo": "MainProcess", "thread": "MainThread","level": "INFO", "script": "scrapper.py", "modulo": "scrapper", "metodo": "next_page",  "mensagem": "Going to next page"}
{"timestamp": "2023-02-08 17:47:02,556", "processo": "MainProcess", "thread": "MainThread","level": "INFO", "script": "main.py", "modulo": "main", "metodo": "executorzap",  "mensagem": "--> Starting crawler on ZAP Imoveis pages"}
{"timestamp": "2023-02-08 17:47:02,868", "processo": "MainProcess", "thread": "MainThread","level": "INFO", "script": "main.py", "modulo": "main", "metodo": "executorzap",  "mensagem": "--> Crawler performed successfully."}
{"timestamp": "2023-02-08 17:47:07,959", "processo": "MainProcess", "thread": "MainThread","level": "INFO", "script": "scrapper.py", "modulo": "scrapper", "metodo": "next_page",  "mensagem": "Going to next page"}
{"timestamp": "2023-02-08 17:47:08,268", "processo": "MainProcess", "thread": "MainThread","level": "INFO", "script": "main.py", "modulo": "main", "metodo": "executorzap",  "mensagem": "--> Starting crawler on ZAP Imoveis pages"}
{"timestamp": "2023-02-08 17:47:08,661", "processo": "MainProcess", "thread": "MainThread","level": "INFO", "script": "main.py", "modulo": "main", "metodo": "executorzap",  "mensagem": "--> Crawler performed successfully."}
{"timestamp": "2023-02-08 17:47:13,755", "processo": "MainProcess", "thread": "MainThread","level": "INFO", "script": "scrapper.py", "modulo": "scrapper", "metodo": "next_page",  "mensagem": "Going to next page"}
{"timestamp": "2023-02-08 17:47:14,070", "processo": "MainProcess", "thread": "MainThread","level": "INFO", "script": "main.py", "modulo": "main", "metodo": "executorzap",  "mensagem": "--> Starting crawler on ZAP Imoveis pages"}
{"timestamp": "2023-02-08 17:47:14,473", "processo": "MainProcess", "thread": "MainThread","level": "INFO", "script": "main.py", "modulo": "main", "metodo": "executorzap",  "mensagem": "--> Crawler performed successfully."}
{"timestamp": "2023-02-08 17:47:19,577", "processo": "MainProcess", "thread": "MainThread","level": "INFO", "script": "scrapper.py", "modulo": "scrapper", "metodo": "next_page",  "mensagem": "Going to next page"}
{"timestamp": "2023-02-08 17:47:19,824", "processo": "MainProcess", "thread": "MainThread","level": "INFO", "script": "main.py", "modulo": "main", "metodo": "executorzap",  "mensagem": "--> Starting crawler on ZAP Imoveis pages"}
{"timestamp": "2023-02-08 17:47:20,091", "processo": "MainProcess", "thread": "MainThread","level": "INFO", "script": "main.py", "modulo": "main", "metodo": "executorzap",  "mensagem": "--> Crawler performed successfully."}
{"timestamp": "2023-02-08 17:47:25,188", "processo": "MainProcess", "thread": "MainThread","level": "INFO", "script": "scrapper.py", "modulo": "scrapper", "metodo": "next_page",  "mensagem": "Going to next page"}
{"timestamp": "2023-02-08 17:47:25,377", "processo": "MainProcess", "thread": "MainThread","level": "INFO", "script": "main.py", "modulo": "main", "metodo": "executorzap",  "mensagem": "--> Starting crawler on ZAP Imoveis pages"}
{"timestamp": "2023-02-08 17:47:25,841", "processo": "MainProcess", "thread": "MainThread","level": "INFO", "script": "main.py", "modulo": "main", "metodo": "executorzap",  "mensagem": "--> Crawler performed successfully."}
{"timestamp": "2023-02-08 17:47:30,958", "processo": "MainProcess", "thread": "MainThread","level": "INFO", "script": "scrapper.py", "modulo": "scrapper", "metodo": "next_page",  "mensagem": "Going to next page"}
{"timestamp": "2023-02-08 17:47:31,174", "processo": "MainProcess", "thread": "MainThread","level": "INFO", "script": "main.py", "modulo": "main", "metodo": "executorzap",  "mensagem": "--> Starting crawler on ZAP Imoveis pages"}
{"timestamp": "2023-02-08 17:47:31,737", "processo": "MainProcess", "thread": "MainThread","level": "INFO", "script": "main.py", "modulo": "main", "metodo": "executorzap",  "mensagem": "--> Crawler performed successfully."}
{"timestamp": "2023-02-08 17:47:36,852", "processo": "MainProcess", "thread": "MainThread","level": "INFO", "script": "scrapper.py", "modulo": "scrapper", "metodo": "next_page",  "mensagem": "Going to next page"}
{"timestamp": "2023-02-08 17:47:37,075", "processo": "MainProcess", "thread": "MainThread","level": "INFO", "script": "main.py", "modulo": "main", "metodo": "executorzap",  "mensagem": "--> Starting crawler on ZAP Imoveis pages"}
{"timestamp": "2023-02-08 17:47:37,424", "processo": "MainProcess", "thread": "MainThread","level": "INFO", "script": "main.py", "modulo": "main", "metodo": "executorzap",  "mensagem": "--> Crawler performed successfully."}
{"timestamp": "2023-02-08 17:47:42,518", "processo": "MainProcess", "thread": "MainThread","level": "INFO", "script": "scrapper.py", "modulo": "scrapper", "metodo": "next_page",  "mensagem": "Going to next page"}
{"timestamp": "2023-02-08 17:47:42,697", "processo": "MainProcess", "thread": "MainThread","level": "INFO", "script": "main.py", "modulo": "main", "metodo": "executorzap",  "mensagem": "--> Starting crawler on ZAP Imoveis pages"}
{"timestamp": "2023-02-08 17:47:43,022", "processo": "MainProcess", "thread": "MainThread","level": "INFO", "script": "main.py", "modulo": "main", "metodo": "executorzap",  "mensagem": "--> Crawler performed successfully."}
{"timestamp": "2023-02-08 17:47:48,122", "processo": "MainProcess", "thread": "MainThread","level": "INFO", "script": "scrapper.py", "modulo": "scrapper", "metodo": "next_page",  "mensagem": "Going to next page"}
{"timestamp": "2023-02-08 17:47:48,310", "processo": "MainProcess", "thread": "MainThread","level": "INFO", "script": "main.py", "modulo": "main", "metodo": "executorzap",  "mensagem": "--> Starting crawler on ZAP Imoveis pages"}
{"timestamp": "2023-02-08 17:47:48,652", "processo": "MainProcess", "thread": "MainThread","level": "INFO", "script": "main.py", "modulo": "main", "metodo": "executorzap",  "mensagem": "--> Crawler performed successfully."}
{"timestamp": "2023-02-08 17:47:53,754", "processo": "MainProcess", "thread": "MainThread","level": "INFO", "script": "scrapper.py", "modulo": "scrapper", "metodo": "next_page",  "mensagem": "Going to next page"}
{"timestamp": "2023-02-08 17:47:53,959", "processo": "MainProcess", "thread": "MainThread","level": "INFO", "script": "main.py", "modulo": "main", "metodo": "executorzap",  "mensagem": "--> Starting crawler on ZAP Imoveis pages"}
{"timestamp": "2023-02-08 17:47:54,294", "processo": "MainProcess", "thread": "MainThread","level": "INFO", "script": "main.py", "modulo": "main", "metodo": "executorzap",  "mensagem": "--> Crawler performed successfully."}
{"timestamp": "2023-02-08 17:47:59,372", "processo": "MainProcess", "thread": "MainThread","level": "INFO", "script": "scrapper.py", "modulo": "scrapper", "metodo": "next_page",  "mensagem": "Going to next page"}
{"timestamp": "2023-02-08 17:47:59,619", "processo": "MainProcess", "thread": "MainThread","level": "INFO", "script": "main.py", "modulo": "main", "metodo": "executorzap",  "mensagem": "--> Starting crawler on ZAP Imoveis pages"}
{"timestamp": "2023-02-08 17:47:59,963", "processo": "MainProcess", "thread": "MainThread","level": "INFO", "script": "main.py", "modulo": "main", "metodo": "executorzap",  "mensagem": "--> Crawler performed successfully."}
{"timestamp": "2023-02-08 17:48:05,061", "processo": "MainProcess", "thread": "MainThread","level": "INFO", "script": "scrapper.py", "modulo": "scrapper", "metodo": "next_page",  "mensagem": "Going to next page"}
{"timestamp": "2023-02-08 17:48:05,265", "processo": "MainProcess", "thread": "MainThread","level": "INFO", "script": "main.py", "modulo": "main", "metodo": "executorzap",  "mensagem": "--> Starting crawler on ZAP Imoveis pages"}
{"timestamp": "2023-02-08 17:48:05,584", "processo": "MainProcess", "thread": "MainThread","level": "INFO", "script": "main.py", "modulo": "main", "metodo": "executorzap",  "mensagem": "--> Crawler performed successfully."}
{"timestamp": "2023-02-08 17:48:10,679", "processo": "MainProcess", "thread": "MainThread","level": "INFO", "script": "scrapper.py", "modulo": "scrapper", "metodo": "next_page",  "mensagem": "Going to next page"}
{"timestamp": "2023-02-08 17:48:10,899", "processo": "MainProcess", "thread": "MainThread","level": "INFO", "script": "main.py", "modulo": "main", "metodo": "executorzap",  "mensagem": "--> Starting crawler on ZAP Imoveis pages"}
{"timestamp": "2023-02-08 17:48:11,246", "processo": "MainProcess", "thread": "MainThread","level": "INFO", "script": "main.py", "modulo": "main", "metodo": "executorzap",  "mensagem": "--> Crawler performed successfully."}
{"timestamp": "2023-02-08 17:48:16,320", "processo": "MainProcess", "thread": "MainThread","level": "INFO", "script": "scrapper.py", "modulo": "scrapper", "metodo": "next_page",  "mensagem": "Going to next page"}
{"timestamp": "2023-02-08 17:48:16,517", "processo": "MainProcess", "thread": "MainThread","level": "INFO", "script": "main.py", "modulo": "main", "metodo": "executorzap",  "mensagem": "--> Starting crawler on ZAP Imoveis pages"}
{"timestamp": "2023-02-08 17:48:16,865", "processo": "MainProcess", "thread": "MainThread","level": "INFO", "script": "main.py", "modulo": "main", "metodo": "executorzap",  "mensagem": "--> Crawler performed successfully."}
{"timestamp": "2023-02-08 17:48:21,952", "processo": "MainProcess", "thread": "MainThread","level": "INFO", "script": "scrapper.py", "modulo": "scrapper", "metodo": "next_page",  "mensagem": "Going to next page"}
{"timestamp": "2023-02-08 17:48:22,146", "processo": "MainProcess", "thread": "MainThread","level": "INFO", "script": "main.py", "modulo": "main", "metodo": "executorzap",  "mensagem": "--> Starting crawler on ZAP Imoveis pages"}
{"timestamp": "2023-02-08 17:48:22,642", "processo": "MainProcess", "thread": "MainThread","level": "INFO", "script": "main.py", "modulo": "main", "metodo": "executorzap",  "mensagem": "--> Crawler performed successfully."}
{"timestamp": "2023-02-08 17:48:27,737", "processo": "MainProcess", "thread": "MainThread","level": "INFO", "script": "scrapper.py", "modulo": "scrapper", "metodo": "next_page",  "mensagem": "Going to next page"}
{"timestamp": "2023-02-08 17:48:27,914", "processo": "MainProcess", "thread": "MainThread","level": "INFO", "script": "main.py", "modulo": "main", "metodo": "executorzap",  "mensagem": "--> Starting crawler on ZAP Imoveis pages"}
{"timestamp": "2023-02-08 17:48:28,102", "processo": "MainProcess", "thread": "MainThread","level": "INFO", "script": "main.py", "modulo": "main", "metodo": "executorzap",  "mensagem": "--> Crawler performed successfully."}
{"timestamp": "2023-02-08 17:48:33,189", "processo": "MainProcess", "thread": "MainThread","level": "INFO", "script": "scrapper.py", "modulo": "scrapper", "metodo": "next_page",  "mensagem": "Going to next page"}
{"timestamp": "2023-02-08 17:48:33,399", "processo": "MainProcess", "thread": "MainThread","level": "INFO", "script": "main.py", "modulo": "main", "metodo": "executorzap",  "mensagem": "--> Starting crawler on ZAP Imoveis pages"}
{"timestamp": "2023-02-08 17:48:33,589", "processo": "MainProcess", "thread": "MainThread","level": "INFO", "script": "main.py", "modulo": "main", "metodo": "executorzap",  "mensagem": "--> Crawler performed successfully."}
{"timestamp": "2023-02-08 17:48:38,689", "processo": "MainProcess", "thread": "MainThread","level": "INFO", "script": "scrapper.py", "modulo": "scrapper", "metodo": "next_page",  "mensagem": "Going to next page"}
{"timestamp": "2023-02-08 17:48:38,878", "processo": "MainProcess", "thread": "MainThread","level": "INFO", "script": "main.py", "modulo": "main", "metodo": "executorzap",  "mensagem": "--> Starting crawler on ZAP Imoveis pages"}
{"timestamp": "2023-02-08 17:48:39,199", "processo": "MainProcess", "thread": "MainThread","level": "INFO", "script": "main.py", "modulo": "main", "metodo": "executorzap",  "mensagem": "--> Crawler performed successfully."}
{"timestamp": "2023-02-08 17:48:44,279", "processo": "MainProcess", "thread": "MainThread","level": "INFO", "script": "scrapper.py", "modulo": "scrapper", "metodo": "next_page",  "mensagem": "Going to next page"}
{"timestamp": "2023-02-08 17:48:44,476", "processo": "MainProcess", "thread": "MainThread","level": "INFO", "script": "main.py", "modulo": "main", "metodo": "executorzap",  "mensagem": "--> Starting crawler on ZAP Imoveis pages"}
{"timestamp": "2023-02-08 17:48:44,698", "processo": "MainProcess", "thread": "MainThread","level": "INFO", "script": "main.py", "modulo": "main", "metodo": "executorzap",  "mensagem": "--> Crawler performed successfully."}
{"timestamp": "2023-02-08 17:48:49,833", "processo": "MainProcess", "thread": "MainThread","level": "INFO", "script": "scrapper.py", "modulo": "scrapper", "metodo": "next_page",  "mensagem": "Going to next page"}
{"timestamp": "2023-02-08 17:48:50,021", "processo": "MainProcess", "thread": "MainThread","level": "INFO", "script": "main.py", "modulo": "main", "metodo": "executorzap",  "mensagem": "--> Starting crawler on ZAP Imoveis pages"}
{"timestamp": "2023-02-08 17:48:50,206", "processo": "MainProcess", "thread": "MainThread","level": "INFO", "script": "main.py", "modulo": "main", "metodo": "executorzap",  "mensagem": "--> Crawler performed successfully."}
{"timestamp": "2023-02-08 17:48:55,309", "processo": "MainProcess", "thread": "MainThread","level": "INFO", "script": "scrapper.py", "modulo": "scrapper", "metodo": "next_page",  "mensagem": "Going to next page"}
{"timestamp": "2023-02-08 17:48:55,517", "processo": "MainProcess", "thread": "MainThread","level": "INFO", "script": "main.py", "modulo": "main", "metodo": "executorzap",  "mensagem": "--> Starting crawler on ZAP Imoveis pages"}
{"timestamp": "2023-02-08 17:48:55,697", "processo": "MainProcess", "thread": "MainThread","level": "INFO", "script": "main.py", "modulo": "main", "metodo": "executorzap",  "mensagem": "--> Crawler performed successfully."}
{"timestamp": "2023-02-08 17:49:00,807", "processo": "MainProcess", "thread": "MainThread","level": "INFO", "script": "scrapper.py", "modulo": "scrapper", "metodo": "next_page",  "mensagem": "Going to next page"}
{"timestamp": "2023-02-08 17:49:01,011", "processo": "MainProcess", "thread": "MainThread","level": "INFO", "script": "main.py", "modulo": "main", "metodo": "executorzap",  "mensagem": "--> Starting crawler on ZAP Imoveis pages"}
{"timestamp": "2023-02-08 17:49:01,234", "processo": "MainProcess", "thread": "MainThread","level": "INFO", "script": "main.py", "modulo": "main", "metodo": "executorzap",  "mensagem": "--> Crawler performed successfully."}
{"timestamp": "2023-02-08 17:49:06,356", "processo": "MainProcess", "thread": "MainThread","level": "INFO", "script": "scrapper.py", "modulo": "scrapper", "metodo": "next_page",  "mensagem": "Going to next page"}
{"timestamp": "2023-02-08 17:49:06,550", "processo": "MainProcess", "thread": "MainThread","level": "INFO", "script": "main.py", "modulo": "main", "metodo": "executorzap",  "mensagem": "--> Starting crawler on ZAP Imoveis pages"}
{"timestamp": "2023-02-08 17:49:06,730", "processo": "MainProcess", "thread": "MainThread","level": "INFO", "script": "main.py", "modulo": "main", "metodo": "executorzap",  "mensagem": "--> Crawler performed successfully."}
{"timestamp": "2023-02-08 17:49:11,833", "processo": "MainProcess", "thread": "MainThread","level": "INFO", "script": "scrapper.py", "modulo": "scrapper", "metodo": "next_page",  "mensagem": "Going to next page"}
{"timestamp": "2023-02-08 17:49:12,031", "processo": "MainProcess", "thread": "MainThread","level": "INFO", "script": "main.py", "modulo": "main", "metodo": "executorzap",  "mensagem": "--> Starting crawler on ZAP Imoveis pages"}
{"timestamp": "2023-02-08 17:49:12,251", "processo": "MainProcess", "thread": "MainThread","level": "INFO", "script": "main.py", "modulo": "main", "metodo": "executorzap",  "mensagem": "--> Crawler performed successfully."}
{"timestamp": "2023-02-08 17:49:17,374", "processo": "MainProcess", "thread": "MainThread","level": "INFO", "script": "scrapper.py", "modulo": "scrapper", "metodo": "next_page",  "mensagem": "Going to next page"}
{"timestamp": "2023-02-08 17:49:17,561", "processo": "MainProcess", "thread": "MainThread","level": "INFO", "script": "main.py", "modulo": "main", "metodo": "executorzap",  "mensagem": "--> Starting crawler on ZAP Imoveis pages"}
{"timestamp": "2023-02-08 17:49:17,753", "processo": "MainProcess", "thread": "MainThread","level": "INFO", "script": "main.py", "modulo": "main", "metodo": "executorzap",  "mensagem": "--> Crawler performed successfully."}
{"timestamp": "2023-02-08 17:49:22,884", "processo": "MainProcess", "thread": "MainThread","level": "INFO", "script": "scrapper.py", "modulo": "scrapper", "metodo": "next_page",  "mensagem": "Going to next page"}
{"timestamp": "2023-02-08 17:49:23,094", "processo": "MainProcess", "thread": "MainThread","level": "INFO", "script": "main.py", "modulo": "main", "metodo": "executorzap",  "mensagem": "--> Starting crawler on ZAP Imoveis pages"}
{"timestamp": "2023-02-08 17:49:23,273", "processo": "MainProcess", "thread": "MainThread","level": "INFO", "script": "main.py", "modulo": "main", "metodo": "executorzap",  "mensagem": "--> Crawler performed successfully."}
{"timestamp": "2023-02-08 17:49:28,365", "processo": "MainProcess", "thread": "MainThread","level": "INFO", "script": "scrapper.py", "modulo": "scrapper", "metodo": "next_page",  "mensagem": "Going to next page"}
{"timestamp": "2023-02-08 17:49:28,561", "processo": "MainProcess", "thread": "MainThread","level": "INFO", "script": "main.py", "modulo": "main", "metodo": "executorzap",  "mensagem": "--> Starting crawler on ZAP Imoveis pages"}
{"timestamp": "2023-02-08 17:49:28,756", "processo": "MainProcess", "thread": "MainThread","level": "INFO", "script": "main.py", "modulo": "main", "metodo": "executorzap",  "mensagem": "--> Crawler performed successfully."}
{"timestamp": "2023-02-08 17:49:33,859", "processo": "MainProcess", "thread": "MainThread","level": "INFO", "script": "scrapper.py", "modulo": "scrapper", "metodo": "next_page",  "mensagem": "Going to next page"}
{"timestamp": "2023-02-08 17:49:34,044", "processo": "MainProcess", "thread": "MainThread","level": "INFO", "script": "main.py", "modulo": "main", "metodo": "executorzap",  "mensagem": "--> Starting crawler on ZAP Imoveis pages"}
{"timestamp": "2023-02-08 17:49:34,232", "processo": "MainProcess", "thread": "MainThread","level": "INFO", "script": "main.py", "modulo": "main", "metodo": "executorzap",  "mensagem": "--> Crawler performed successfully."}
{"timestamp": "2023-02-08 17:49:39,355", "processo": "MainProcess", "thread": "MainThread","level": "INFO", "script": "scrapper.py", "modulo": "scrapper", "metodo": "next_page",  "mensagem": "Going to next page"}
{"timestamp": "2023-02-08 17:49:39,549", "processo": "MainProcess", "thread": "MainThread","level": "INFO", "script": "main.py", "modulo": "main", "metodo": "executorzap",  "mensagem": "--> Starting crawler on ZAP Imoveis pages"}
{"timestamp": "2023-02-08 17:49:39,742", "processo": "MainProcess", "thread": "MainThread","level": "INFO", "script": "main.py", "modulo": "main", "metodo": "executorzap",  "mensagem": "--> Crawler performed successfully."}
{"timestamp": "2023-02-08 17:49:44,863", "processo": "MainProcess", "thread": "MainThread","level": "INFO", "script": "scrapper.py", "modulo": "scrapper", "metodo": "next_page",  "mensagem": "Going to next page"}
{"timestamp": "2023-02-08 17:49:45,044", "processo": "MainProcess", "thread": "MainThread","level": "INFO", "script": "main.py", "modulo": "main", "metodo": "executorzap",  "mensagem": "--> Starting crawler on ZAP Imoveis pages"}
{"timestamp": "2023-02-08 17:49:45,238", "processo": "MainProcess", "thread": "MainThread","level": "INFO", "script": "main.py", "modulo": "main", "metodo": "executorzap",  "mensagem": "--> Crawler performed successfully."}
{"timestamp": "2023-02-08 17:49:50,366", "processo": "MainProcess", "thread": "MainThread","level": "INFO", "script": "scrapper.py", "modulo": "scrapper", "metodo": "next_page",  "mensagem": "Going to next page"}
{"timestamp": "2023-02-08 17:49:50,560", "processo": "MainProcess", "thread": "MainThread","level": "INFO", "script": "main.py", "modulo": "main", "metodo": "executorzap",  "mensagem": "--> Starting crawler on ZAP Imoveis pages"}
{"timestamp": "2023-02-08 17:49:50,767", "processo": "MainProcess", "thread": "MainThread","level": "INFO", "script": "main.py", "modulo": "main", "metodo": "executorzap",  "mensagem": "--> Crawler performed successfully."}
{"timestamp": "2023-02-08 17:49:55,874", "processo": "MainProcess", "thread": "MainThread","level": "INFO", "script": "scrapper.py", "modulo": "scrapper", "metodo": "next_page",  "mensagem": "Going to next page"}
{"timestamp": "2023-02-08 17:49:56,078", "processo": "MainProcess", "thread": "MainThread","level": "INFO", "script": "main.py", "modulo": "main", "metodo": "executorzap",  "mensagem": "--> Starting crawler on ZAP Imoveis pages"}
{"timestamp": "2023-02-08 17:49:56,282", "processo": "MainProcess", "thread": "MainThread","level": "INFO", "script": "main.py", "modulo": "main", "metodo": "executorzap",  "mensagem": "--> Crawler performed successfully."}
{"timestamp": "2023-02-08 17:50:01,411", "processo": "MainProcess", "thread": "MainThread","level": "INFO", "script": "scrapper.py", "modulo": "scrapper", "metodo": "next_page",  "mensagem": "Going to next page"}
{"timestamp": "2023-02-08 17:50:01,600", "processo": "MainProcess", "thread": "MainThread","level": "INFO", "script": "main.py", "modulo": "main", "metodo": "executorzap",  "mensagem": "--> Starting crawler on ZAP Imoveis pages"}
{"timestamp": "2023-02-08 17:50:01,809", "processo": "MainProcess", "thread": "MainThread","level": "INFO", "script": "main.py", "modulo": "main", "metodo": "executorzap",  "mensagem": "--> Crawler performed successfully."}
{"timestamp": "2023-02-08 17:50:06,934", "processo": "MainProcess", "thread": "MainThread","level": "INFO", "script": "scrapper.py", "modulo": "scrapper", "metodo": "next_page",  "mensagem": "Going to next page"}
{"timestamp": "2023-02-08 17:50:07,122", "processo": "MainProcess", "thread": "MainThread","level": "INFO", "script": "main.py", "modulo": "main", "metodo": "executorzap",  "mensagem": "--> Starting crawler on ZAP Imoveis pages"}
{"timestamp": "2023-02-08 17:50:07,316", "processo": "MainProcess", "thread": "MainThread","level": "INFO", "script": "main.py", "modulo": "main", "metodo": "executorzap",  "mensagem": "--> Crawler performed successfully."}
{"timestamp": "2023-02-08 17:50:12,460", "processo": "MainProcess", "thread": "MainThread","level": "INFO", "script": "scrapper.py", "modulo": "scrapper", "metodo": "next_page",  "mensagem": "Going to next page"}
{"timestamp": "2023-02-08 17:50:12,657", "processo": "MainProcess", "thread": "MainThread","level": "INFO", "script": "main.py", "modulo": "main", "metodo": "executorzap",  "mensagem": "--> Starting crawler on ZAP Imoveis pages"}
{"timestamp": "2023-02-08 17:50:12,855", "processo": "MainProcess", "thread": "MainThread","level": "INFO", "script": "main.py", "modulo": "main", "metodo": "executorzap",  "mensagem": "--> Crawler performed successfully."}
{"timestamp": "2023-02-08 17:50:17,990", "processo": "MainProcess", "thread": "MainThread","level": "INFO", "script": "scrapper.py", "modulo": "scrapper", "metodo": "next_page",  "mensagem": "Going to next page"}
{"timestamp": "2023-02-08 17:50:18,227", "processo": "MainProcess", "thread": "MainThread","level": "INFO", "script": "main.py", "modulo": "main", "metodo": "executorzap",  "mensagem": "--> Starting crawler on ZAP Imoveis pages"}
{"timestamp": "2023-02-08 17:50:18,464", "processo": "MainProcess", "thread": "MainThread","level": "INFO", "script": "main.py", "modulo": "main", "metodo": "executorzap",  "mensagem": "--> Crawler performed successfully."}
{"timestamp": "2023-02-08 17:50:23,578", "processo": "MainProcess", "thread": "MainThread","level": "INFO", "script": "scrapper.py", "modulo": "scrapper", "metodo": "next_page",  "mensagem": "Going to next page"}
{"timestamp": "2023-02-08 17:50:23,771", "processo": "MainProcess", "thread": "MainThread","level": "INFO", "script": "main.py", "modulo": "main", "metodo": "executorzap",  "mensagem": "--> Starting crawler on ZAP Imoveis pages"}
{"timestamp": "2023-02-08 17:50:23,975", "processo": "MainProcess", "thread": "MainThread","level": "INFO", "script": "main.py", "modulo": "main", "metodo": "executorzap",  "mensagem": "--> Crawler performed successfully."}
{"timestamp": "2023-02-08 17:50:29,076", "processo": "MainProcess", "thread": "MainThread","level": "INFO", "script": "scrapper.py", "modulo": "scrapper", "metodo": "next_page",  "mensagem": "Going to next page"}
{"timestamp": "2023-02-08 17:50:29,262", "processo": "MainProcess", "thread": "MainThread","level": "INFO", "script": "main.py", "modulo": "main", "metodo": "executorzap",  "mensagem": "--> Starting crawler on ZAP Imoveis pages"}
{"timestamp": "2023-02-08 17:50:29,456", "processo": "MainProcess", "thread": "MainThread","level": "INFO", "script": "main.py", "modulo": "main", "metodo": "executorzap",  "mensagem": "--> Crawler performed successfully."}
{"timestamp": "2023-02-08 17:50:34,593", "processo": "MainProcess", "thread": "MainThread","level": "INFO", "script": "scrapper.py", "modulo": "scrapper", "metodo": "next_page",  "mensagem": "Going to next page"}
{"timestamp": "2023-02-08 17:50:34,788", "processo": "MainProcess", "thread": "MainThread","level": "INFO", "script": "main.py", "modulo": "main", "metodo": "executorzap",  "mensagem": "--> Starting crawler on ZAP Imoveis pages"}
{"timestamp": "2023-02-08 17:50:34,989", "processo": "MainProcess", "thread": "MainThread","level": "INFO", "script": "main.py", "modulo": "main", "metodo": "executorzap",  "mensagem": "--> Crawler performed successfully."}
{"timestamp": "2023-02-08 17:50:40,108", "processo": "MainProcess", "thread": "MainThread","level": "INFO", "script": "scrapper.py", "modulo": "scrapper", "metodo": "next_page",  "mensagem": "Going to next page"}
{"timestamp": "2023-02-08 17:50:40,297", "processo": "MainProcess", "thread": "MainThread","level": "INFO", "script": "main.py", "modulo": "main", "metodo": "executorzap",  "mensagem": "--> Starting crawler on ZAP Imoveis pages"}
{"timestamp": "2023-02-08 17:50:40,494", "processo": "MainProcess", "thread": "MainThread","level": "INFO", "script": "main.py", "modulo": "main", "metodo": "executorzap",  "mensagem": "--> Crawler performed successfully."}
{"timestamp": "2023-02-08 17:50:45,624", "processo": "MainProcess", "thread": "MainThread","level": "INFO", "script": "scrapper.py", "modulo": "scrapper", "metodo": "next_page",  "mensagem": "Going to next page"}
{"timestamp": "2023-02-08 17:50:45,817", "processo": "MainProcess", "thread": "MainThread","level": "INFO", "script": "main.py", "modulo": "main", "metodo": "executorzap",  "mensagem": "--> Starting crawler on ZAP Imoveis pages"}
{"timestamp": "2023-02-08 17:50:46,029", "processo": "MainProcess", "thread": "MainThread","level": "INFO", "script": "main.py", "modulo": "main", "metodo": "executorzap",  "mensagem": "--> Crawler performed successfully."}
{"timestamp": "2023-02-08 17:50:51,159", "processo": "MainProcess", "thread": "MainThread","level": "INFO", "script": "scrapper.py", "modulo": "scrapper", "metodo": "next_page",  "mensagem": "Going to next page"}
{"timestamp": "2023-02-08 17:50:51,337", "processo": "MainProcess", "thread": "MainThread","level": "INFO", "script": "main.py", "modulo": "main", "metodo": "executorzap",  "mensagem": "--> Starting crawler on ZAP Imoveis pages"}
{"timestamp": "2023-02-08 17:50:51,551", "processo": "MainProcess", "thread": "MainThread","level": "INFO", "script": "main.py", "modulo": "main", "metodo": "executorzap",  "mensagem": "--> Crawler performed successfully."}
{"timestamp": "2023-02-08 17:50:56,662", "processo": "MainProcess", "thread": "MainThread","level": "INFO", "script": "scrapper.py", "modulo": "scrapper", "metodo": "next_page",  "mensagem": "Going to next page"}
{"timestamp": "2023-02-08 17:50:56,842", "processo": "MainProcess", "thread": "MainThread","level": "INFO", "script": "main.py", "modulo": "main", "metodo": "executorzap",  "mensagem": "--> Starting crawler on ZAP Imoveis pages"}
{"timestamp": "2023-02-08 17:50:57,023", "processo": "MainProcess", "thread": "MainThread","level": "INFO", "script": "main.py", "modulo": "main", "metodo": "executorzap",  "mensagem": "--> Crawler performed successfully."}
{"timestamp": "2023-02-08 17:51:02,133", "processo": "MainProcess", "thread": "MainThread","level": "INFO", "script": "scrapper.py", "modulo": "scrapper", "metodo": "next_page",  "mensagem": "Going to next page"}
{"timestamp": "2023-02-08 17:51:02,327", "processo": "MainProcess", "thread": "MainThread","level": "INFO", "script": "main.py", "modulo": "main", "metodo": "executorzap",  "mensagem": "--> Starting crawler on ZAP Imoveis pages"}
{"timestamp": "2023-02-08 17:51:02,511", "processo": "MainProcess", "thread": "MainThread","level": "INFO", "script": "main.py", "modulo": "main", "metodo": "executorzap",  "mensagem": "--> Crawler performed successfully."}
{"timestamp": "2023-02-08 17:51:07,648", "processo": "MainProcess", "thread": "MainThread","level": "INFO", "script": "scrapper.py", "modulo": "scrapper", "metodo": "next_page",  "mensagem": "Going to next page"}
{"timestamp": "2023-02-08 17:51:07,844", "processo": "MainProcess", "thread": "MainThread","level": "INFO", "script": "main.py", "modulo": "main", "metodo": "executorzap",  "mensagem": "--> Starting crawler on ZAP Imoveis pages"}
{"timestamp": "2023-02-08 17:51:08,032", "processo": "MainProcess", "thread": "MainThread","level": "INFO", "script": "main.py", "modulo": "main", "metodo": "executorzap",  "mensagem": "--> Crawler performed successfully."}
{"timestamp": "2023-02-08 17:51:13,136", "processo": "MainProcess", "thread": "MainThread","level": "INFO", "script": "scrapper.py", "modulo": "scrapper", "metodo": "next_page",  "mensagem": "Going to next page"}
{"timestamp": "2023-02-08 17:51:13,347", "processo": "MainProcess", "thread": "MainThread","level": "INFO", "script": "main.py", "modulo": "main", "metodo": "executorzap",  "mensagem": "--> Starting crawler on ZAP Imoveis pages"}
{"timestamp": "2023-02-08 17:51:13,587", "processo": "MainProcess", "thread": "MainThread","level": "INFO", "script": "main.py", "modulo": "main", "metodo": "executorzap",  "mensagem": "--> Crawler performed successfully."}
{"timestamp": "2023-02-08 17:51:18,703", "processo": "MainProcess", "thread": "MainThread","level": "INFO", "script": "scrapper.py", "modulo": "scrapper", "metodo": "next_page",  "mensagem": "Going to next page"}
{"timestamp": "2023-02-08 17:51:18,896", "processo": "MainProcess", "thread": "MainThread","level": "INFO", "script": "main.py", "modulo": "main", "metodo": "executorzap",  "mensagem": "--> Starting crawler on ZAP Imoveis pages"}
{"timestamp": "2023-02-08 17:51:19,086", "processo": "MainProcess", "thread": "MainThread","level": "INFO", "script": "main.py", "modulo": "main", "metodo": "executorzap",  "mensagem": "--> Crawler performed successfully."}
{"timestamp": "2023-02-08 17:51:24,199", "processo": "MainProcess", "thread": "MainThread","level": "INFO", "script": "scrapper.py", "modulo": "scrapper", "metodo": "next_page",  "mensagem": "Going to next page"}
{"timestamp": "2023-02-08 17:51:24,394", "processo": "MainProcess", "thread": "MainThread","level": "INFO", "script": "main.py", "modulo": "main", "metodo": "executorzap",  "mensagem": "--> Starting crawler on ZAP Imoveis pages"}
{"timestamp": "2023-02-08 17:51:24,592", "processo": "MainProcess", "thread": "MainThread","level": "INFO", "script": "main.py", "modulo": "main", "metodo": "executorzap",  "mensagem": "--> Crawler performed successfully."}
{"timestamp": "2023-02-08 17:51:29,712", "processo": "MainProcess", "thread": "MainThread","level": "INFO", "script": "scrapper.py", "modulo": "scrapper", "metodo": "next_page",  "mensagem": "Going to next page"}
{"timestamp": "2023-02-08 17:51:29,902", "processo": "MainProcess", "thread": "MainThread","level": "INFO", "script": "main.py", "modulo": "main", "metodo": "executorzap",  "mensagem": "--> Starting crawler on ZAP Imoveis pages"}
{"timestamp": "2023-02-08 17:51:30,108", "processo": "MainProcess", "thread": "MainThread","level": "INFO", "script": "main.py", "modulo": "main", "metodo": "executorzap",  "mensagem": "--> Crawler performed successfully."}
{"timestamp": "2023-02-08 17:51:35,237", "processo": "MainProcess", "thread": "MainThread","level": "INFO", "script": "scrapper.py", "modulo": "scrapper", "metodo": "next_page",  "mensagem": "Going to next page"}
{"timestamp": "2023-02-08 17:51:35,424", "processo": "MainProcess", "thread": "MainThread","level": "INFO", "script": "main.py", "modulo": "main", "metodo": "executorzap",  "mensagem": "--> Starting crawler on ZAP Imoveis pages"}
{"timestamp": "2023-02-08 17:51:35,625", "processo": "MainProcess", "thread": "MainThread","level": "INFO", "script": "main.py", "modulo": "main", "metodo": "executorzap",  "mensagem": "--> Crawler performed successfully."}
{"timestamp": "2023-02-08 17:51:40,760", "processo": "MainProcess", "thread": "MainThread","level": "INFO", "script": "scrapper.py", "modulo": "scrapper", "metodo": "next_page",  "mensagem": "Going to next page"}
{"timestamp": "2023-02-08 17:51:40,952", "processo": "MainProcess", "thread": "MainThread","level": "INFO", "script": "main.py", "modulo": "main", "metodo": "executorzap",  "mensagem": "--> Starting crawler on ZAP Imoveis pages"}
{"timestamp": "2023-02-08 17:51:41,144", "processo": "MainProcess", "thread": "MainThread","level": "INFO", "script": "main.py", "modulo": "main", "metodo": "executorzap",  "mensagem": "--> Crawler performed successfully."}
{"timestamp": "2023-02-08 17:51:46,273", "processo": "MainProcess", "thread": "MainThread","level": "INFO", "script": "scrapper.py", "modulo": "scrapper", "metodo": "next_page",  "mensagem": "Going to next page"}
{"timestamp": "2023-02-08 17:51:46,466", "processo": "MainProcess", "thread": "MainThread","level": "INFO", "script": "main.py", "modulo": "main", "metodo": "executorzap",  "mensagem": "--> Starting crawler on ZAP Imoveis pages"}
{"timestamp": "2023-02-08 17:51:46,678", "processo": "MainProcess", "thread": "MainThread","level": "INFO", "script": "main.py", "modulo": "main", "metodo": "executorzap",  "mensagem": "--> Crawler performed successfully."}
{"timestamp": "2023-02-08 17:51:51,803", "processo": "MainProcess", "thread": "MainThread","level": "INFO", "script": "scrapper.py", "modulo": "scrapper", "metodo": "next_page",  "mensagem": "Going to next page"}
{"timestamp": "2023-02-08 17:51:51,993", "processo": "MainProcess", "thread": "MainThread","level": "INFO", "script": "main.py", "modulo": "main", "metodo": "executorzap",  "mensagem": "--> Starting crawler on ZAP Imoveis pages"}
{"timestamp": "2023-02-08 17:51:52,167", "processo": "MainProcess", "thread": "MainThread","level": "INFO", "script": "main.py", "modulo": "main", "metodo": "executorzap",  "mensagem": "--> Crawler performed successfully."}
{"timestamp": "2023-02-08 17:52:07,565", "processo": "MainProcess", "thread": "MainThread","level": "WARNING", "script": "scrapper.py", "modulo": "scrapper", "metodo": "next_page",  "mensagem": "End of scraping, next button not found."}
{"timestamp": "2023-02-08 17:52:10,685", "processo": "MainProcess", "thread": "MainThread","level": "INFO", "script": "main.py", "modulo": "main", "metodo": "executorzap",  "mensagem": "--> Starting crawler on ZAP Imoveis pages"}
{"timestamp": "2023-02-08 17:52:10,841", "processo": "MainProcess", "thread": "MainThread","level": "INFO", "script": "main.py", "modulo": "main", "metodo": "executorzap",  "mensagem": "--> Crawler performed successfully."}
{"timestamp": "2023-02-08 17:52:27,006", "processo": "MainProcess", "thread": "MainThread","level": "WARNING", "script": "scrapper.py", "modulo": "scrapper", "metodo": "next_page",  "mensagem": "End of scraping, next button not found."}
{"timestamp": "2023-02-08 17:52:47,213", "processo": "MainProcess", "thread": "MainThread","level": "INFO", "script": "main.py", "modulo": "main", "metodo": "executorzap",  "mensagem": "--> Starting crawler on ZAP Imoveis pages"}
{"timestamp": "2023-02-08 17:52:47,369", "processo": "MainProcess", "thread": "MainThread","level": "INFO", "script": "main.py", "modulo": "main", "metodo": "executorzap",  "mensagem": "--> Crawler performed successfully."}
{"timestamp": "2023-02-08 17:53:03,532", "processo": "MainProcess", "thread": "MainThread","level": "WARNING", "script": "scrapper.py", "modulo": "scrapper", "metodo": "next_page",  "mensagem": "End of scraping, next button not found."}
{"timestamp": "2023-02-08 17:53:23,677", "processo": "MainProcess", "thread": "MainThread","level": "INFO", "script": "main.py", "modulo": "main", "metodo": "executorzap",  "mensagem": "--> Starting crawler on ZAP Imoveis pages"}
{"timestamp": "2023-02-08 17:53:23,802", "processo": "MainProcess", "thread": "MainThread","level": "INFO", "script": "main.py", "modulo": "main", "metodo": "executorzap",  "mensagem": "--> Crawler performed successfully."}
{"timestamp": "2023-02-08 17:53:39,929", "processo": "MainProcess", "thread": "MainThread","level": "WARNING", "script": "scrapper.py", "modulo": "scrapper", "metodo": "next_page",  "mensagem": "End of scraping, next button not found."}
{"timestamp": "2023-02-08 17:54:00,094", "processo": "MainProcess", "thread": "MainThread","level": "INFO", "script": "main.py", "modulo": "main", "metodo": "executorzap",  "mensagem": "--> Starting crawler on ZAP Imoveis pages"}
{"timestamp": "2023-02-08 17:54:00,234", "processo": "MainProcess", "thread": "MainThread","level": "INFO", "script": "main.py", "modulo": "main", "metodo": "executorzap",  "mensagem": "--> Crawler performed successfully."}
{"timestamp": "2023-02-08 17:54:16,372", "processo": "MainProcess", "thread": "MainThread","level": "WARNING", "script": "scrapper.py", "modulo": "scrapper", "metodo": "next_page",  "mensagem": "End of scraping, next button not found."}
{"timestamp": "2023-02-08 17:54:36,599", "processo": "MainProcess", "thread": "MainThread","level": "INFO", "script": "main.py", "modulo": "main", "metodo": "executorzap",  "mensagem": "--> Starting crawler on ZAP Imoveis pages"}
{"timestamp": "2023-02-08 17:54:36,724", "processo": "MainProcess", "thread": "MainThread","level": "INFO", "script": "main.py", "modulo": "main", "metodo": "executorzap",  "mensagem": "--> Crawler performed successfully."}
{"timestamp": "2023-02-08 17:54:52,917", "processo": "MainProcess", "thread": "MainThread","level": "WARNING", "script": "scrapper.py", "modulo": "scrapper", "metodo": "next_page",  "mensagem": "End of scraping, next button not found."}
{"timestamp": "2023-02-08 17:55:13,196", "processo": "MainProcess", "thread": "MainThread","level": "INFO", "script": "main.py", "modulo": "main", "metodo": "executorzap",  "mensagem": "--> Starting crawler on ZAP Imoveis pages"}
{"timestamp": "2023-02-08 17:55:13,353", "processo": "MainProcess", "thread": "MainThread","level": "INFO", "script": "main.py", "modulo": "main", "metodo": "executorzap",  "mensagem": "--> Crawler performed successfully."}
