{"timestamp": "2023-02-11 11:16:05,342", "processo": "MainProcess", "thread": "MainThread","level": "INFO", "script": "main.py", "modulo": "main", "metodo": "<module>",  "mensagem": "--->WebScrapping-RealState<---"}
{"timestamp": "2023-02-11 11:16:05,342", "processo": "MainProcess", "thread": "MainThread","level": "INFO", "script": "main.py", "modulo": "main", "metodo": "<module>",  "mensagem": "Start:2023-02-11 11:16"}
{"timestamp": "2023-02-11 11:16:05,342", "processo": "MainProcess", "thread": "MainThread","level": "INFO", "script": "main.py", "modulo": "main", "metodo": "executorML",  "mensagem": "--> Start Project"}
{"timestamp": "2023-02-11 11:16:16,545", "processo": "MainProcess", "thread": "MainThread","level": "INFO", "script": "main.py", "modulo": "main", "metodo": "executorML",  "mensagem": "--> Starting crawler on ZAP Imoveis pages"}
{"timestamp": "2023-02-11 11:16:16,672", "processo": "MainProcess", "thread": "MainThread","level": "INFO", "script": "main.py", "modulo": "main", "metodo": "executorML",  "mensagem": "--> Crawler performed successfully."}
{"timestamp": "2023-02-11 11:16:22,169", "processo": "MainProcess", "thread": "MainThread","level": "INFO", "script": "scrapper.py", "modulo": "scrapper", "metodo": "next_page",  "mensagem": "Going to next page"}
{"timestamp": "2023-02-11 11:16:22,832", "processo": "MainProcess", "thread": "MainThread","level": "INFO", "script": "main.py", "modulo": "main", "metodo": "executorML",  "mensagem": "--> Crawler performed successfully."}
{"timestamp": "2023-02-11 11:16:28,532", "processo": "MainProcess", "thread": "MainThread","level": "INFO", "script": "scrapper.py", "modulo": "scrapper", "metodo": "next_page",  "mensagem": "Going to next page"}
{"timestamp": "2023-02-11 11:16:29,183", "processo": "MainProcess", "thread": "MainThread","level": "INFO", "script": "main.py", "modulo": "main", "metodo": "executorML",  "mensagem": "--> Crawler performed successfully."}
{"timestamp": "2023-02-11 11:16:34,923", "processo": "MainProcess", "thread": "MainThread","level": "INFO", "script": "scrapper.py", "modulo": "scrapper", "metodo": "next_page",  "mensagem": "Going to next page"}
{"timestamp": "2023-02-11 11:16:35,670", "processo": "MainProcess", "thread": "MainThread","level": "INFO", "script": "main.py", "modulo": "main", "metodo": "executorML",  "mensagem": "--> Crawler performed successfully."}
{"timestamp": "2023-02-11 11:16:41,540", "processo": "MainProcess", "thread": "MainThread","level": "INFO", "script": "scrapper.py", "modulo": "scrapper", "metodo": "next_page",  "mensagem": "Going to next page"}
{"timestamp": "2023-02-11 11:16:42,205", "processo": "MainProcess", "thread": "MainThread","level": "INFO", "script": "main.py", "modulo": "main", "metodo": "executorML",  "mensagem": "--> Crawler performed successfully."}
{"timestamp": "2023-02-11 11:16:47,850", "processo": "MainProcess", "thread": "MainThread","level": "INFO", "script": "scrapper.py", "modulo": "scrapper", "metodo": "next_page",  "mensagem": "Going to next page"}
{"timestamp": "2023-02-11 11:16:48,571", "processo": "MainProcess", "thread": "MainThread","level": "INFO", "script": "main.py", "modulo": "main", "metodo": "executorML",  "mensagem": "--> Crawler performed successfully."}
{"timestamp": "2023-02-11 11:16:54,302", "processo": "MainProcess", "thread": "MainThread","level": "INFO", "script": "scrapper.py", "modulo": "scrapper", "metodo": "next_page",  "mensagem": "Going to next page"}
{"timestamp": "2023-02-11 11:16:54,901", "processo": "MainProcess", "thread": "MainThread","level": "INFO", "script": "main.py", "modulo": "main", "metodo": "executorML",  "mensagem": "--> Crawler performed successfully."}
{"timestamp": "2023-02-11 11:17:00,517", "processo": "MainProcess", "thread": "MainThread","level": "INFO", "script": "scrapper.py", "modulo": "scrapper", "metodo": "next_page",  "mensagem": "Going to next page"}
{"timestamp": "2023-02-11 11:17:01,619", "processo": "MainProcess", "thread": "MainThread","level": "INFO", "script": "main.py", "modulo": "main", "metodo": "executorML",  "mensagem": "--> Crawler performed successfully."}
{"timestamp": "2023-02-11 11:17:06,670", "processo": "MainProcess", "thread": "MainThread","level": "INFO", "script": "scrapper.py", "modulo": "scrapper", "metodo": "next_page",  "mensagem": "Going to next page"}
{"timestamp": "2023-02-11 11:17:07,746", "processo": "MainProcess", "thread": "MainThread","level": "INFO", "script": "main.py", "modulo": "main", "metodo": "executorML",  "mensagem": "--> Crawler performed successfully."}
{"timestamp": "2023-02-11 11:17:12,857", "processo": "MainProcess", "thread": "MainThread","level": "INFO", "script": "scrapper.py", "modulo": "scrapper", "metodo": "next_page",  "mensagem": "Going to next page"}
{"timestamp": "2023-02-11 11:17:13,537", "processo": "MainProcess", "thread": "MainThread","level": "INFO", "script": "main.py", "modulo": "main", "metodo": "executorML",  "mensagem": "--> Crawler performed successfully."}
{"timestamp": "2023-02-11 11:17:19,678", "processo": "MainProcess", "thread": "MainThread","level": "INFO", "script": "scrapper.py", "modulo": "scrapper", "metodo": "next_page",  "mensagem": "Going to next page"}
{"timestamp": "2023-02-11 11:17:20,256", "processo": "MainProcess", "thread": "MainThread","level": "INFO", "script": "main.py", "modulo": "main", "metodo": "executorML",  "mensagem": "--> Crawler performed successfully."}
{"timestamp": "2023-02-11 11:17:25,993", "processo": "MainProcess", "thread": "MainThread","level": "INFO", "script": "scrapper.py", "modulo": "scrapper", "metodo": "next_page",  "mensagem": "Going to next page"}
{"timestamp": "2023-02-11 11:17:26,487", "processo": "MainProcess", "thread": "MainThread","level": "INFO", "script": "main.py", "modulo": "main", "metodo": "executorML",  "mensagem": "--> Crawler performed successfully."}
{"timestamp": "2023-02-11 11:17:32,176", "processo": "MainProcess", "thread": "MainThread","level": "INFO", "script": "scrapper.py", "modulo": "scrapper", "metodo": "next_page",  "mensagem": "Going to next page"}
{"timestamp": "2023-02-11 11:17:32,653", "processo": "MainProcess", "thread": "MainThread","level": "INFO", "script": "main.py", "modulo": "main", "metodo": "executorML",  "mensagem": "--> Crawler performed successfully."}
{"timestamp": "2023-02-11 11:17:38,347", "processo": "MainProcess", "thread": "MainThread","level": "INFO", "script": "scrapper.py", "modulo": "scrapper", "metodo": "next_page",  "mensagem": "Going to next page"}
{"timestamp": "2023-02-11 11:17:38,867", "processo": "MainProcess", "thread": "MainThread","level": "INFO", "script": "main.py", "modulo": "main", "metodo": "executorML",  "mensagem": "--> Crawler performed successfully."}
{"timestamp": "2023-02-11 11:17:44,626", "processo": "MainProcess", "thread": "MainThread","level": "INFO", "script": "scrapper.py", "modulo": "scrapper", "metodo": "next_page",  "mensagem": "Going to next page"}
{"timestamp": "2023-02-11 11:17:45,144", "processo": "MainProcess", "thread": "MainThread","level": "INFO", "script": "main.py", "modulo": "main", "metodo": "executorML",  "mensagem": "--> Crawler performed successfully."}
{"timestamp": "2023-02-11 11:17:50,860", "processo": "MainProcess", "thread": "MainThread","level": "INFO", "script": "scrapper.py", "modulo": "scrapper", "metodo": "next_page",  "mensagem": "Going to next page"}
{"timestamp": "2023-02-11 11:17:51,379", "processo": "MainProcess", "thread": "MainThread","level": "INFO", "script": "main.py", "modulo": "main", "metodo": "executorML",  "mensagem": "--> Crawler performed successfully."}
{"timestamp": "2023-02-11 11:17:57,061", "processo": "MainProcess", "thread": "MainThread","level": "INFO", "script": "scrapper.py", "modulo": "scrapper", "metodo": "next_page",  "mensagem": "Going to next page"}
{"timestamp": "2023-02-11 11:17:57,569", "processo": "MainProcess", "thread": "MainThread","level": "INFO", "script": "main.py", "modulo": "main", "metodo": "executorML",  "mensagem": "--> Crawler performed successfully."}
{"timestamp": "2023-02-11 11:18:03,323", "processo": "MainProcess", "thread": "MainThread","level": "INFO", "script": "scrapper.py", "modulo": "scrapper", "metodo": "next_page",  "mensagem": "Going to next page"}
{"timestamp": "2023-02-11 11:18:03,800", "processo": "MainProcess", "thread": "MainThread","level": "INFO", "script": "main.py", "modulo": "main", "metodo": "executorML",  "mensagem": "--> Crawler performed successfully."}
{"timestamp": "2023-02-11 11:18:09,665", "processo": "MainProcess", "thread": "MainThread","level": "INFO", "script": "scrapper.py", "modulo": "scrapper", "metodo": "next_page",  "mensagem": "Going to next page"}
{"timestamp": "2023-02-11 11:18:10,150", "processo": "MainProcess", "thread": "MainThread","level": "INFO", "script": "main.py", "modulo": "main", "metodo": "executorML",  "mensagem": "--> Crawler performed successfully."}
{"timestamp": "2023-02-11 11:18:16,471", "processo": "MainProcess", "thread": "MainThread","level": "INFO", "script": "scrapper.py", "modulo": "scrapper", "metodo": "next_page",  "mensagem": "Going to next page"}
{"timestamp": "2023-02-11 11:18:16,938", "processo": "MainProcess", "thread": "MainThread","level": "INFO", "script": "main.py", "modulo": "main", "metodo": "executorML",  "mensagem": "--> Crawler performed successfully."}
{"timestamp": "2023-02-11 11:18:21,975", "processo": "MainProcess", "thread": "MainThread","level": "INFO", "script": "scrapper.py", "modulo": "scrapper", "metodo": "next_page",  "mensagem": "Going to next page"}
{"timestamp": "2023-02-11 11:18:22,469", "processo": "MainProcess", "thread": "MainThread","level": "INFO", "script": "main.py", "modulo": "main", "metodo": "executorML",  "mensagem": "--> Crawler performed successfully."}
{"timestamp": "2023-02-11 11:18:27,885", "processo": "MainProcess", "thread": "MainThread","level": "INFO", "script": "scrapper.py", "modulo": "scrapper", "metodo": "next_page",  "mensagem": "Going to next page"}
{"timestamp": "2023-02-11 11:18:28,641", "processo": "MainProcess", "thread": "MainThread","level": "INFO", "script": "main.py", "modulo": "main", "metodo": "executorML",  "mensagem": "--> Crawler performed successfully."}
{"timestamp": "2023-02-11 11:18:34,045", "processo": "MainProcess", "thread": "MainThread","level": "INFO", "script": "scrapper.py", "modulo": "scrapper", "metodo": "next_page",  "mensagem": "Going to next page"}
{"timestamp": "2023-02-11 11:18:34,474", "processo": "MainProcess", "thread": "MainThread","level": "INFO", "script": "main.py", "modulo": "main", "metodo": "executorML",  "mensagem": "--> Crawler performed successfully."}
{"timestamp": "2023-02-11 11:18:39,821", "processo": "MainProcess", "thread": "MainThread","level": "INFO", "script": "scrapper.py", "modulo": "scrapper", "metodo": "next_page",  "mensagem": "Going to next page"}
{"timestamp": "2023-02-11 11:18:40,321", "processo": "MainProcess", "thread": "MainThread","level": "INFO", "script": "main.py", "modulo": "main", "metodo": "executorML",  "mensagem": "--> Crawler performed successfully."}
{"timestamp": "2023-02-11 11:18:45,680", "processo": "MainProcess", "thread": "MainThread","level": "INFO", "script": "scrapper.py", "modulo": "scrapper", "metodo": "next_page",  "mensagem": "Going to next page"}
{"timestamp": "2023-02-11 11:18:46,285", "processo": "MainProcess", "thread": "MainThread","level": "INFO", "script": "main.py", "modulo": "main", "metodo": "executorML",  "mensagem": "--> Crawler performed successfully."}
{"timestamp": "2023-02-11 11:18:51,676", "processo": "MainProcess", "thread": "MainThread","level": "INFO", "script": "scrapper.py", "modulo": "scrapper", "metodo": "next_page",  "mensagem": "Going to next page"}
{"timestamp": "2023-02-11 11:18:52,097", "processo": "MainProcess", "thread": "MainThread","level": "INFO", "script": "main.py", "modulo": "main", "metodo": "executorML",  "mensagem": "--> Crawler performed successfully."}
{"timestamp": "2023-02-11 11:18:57,346", "processo": "MainProcess", "thread": "MainThread","level": "INFO", "script": "scrapper.py", "modulo": "scrapper", "metodo": "next_page",  "mensagem": "Going to next page"}
{"timestamp": "2023-02-11 11:18:57,911", "processo": "MainProcess", "thread": "MainThread","level": "INFO", "script": "main.py", "modulo": "main", "metodo": "executorML",  "mensagem": "--> Crawler performed successfully."}
{"timestamp": "2023-02-11 11:19:03,278", "processo": "MainProcess", "thread": "MainThread","level": "INFO", "script": "scrapper.py", "modulo": "scrapper", "metodo": "next_page",  "mensagem": "Going to next page"}
{"timestamp": "2023-02-11 11:19:03,939", "processo": "MainProcess", "thread": "MainThread","level": "INFO", "script": "main.py", "modulo": "main", "metodo": "executorML",  "mensagem": "--> Crawler performed successfully."}
{"timestamp": "2023-02-11 11:19:09,016", "processo": "MainProcess", "thread": "MainThread","level": "INFO", "script": "scrapper.py", "modulo": "scrapper", "metodo": "next_page",  "mensagem": "Going to next page"}
{"timestamp": "2023-02-11 11:19:09,661", "processo": "MainProcess", "thread": "MainThread","level": "INFO", "script": "main.py", "modulo": "main", "metodo": "executorML",  "mensagem": "--> Crawler performed successfully."}
{"timestamp": "2023-02-11 11:19:15,172", "processo": "MainProcess", "thread": "MainThread","level": "INFO", "script": "scrapper.py", "modulo": "scrapper", "metodo": "next_page",  "mensagem": "Going to next page"}
{"timestamp": "2023-02-11 11:19:15,661", "processo": "MainProcess", "thread": "MainThread","level": "INFO", "script": "main.py", "modulo": "main", "metodo": "executorML",  "mensagem": "--> Crawler performed successfully."}
{"timestamp": "2023-02-11 11:19:20,982", "processo": "MainProcess", "thread": "MainThread","level": "INFO", "script": "scrapper.py", "modulo": "scrapper", "metodo": "next_page",  "mensagem": "Going to next page"}
{"timestamp": "2023-02-11 11:19:21,636", "processo": "MainProcess", "thread": "MainThread","level": "INFO", "script": "main.py", "modulo": "main", "metodo": "executorML",  "mensagem": "--> Crawler performed successfully."}
{"timestamp": "2023-02-11 11:19:26,763", "processo": "MainProcess", "thread": "MainThread","level": "INFO", "script": "scrapper.py", "modulo": "scrapper", "metodo": "next_page",  "mensagem": "Going to next page"}
{"timestamp": "2023-02-11 11:19:27,328", "processo": "MainProcess", "thread": "MainThread","level": "INFO", "script": "main.py", "modulo": "main", "metodo": "executorML",  "mensagem": "--> Crawler performed successfully."}
{"timestamp": "2023-02-11 11:19:32,646", "processo": "MainProcess", "thread": "MainThread","level": "INFO", "script": "scrapper.py", "modulo": "scrapper", "metodo": "next_page",  "mensagem": "Going to next page"}
{"timestamp": "2023-02-11 11:19:33,178", "processo": "MainProcess", "thread": "MainThread","level": "INFO", "script": "main.py", "modulo": "main", "metodo": "executorML",  "mensagem": "--> Crawler performed successfully."}
{"timestamp": "2023-02-11 11:19:38,543", "processo": "MainProcess", "thread": "MainThread","level": "INFO", "script": "scrapper.py", "modulo": "scrapper", "metodo": "next_page",  "mensagem": "Going to next page"}
{"timestamp": "2023-02-11 11:19:39,128", "processo": "MainProcess", "thread": "MainThread","level": "INFO", "script": "main.py", "modulo": "main", "metodo": "executorML",  "mensagem": "--> Crawler performed successfully."}
{"timestamp": "2023-02-11 11:19:44,451", "processo": "MainProcess", "thread": "MainThread","level": "INFO", "script": "scrapper.py", "modulo": "scrapper", "metodo": "next_page",  "mensagem": "Going to next page"}
{"timestamp": "2023-02-11 11:19:44,887", "processo": "MainProcess", "thread": "MainThread","level": "INFO", "script": "main.py", "modulo": "main", "metodo": "executorML",  "mensagem": "--> Crawler performed successfully."}
{"timestamp": "2023-02-11 11:19:50,253", "processo": "MainProcess", "thread": "MainThread","level": "INFO", "script": "scrapper.py", "modulo": "scrapper", "metodo": "next_page",  "mensagem": "Going to next page"}
{"timestamp": "2023-02-11 11:19:50,742", "processo": "MainProcess", "thread": "MainThread","level": "INFO", "script": "main.py", "modulo": "main", "metodo": "executorML",  "mensagem": "--> Crawler performed successfully."}
{"timestamp": "2023-02-11 11:19:56,037", "processo": "MainProcess", "thread": "MainThread","level": "INFO", "script": "scrapper.py", "modulo": "scrapper", "metodo": "next_page",  "mensagem": "Going to next page"}
{"timestamp": "2023-02-11 11:19:56,512", "processo": "MainProcess", "thread": "MainThread","level": "INFO", "script": "main.py", "modulo": "main", "metodo": "executorML",  "mensagem": "--> Crawler performed successfully."}
{"timestamp": "2023-02-11 11:20:01,873", "processo": "MainProcess", "thread": "MainThread","level": "INFO", "script": "scrapper.py", "modulo": "scrapper", "metodo": "next_page",  "mensagem": "Going to next page"}
{"timestamp": "2023-02-11 11:20:02,327", "processo": "MainProcess", "thread": "MainThread","level": "INFO", "script": "main.py", "modulo": "main", "metodo": "executorML",  "mensagem": "--> Crawler performed successfully."}
{"timestamp": "2023-02-11 11:20:07,617", "processo": "MainProcess", "thread": "MainThread","level": "INFO", "script": "scrapper.py", "modulo": "scrapper", "metodo": "next_page",  "mensagem": "Going to next page"}
{"timestamp": "2023-02-11 11:20:08,081", "processo": "MainProcess", "thread": "MainThread","level": "INFO", "script": "main.py", "modulo": "main", "metodo": "executorML",  "mensagem": "--> Crawler performed successfully."}
{"timestamp": "2023-02-11 11:20:13,468", "processo": "MainProcess", "thread": "MainThread","level": "INFO", "script": "scrapper.py", "modulo": "scrapper", "metodo": "next_page",  "mensagem": "Going to next page"}
{"timestamp": "2023-02-11 11:20:14,106", "processo": "MainProcess", "thread": "MainThread","level": "INFO", "script": "main.py", "modulo": "main", "metodo": "executorML",  "mensagem": "--> Crawler performed successfully."}
{"timestamp": "2023-02-11 11:20:29,588", "processo": "MainProcess", "thread": "MainThread","level": "WARNING", "script": "scrapper.py", "modulo": "scrapper", "metodo": "next_page",  "mensagem": "End of scraping, next button not found."}
{"timestamp": "2023-02-11 11:20:32,202", "processo": "MainProcess", "thread": "MainThread","level": "INFO", "script": "main.py", "modulo": "main", "metodo": "executorML",  "mensagem": "--> Crawler performed successfully."}
{"timestamp": "2023-02-11 11:20:48,472", "processo": "MainProcess", "thread": "MainThread","level": "WARNING", "script": "scrapper.py", "modulo": "scrapper", "metodo": "next_page",  "mensagem": "End of scraping, next button not found."}
{"timestamp": "2023-02-11 11:21:08,790", "processo": "MainProcess", "thread": "MainThread","level": "INFO", "script": "scrapper.py", "modulo": "scrapper", "metodo": "extract_csv",  "mensagem": "--> Starting creation of .csv"}
{"timestamp": "2023-02-11 11:21:08,852", "processo": "MainProcess", "thread": "MainThread","level": "ERROR", "script": "scrapper.py", "modulo": "scrapper", "metodo": "extract_csv",  "mensagem": "--> Unable to extract csv, ERROR:11 columns passed, passed data had 5 columns"}
