{"timestamp": "2023-02-08 17:39:50,427", "processo": "MainProcess", "thread": "MainThread","level": "INFO", "script": "main.py", "modulo": "main", "metodo": "<module>",  "mensagem": "--->WebScrapping-RealState<---"}
{"timestamp": "2023-02-08 17:39:50,427", "processo": "MainProcess", "thread": "MainThread","level": "INFO", "script": "main.py", "modulo": "main", "metodo": "<module>",  "mensagem": "Start:2023-02-08 17:39"}
{"timestamp": "2023-02-08 17:39:50,427", "processo": "MainProcess", "thread": "MainThread","level": "INFO", "script": "main.py", "modulo": "main", "metodo": "executorzap",  "mensagem": "--> Start Porject"}
{"timestamp": "2023-02-08 17:39:56,957", "processo": "MainProcess", "thread": "MainThread","level": "INFO", "script": "scrapper.py", "modulo": "scrapper", "metodo": "accept_cookies",  "mensagem": "Accepting cookies from the page"}
{"timestamp": "2023-02-08 17:39:57,026", "processo": "MainProcess", "thread": "MainThread","level": "INFO", "script": "main.py", "modulo": "main", "metodo": "executorzap",  "mensagem": "--> Starting crawler on ZAP Imoveis pages"}
{"timestamp": "2023-02-08 17:39:57,057", "processo": "MainProcess", "thread": "MainThread","level": "INFO", "script": "scrapper.py", "modulo": "scrapper", "metodo": "zapscraping",  "mensagem": "--> Crawler performed successfully."}
{"timestamp": "2023-02-08 17:39:57,062", "processo": "MainProcess", "thread": "MainThread","level": "INFO", "script": "scrapper.py", "modulo": "scrapper", "metodo": "zapscraping",  "mensagem": "--> Crawler performed successfully."}
{"timestamp": "2023-02-08 17:39:57,064", "processo": "MainProcess", "thread": "MainThread","level": "INFO", "script": "scrapper.py", "modulo": "scrapper", "metodo": "zapscraping",  "mensagem": "--> Crawler performed successfully."}
{"timestamp": "2023-02-08 17:39:57,066", "processo": "MainProcess", "thread": "MainThread","level": "INFO", "script": "scrapper.py", "modulo": "scrapper", "metodo": "zapscraping",  "mensagem": "--> Crawler performed successfully."}
{"timestamp": "2023-02-08 17:39:57,067", "processo": "MainProcess", "thread": "MainThread","level": "INFO", "script": "scrapper.py", "modulo": "scrapper", "metodo": "zapscraping",  "mensagem": "--> Crawler performed successfully."}
{"timestamp": "2023-02-08 17:39:57,068", "processo": "MainProcess", "thread": "MainThread","level": "INFO", "script": "scrapper.py", "modulo": "scrapper", "metodo": "zapscraping",  "mensagem": "--> Crawler performed successfully."}
{"timestamp": "2023-02-08 17:39:57,070", "processo": "MainProcess", "thread": "MainThread","level": "INFO", "script": "scrapper.py", "modulo": "scrapper", "metodo": "zapscraping",  "mensagem": "--> Crawler performed successfully."}
{"timestamp": "2023-02-08 17:39:57,071", "processo": "MainProcess", "thread": "MainThread","level": "INFO", "script": "scrapper.py", "modulo": "scrapper", "metodo": "zapscraping",  "mensagem": "--> Crawler performed successfully."}
{"timestamp": "2023-02-08 17:39:57,073", "processo": "MainProcess", "thread": "MainThread","level": "INFO", "script": "scrapper.py", "modulo": "scrapper", "metodo": "zapscraping",  "mensagem": "--> Crawler performed successfully."}
{"timestamp": "2023-02-08 17:39:57,077", "processo": "MainProcess", "thread": "MainThread","level": "INFO", "script": "scrapper.py", "modulo": "scrapper", "metodo": "zapscraping",  "mensagem": "--> Crawler performed successfully."}
{"timestamp": "2023-02-08 17:39:57,079", "processo": "MainProcess", "thread": "MainThread","level": "INFO", "script": "scrapper.py", "modulo": "scrapper", "metodo": "zapscraping",  "mensagem": "--> Crawler performed successfully."}
{"timestamp": "2023-02-08 17:39:57,081", "processo": "MainProcess", "thread": "MainThread","level": "INFO", "script": "scrapper.py", "modulo": "scrapper", "metodo": "zapscraping",  "mensagem": "--> Crawler performed successfully."}
{"timestamp": "2023-02-08 17:39:57,082", "processo": "MainProcess", "thread": "MainThread","level": "INFO", "script": "scrapper.py", "modulo": "scrapper", "metodo": "zapscraping",  "mensagem": "--> Crawler performed successfully."}
{"timestamp": "2023-02-08 17:39:57,084", "processo": "MainProcess", "thread": "MainThread","level": "INFO", "script": "scrapper.py", "modulo": "scrapper", "metodo": "zapscraping",  "mensagem": "--> Crawler performed successfully."}
{"timestamp": "2023-02-08 17:39:57,086", "processo": "MainProcess", "thread": "MainThread","level": "INFO", "script": "scrapper.py", "modulo": "scrapper", "metodo": "zapscraping",  "mensagem": "--> Crawler performed successfully."}
{"timestamp": "2023-02-08 17:39:57,087", "processo": "MainProcess", "thread": "MainThread","level": "INFO", "script": "scrapper.py", "modulo": "scrapper", "metodo": "zapscraping",  "mensagem": "--> Crawler performed successfully."}
{"timestamp": "2023-02-08 17:39:57,089", "processo": "MainProcess", "thread": "MainThread","level": "INFO", "script": "scrapper.py", "modulo": "scrapper", "metodo": "zapscraping",  "mensagem": "--> Crawler performed successfully."}
{"timestamp": "2023-02-08 17:39:57,091", "processo": "MainProcess", "thread": "MainThread","level": "INFO", "script": "scrapper.py", "modulo": "scrapper", "metodo": "zapscraping",  "mensagem": "--> Crawler performed successfully."}
{"timestamp": "2023-02-08 17:39:57,092", "processo": "MainProcess", "thread": "MainThread","level": "INFO", "script": "scrapper.py", "modulo": "scrapper", "metodo": "zapscraping",  "mensagem": "--> Crawler performed successfully."}
{"timestamp": "2023-02-08 17:39:57,095", "processo": "MainProcess", "thread": "MainThread","level": "INFO", "script": "scrapper.py", "modulo": "scrapper", "metodo": "zapscraping",  "mensagem": "--> Crawler performed successfully."}
{"timestamp": "2023-02-08 17:39:57,099", "processo": "MainProcess", "thread": "MainThread","level": "INFO", "script": "scrapper.py", "modulo": "scrapper", "metodo": "zapscraping",  "mensagem": "--> Crawler performed successfully."}
{"timestamp": "2023-02-08 17:39:57,101", "processo": "MainProcess", "thread": "MainThread","level": "INFO", "script": "scrapper.py", "modulo": "scrapper", "metodo": "zapscraping",  "mensagem": "--> Crawler performed successfully."}
{"timestamp": "2023-02-08 17:39:57,102", "processo": "MainProcess", "thread": "MainThread","level": "INFO", "script": "scrapper.py", "modulo": "scrapper", "metodo": "zapscraping",  "mensagem": "--> Crawler performed successfully."}
{"timestamp": "2023-02-08 17:39:57,104", "processo": "MainProcess", "thread": "MainThread","level": "INFO", "script": "scrapper.py", "modulo": "scrapper", "metodo": "zapscraping",  "mensagem": "--> Crawler performed successfully."}
{"timestamp": "2023-02-08 17:39:57,105", "processo": "MainProcess", "thread": "MainThread","level": "INFO", "script": "scrapper.py", "modulo": "scrapper", "metodo": "zapscraping",  "mensagem": "--> Crawler performed successfully."}
{"timestamp": "2023-02-08 17:39:57,106", "processo": "MainProcess", "thread": "MainThread","level": "INFO", "script": "scrapper.py", "modulo": "scrapper", "metodo": "zapscraping",  "mensagem": "--> Crawler performed successfully."}
{"timestamp": "2023-02-08 17:39:57,108", "processo": "MainProcess", "thread": "MainThread","level": "INFO", "script": "scrapper.py", "modulo": "scrapper", "metodo": "zapscraping",  "mensagem": "--> Crawler performed successfully."}
{"timestamp": "2023-02-08 17:39:57,110", "processo": "MainProcess", "thread": "MainThread","level": "INFO", "script": "scrapper.py", "modulo": "scrapper", "metodo": "zapscraping",  "mensagem": "--> Crawler performed successfully."}
{"timestamp": "2023-02-08 17:39:57,110", "processo": "MainProcess", "thread": "MainThread","level": "INFO", "script": "scrapper.py", "modulo": "scrapper", "metodo": "zapscraping",  "mensagem": "--> Crawler performed successfully."}
{"timestamp": "2023-02-08 17:39:57,110", "processo": "MainProcess", "thread": "MainThread","level": "INFO", "script": "scrapper.py", "modulo": "scrapper", "metodo": "zapscraping",  "mensagem": "--> Crawler performed successfully."}
{"timestamp": "2023-02-08 17:39:57,110", "processo": "MainProcess", "thread": "MainThread","level": "INFO", "script": "scrapper.py", "modulo": "scrapper", "metodo": "zapscraping",  "mensagem": "--> Crawler performed successfully."}
{"timestamp": "2023-02-08 17:39:57,110", "processo": "MainProcess", "thread": "MainThread","level": "INFO", "script": "scrapper.py", "modulo": "scrapper", "metodo": "zapscraping",  "mensagem": "--> Crawler performed successfully."}
{"timestamp": "2023-02-08 17:39:57,110", "processo": "MainProcess", "thread": "MainThread","level": "INFO", "script": "scrapper.py", "modulo": "scrapper", "metodo": "zapscraping",  "mensagem": "--> Crawler performed successfully."}
{"timestamp": "2023-02-08 17:39:57,110", "processo": "MainProcess", "thread": "MainThread","level": "INFO", "script": "scrapper.py", "modulo": "scrapper", "metodo": "zapscraping",  "mensagem": "--> Crawler performed successfully."}
{"timestamp": "2023-02-08 17:39:57,110", "processo": "MainProcess", "thread": "MainThread","level": "INFO", "script": "scrapper.py", "modulo": "scrapper", "metodo": "zapscraping",  "mensagem": "--> Crawler performed successfully."}
{"timestamp": "2023-02-08 17:39:57,126", "processo": "MainProcess", "thread": "MainThread","level": "INFO", "script": "scrapper.py", "modulo": "scrapper", "metodo": "zapscraping",  "mensagem": "--> Crawler performed successfully."}
{"timestamp": "2023-02-08 17:39:57,126", "processo": "MainProcess", "thread": "MainThread","level": "INFO", "script": "scrapper.py", "modulo": "scrapper", "metodo": "zapscraping",  "mensagem": "--> Crawler performed successfully."}
{"timestamp": "2023-02-08 17:39:57,126", "processo": "MainProcess", "thread": "MainThread","level": "INFO", "script": "scrapper.py", "modulo": "scrapper", "metodo": "zapscraping",  "mensagem": "--> Crawler performed successfully."}
{"timestamp": "2023-02-08 17:39:57,126", "processo": "MainProcess", "thread": "MainThread","level": "INFO", "script": "scrapper.py", "modulo": "scrapper", "metodo": "zapscraping",  "mensagem": "--> Crawler performed successfully."}
{"timestamp": "2023-02-08 17:39:57,126", "processo": "MainProcess", "thread": "MainThread","level": "INFO", "script": "scrapper.py", "modulo": "scrapper", "metodo": "zapscraping",  "mensagem": "--> Crawler performed successfully."}
{"timestamp": "2023-02-08 17:39:57,126", "processo": "MainProcess", "thread": "MainThread","level": "INFO", "script": "scrapper.py", "modulo": "scrapper", "metodo": "zapscraping",  "mensagem": "--> Crawler performed successfully."}
{"timestamp": "2023-02-08 17:39:57,126", "processo": "MainProcess", "thread": "MainThread","level": "INFO", "script": "scrapper.py", "modulo": "scrapper", "metodo": "zapscraping",  "mensagem": "--> Crawler performed successfully."}
{"timestamp": "2023-02-08 17:39:57,126", "processo": "MainProcess", "thread": "MainThread","level": "INFO", "script": "scrapper.py", "modulo": "scrapper", "metodo": "zapscraping",  "mensagem": "--> Crawler performed successfully."}
{"timestamp": "2023-02-08 17:39:57,142", "processo": "MainProcess", "thread": "MainThread","level": "INFO", "script": "scrapper.py", "modulo": "scrapper", "metodo": "zapscraping",  "mensagem": "--> Crawler performed successfully."}
{"timestamp": "2023-02-08 17:39:57,142", "processo": "MainProcess", "thread": "MainThread","level": "INFO", "script": "scrapper.py", "modulo": "scrapper", "metodo": "zapscraping",  "mensagem": "--> Crawler performed successfully."}
{"timestamp": "2023-02-08 17:39:57,142", "processo": "MainProcess", "thread": "MainThread","level": "INFO", "script": "scrapper.py", "modulo": "scrapper", "metodo": "zapscraping",  "mensagem": "--> Crawler performed successfully."}
{"timestamp": "2023-02-08 17:39:57,142", "processo": "MainProcess", "thread": "MainThread","level": "INFO", "script": "scrapper.py", "modulo": "scrapper", "metodo": "zapscraping",  "mensagem": "--> Crawler performed successfully."}
{"timestamp": "2023-02-08 17:39:57,142", "processo": "MainProcess", "thread": "MainThread","level": "INFO", "script": "scrapper.py", "modulo": "scrapper", "metodo": "zapscraping",  "mensagem": "--> Crawler performed successfully."}
{"timestamp": "2023-02-08 17:39:57,142", "processo": "MainProcess", "thread": "MainThread","level": "INFO", "script": "scrapper.py", "modulo": "scrapper", "metodo": "zapscraping",  "mensagem": "--> Crawler performed successfully."}
{"timestamp": "2023-02-08 17:39:57,142", "processo": "MainProcess", "thread": "MainThread","level": "INFO", "script": "scrapper.py", "modulo": "scrapper", "metodo": "zapscraping",  "mensagem": "--> Crawler performed successfully."}
{"timestamp": "2023-02-08 17:39:57,142", "processo": "MainProcess", "thread": "MainThread","level": "INFO", "script": "scrapper.py", "modulo": "scrapper", "metodo": "zapscraping",  "mensagem": "--> Crawler performed successfully."}
{"timestamp": "2023-02-08 17:39:57,158", "processo": "MainProcess", "thread": "MainThread","level": "INFO", "script": "scrapper.py", "modulo": "scrapper", "metodo": "zapscraping",  "mensagem": "--> Crawler performed successfully."}
{"timestamp": "2023-02-08 17:39:57,159", "processo": "MainProcess", "thread": "MainThread","level": "INFO", "script": "scrapper.py", "modulo": "scrapper", "metodo": "zapscraping",  "mensagem": "--> Crawler performed successfully."}
{"timestamp": "2023-02-08 17:39:57,161", "processo": "MainProcess", "thread": "MainThread","level": "INFO", "script": "scrapper.py", "modulo": "scrapper", "metodo": "zapscraping",  "mensagem": "--> Crawler performed successfully."}
{"timestamp": "2023-02-08 17:39:57,162", "processo": "MainProcess", "thread": "MainThread","level": "INFO", "script": "scrapper.py", "modulo": "scrapper", "metodo": "zapscraping",  "mensagem": "--> Crawler performed successfully."}
{"timestamp": "2023-02-08 17:39:57,165", "processo": "MainProcess", "thread": "MainThread","level": "INFO", "script": "scrapper.py", "modulo": "scrapper", "metodo": "zapscraping",  "mensagem": "--> Crawler performed successfully."}
{"timestamp": "2023-02-08 17:39:57,167", "processo": "MainProcess", "thread": "MainThread","level": "INFO", "script": "scrapper.py", "modulo": "scrapper", "metodo": "zapscraping",  "mensagem": "--> Crawler performed successfully."}
{"timestamp": "2023-02-08 17:39:57,169", "processo": "MainProcess", "thread": "MainThread","level": "INFO", "script": "scrapper.py", "modulo": "scrapper", "metodo": "zapscraping",  "mensagem": "--> Crawler performed successfully."}
{"timestamp": "2023-02-08 17:39:57,170", "processo": "MainProcess", "thread": "MainThread","level": "INFO", "script": "scrapper.py", "modulo": "scrapper", "metodo": "zapscraping",  "mensagem": "--> Crawler performed successfully."}
{"timestamp": "2023-02-08 17:39:57,172", "processo": "MainProcess", "thread": "MainThread","level": "INFO", "script": "scrapper.py", "modulo": "scrapper", "metodo": "zapscraping",  "mensagem": "--> Crawler performed successfully."}
{"timestamp": "2023-02-08 17:39:57,173", "processo": "MainProcess", "thread": "MainThread","level": "INFO", "script": "scrapper.py", "modulo": "scrapper", "metodo": "zapscraping",  "mensagem": "--> Crawler performed successfully."}
{"timestamp": "2023-02-08 17:39:57,174", "processo": "MainProcess", "thread": "MainThread","level": "INFO", "script": "scrapper.py", "modulo": "scrapper", "metodo": "zapscraping",  "mensagem": "--> Crawler performed successfully."}
{"timestamp": "2023-02-08 17:39:57,176", "processo": "MainProcess", "thread": "MainThread","level": "INFO", "script": "scrapper.py", "modulo": "scrapper", "metodo": "zapscraping",  "mensagem": "--> Crawler performed successfully."}
{"timestamp": "2023-02-08 17:39:57,177", "processo": "MainProcess", "thread": "MainThread","level": "INFO", "script": "scrapper.py", "modulo": "scrapper", "metodo": "zapscraping",  "mensagem": "--> Crawler performed successfully."}
{"timestamp": "2023-02-08 17:39:57,177", "processo": "MainProcess", "thread": "MainThread","level": "INFO", "script": "scrapper.py", "modulo": "scrapper", "metodo": "zapscraping",  "mensagem": "--> Crawler performed successfully."}
{"timestamp": "2023-02-08 17:39:57,177", "processo": "MainProcess", "thread": "MainThread","level": "INFO", "script": "scrapper.py", "modulo": "scrapper", "metodo": "zapscraping",  "mensagem": "--> Crawler performed successfully."}
{"timestamp": "2023-02-08 17:39:57,177", "processo": "MainProcess", "thread": "MainThread","level": "INFO", "script": "scrapper.py", "modulo": "scrapper", "metodo": "zapscraping",  "mensagem": "--> Crawler performed successfully."}
{"timestamp": "2023-02-08 17:39:57,177", "processo": "MainProcess", "thread": "MainThread","level": "INFO", "script": "scrapper.py", "modulo": "scrapper", "metodo": "zapscraping",  "mensagem": "--> Crawler performed successfully."}
{"timestamp": "2023-02-08 17:39:57,177", "processo": "MainProcess", "thread": "MainThread","level": "INFO", "script": "scrapper.py", "modulo": "scrapper", "metodo": "zapscraping",  "mensagem": "--> Crawler performed successfully."}
{"timestamp": "2023-02-08 17:39:57,177", "processo": "MainProcess", "thread": "MainThread","level": "INFO", "script": "scrapper.py", "modulo": "scrapper", "metodo": "zapscraping",  "mensagem": "--> Crawler performed successfully."}
{"timestamp": "2023-02-08 17:39:57,177", "processo": "MainProcess", "thread": "MainThread","level": "INFO", "script": "scrapper.py", "modulo": "scrapper", "metodo": "zapscraping",  "mensagem": "--> Crawler performed successfully."}
{"timestamp": "2023-02-08 17:39:57,177", "processo": "MainProcess", "thread": "MainThread","level": "INFO", "script": "scrapper.py", "modulo": "scrapper", "metodo": "zapscraping",  "mensagem": "--> Crawler performed successfully."}
{"timestamp": "2023-02-08 17:39:57,193", "processo": "MainProcess", "thread": "MainThread","level": "INFO", "script": "scrapper.py", "modulo": "scrapper", "metodo": "zapscraping",  "mensagem": "--> Crawler performed successfully."}
{"timestamp": "2023-02-08 17:39:57,193", "processo": "MainProcess", "thread": "MainThread","level": "INFO", "script": "scrapper.py", "modulo": "scrapper", "metodo": "zapscraping",  "mensagem": "--> Crawler performed successfully."}
{"timestamp": "2023-02-08 17:39:57,193", "processo": "MainProcess", "thread": "MainThread","level": "INFO", "script": "scrapper.py", "modulo": "scrapper", "metodo": "zapscraping",  "mensagem": "--> Crawler performed successfully."}
{"timestamp": "2023-02-08 17:39:57,193", "processo": "MainProcess", "thread": "MainThread","level": "INFO", "script": "scrapper.py", "modulo": "scrapper", "metodo": "zapscraping",  "mensagem": "--> Crawler performed successfully."}
{"timestamp": "2023-02-08 17:39:57,193", "processo": "MainProcess", "thread": "MainThread","level": "INFO", "script": "scrapper.py", "modulo": "scrapper", "metodo": "zapscraping",  "mensagem": "--> Crawler performed successfully."}
{"timestamp": "2023-02-08 17:39:57,193", "processo": "MainProcess", "thread": "MainThread","level": "INFO", "script": "scrapper.py", "modulo": "scrapper", "metodo": "zapscraping",  "mensagem": "--> Crawler performed successfully."}
{"timestamp": "2023-02-08 17:39:57,193", "processo": "MainProcess", "thread": "MainThread","level": "INFO", "script": "scrapper.py", "modulo": "scrapper", "metodo": "zapscraping",  "mensagem": "--> Crawler performed successfully."}
{"timestamp": "2023-02-08 17:39:57,193", "processo": "MainProcess", "thread": "MainThread","level": "INFO", "script": "scrapper.py", "modulo": "scrapper", "metodo": "zapscraping",  "mensagem": "--> Crawler performed successfully."}
{"timestamp": "2023-02-08 17:39:57,208", "processo": "MainProcess", "thread": "MainThread","level": "INFO", "script": "scrapper.py", "modulo": "scrapper", "metodo": "zapscraping",  "mensagem": "--> Crawler performed successfully."}
{"timestamp": "2023-02-08 17:39:57,208", "processo": "MainProcess", "thread": "MainThread","level": "INFO", "script": "scrapper.py", "modulo": "scrapper", "metodo": "zapscraping",  "mensagem": "--> Crawler performed successfully."}
{"timestamp": "2023-02-08 17:39:57,208", "processo": "MainProcess", "thread": "MainThread","level": "INFO", "script": "scrapper.py", "modulo": "scrapper", "metodo": "zapscraping",  "mensagem": "--> Crawler performed successfully."}
{"timestamp": "2023-02-08 17:39:57,208", "processo": "MainProcess", "thread": "MainThread","level": "INFO", "script": "scrapper.py", "modulo": "scrapper", "metodo": "zapscraping",  "mensagem": "--> Crawler performed successfully."}
{"timestamp": "2023-02-08 17:39:57,208", "processo": "MainProcess", "thread": "MainThread","level": "INFO", "script": "scrapper.py", "modulo": "scrapper", "metodo": "zapscraping",  "mensagem": "--> Crawler performed successfully."}
{"timestamp": "2023-02-08 17:39:57,208", "processo": "MainProcess", "thread": "MainThread","level": "INFO", "script": "scrapper.py", "modulo": "scrapper", "metodo": "zapscraping",  "mensagem": "--> Crawler performed successfully."}
{"timestamp": "2023-02-08 17:39:57,208", "processo": "MainProcess", "thread": "MainThread","level": "INFO", "script": "scrapper.py", "modulo": "scrapper", "metodo": "zapscraping",  "mensagem": "--> Crawler performed successfully."}
{"timestamp": "2023-02-08 17:39:57,208", "processo": "MainProcess", "thread": "MainThread","level": "INFO", "script": "scrapper.py", "modulo": "scrapper", "metodo": "zapscraping",  "mensagem": "--> Crawler performed successfully."}
{"timestamp": "2023-02-08 17:39:57,208", "processo": "MainProcess", "thread": "MainThread","level": "INFO", "script": "scrapper.py", "modulo": "scrapper", "metodo": "zapscraping",  "mensagem": "--> Crawler performed successfully."}
{"timestamp": "2023-02-08 17:39:57,224", "processo": "MainProcess", "thread": "MainThread","level": "INFO", "script": "scrapper.py", "modulo": "scrapper", "metodo": "zapscraping",  "mensagem": "--> Crawler performed successfully."}
{"timestamp": "2023-02-08 17:39:57,224", "processo": "MainProcess", "thread": "MainThread","level": "INFO", "script": "scrapper.py", "modulo": "scrapper", "metodo": "zapscraping",  "mensagem": "--> Crawler performed successfully."}
{"timestamp": "2023-02-08 17:39:57,224", "processo": "MainProcess", "thread": "MainThread","level": "INFO", "script": "scrapper.py", "modulo": "scrapper", "metodo": "zapscraping",  "mensagem": "--> Crawler performed successfully."}
{"timestamp": "2023-02-08 17:39:57,224", "processo": "MainProcess", "thread": "MainThread","level": "INFO", "script": "scrapper.py", "modulo": "scrapper", "metodo": "zapscraping",  "mensagem": "--> Crawler performed successfully."}
{"timestamp": "2023-02-08 17:39:57,224", "processo": "MainProcess", "thread": "MainThread","level": "INFO", "script": "scrapper.py", "modulo": "scrapper", "metodo": "zapscraping",  "mensagem": "--> Crawler performed successfully."}
{"timestamp": "2023-02-08 17:39:57,224", "processo": "MainProcess", "thread": "MainThread","level": "INFO", "script": "scrapper.py", "modulo": "scrapper", "metodo": "zapscraping",  "mensagem": "--> Crawler performed successfully."}
{"timestamp": "2023-02-08 17:39:57,224", "processo": "MainProcess", "thread": "MainThread","level": "INFO", "script": "scrapper.py", "modulo": "scrapper", "metodo": "zapscraping",  "mensagem": "--> Crawler performed successfully."}
{"timestamp": "2023-02-08 17:39:57,224", "processo": "MainProcess", "thread": "MainThread","level": "INFO", "script": "scrapper.py", "modulo": "scrapper", "metodo": "zapscraping",  "mensagem": "--> Crawler performed successfully."}
{"timestamp": "2023-02-08 17:39:57,240", "processo": "MainProcess", "thread": "MainThread","level": "INFO", "script": "scrapper.py", "modulo": "scrapper", "metodo": "zapscraping",  "mensagem": "--> Crawler performed successfully."}
{"timestamp": "2023-02-08 17:39:57,240", "processo": "MainProcess", "thread": "MainThread","level": "INFO", "script": "scrapper.py", "modulo": "scrapper", "metodo": "zapscraping",  "mensagem": "--> Crawler performed successfully."}
{"timestamp": "2023-02-08 17:39:57,240", "processo": "MainProcess", "thread": "MainThread","level": "INFO", "script": "scrapper.py", "modulo": "scrapper", "metodo": "zapscraping",  "mensagem": "--> Crawler performed successfully."}
{"timestamp": "2023-02-08 17:39:57,240", "processo": "MainProcess", "thread": "MainThread","level": "INFO", "script": "scrapper.py", "modulo": "scrapper", "metodo": "extract_csv",  "mensagem": "--> Starting creation of .csv"}
{"timestamp": "2023-02-08 17:39:57,240", "processo": "MainProcess", "thread": "MainThread","level": "INFO", "script": "scrapper.py", "modulo": "scrapper", "metodo": "extract_csv",  "mensagem": "--> Csv successfully create"}
