{"timestamp": "2023-02-13 21:50:42,268", "processo": "MainProcess", "thread": "MainThread","level": "INFO", "script": "main.py", "modulo": "main", "metodo": "<module>",  "mensagem": "--->WebScrapping-RealState<---"}
{"timestamp": "2023-02-13 21:50:42,268", "processo": "MainProcess", "thread": "MainThread","level": "INFO", "script": "main.py", "modulo": "main", "metodo": "<module>",  "mensagem": "Start:2023-02-13 21:50"}
{"timestamp": "2023-02-13 21:50:42,268", "processo": "MainProcess", "thread": "MainThread","level": "INFO", "script": "main.py", "modulo": "main", "metodo": "executorMagazine",  "mensagem": "--> Start Project"}
{"timestamp": "2023-02-13 21:50:57,555", "processo": "MainProcess", "thread": "MainThread","level": "INFO", "script": "scrapper.py", "modulo": "scrapper", "metodo": "accept_cookies",  "mensagem": "Accepting cookies from the page"}
{"timestamp": "2023-02-13 21:50:57,886", "processo": "MainProcess", "thread": "MainThread","level": "INFO", "script": "main.py", "modulo": "main", "metodo": "executorMagazine",  "mensagem": "--> Starting crawler on Magazine Luiza pages"}
{"timestamp": "2023-02-13 21:50:57,958", "processo": "MainProcess", "thread": "MainThread","level": "INFO", "script": "main.py", "modulo": "main", "metodo": "executorMagazine",  "mensagem": "--> Crawler performed successfully."}
{"timestamp": "2023-02-13 21:51:03,225", "processo": "MainProcess", "thread": "MainThread","level": "INFO", "script": "scrapper.py", "modulo": "scrapper", "metodo": "next_page",  "mensagem": "Going to next page"}
{"timestamp": "2023-02-13 21:51:03,601", "processo": "MainProcess", "thread": "MainThread","level": "INFO", "script": "main.py", "modulo": "main", "metodo": "executorMagazine",  "mensagem": "--> Crawler performed successfully."}
{"timestamp": "2023-02-13 21:51:08,708", "processo": "MainProcess", "thread": "MainThread","level": "INFO", "script": "scrapper.py", "modulo": "scrapper", "metodo": "next_page",  "mensagem": "Going to next page"}
{"timestamp": "2023-02-13 21:51:09,032", "processo": "MainProcess", "thread": "MainThread","level": "INFO", "script": "main.py", "modulo": "main", "metodo": "executorMagazine",  "mensagem": "--> Crawler performed successfully."}
{"timestamp": "2023-02-13 21:51:14,158", "processo": "MainProcess", "thread": "MainThread","level": "INFO", "script": "scrapper.py", "modulo": "scrapper", "metodo": "next_page",  "mensagem": "Going to next page"}
{"timestamp": "2023-02-13 21:51:14,440", "processo": "MainProcess", "thread": "MainThread","level": "INFO", "script": "main.py", "modulo": "main", "metodo": "executorMagazine",  "mensagem": "--> Crawler performed successfully."}
{"timestamp": "2023-02-13 21:51:19,551", "processo": "MainProcess", "thread": "MainThread","level": "INFO", "script": "scrapper.py", "modulo": "scrapper", "metodo": "next_page",  "mensagem": "Going to next page"}
{"timestamp": "2023-02-13 21:51:19,899", "processo": "MainProcess", "thread": "MainThread","level": "INFO", "script": "main.py", "modulo": "main", "metodo": "executorMagazine",  "mensagem": "--> Crawler performed successfully."}
{"timestamp": "2023-02-13 21:51:25,025", "processo": "MainProcess", "thread": "MainThread","level": "INFO", "script": "scrapper.py", "modulo": "scrapper", "metodo": "next_page",  "mensagem": "Going to next page"}
{"timestamp": "2023-02-13 21:51:25,388", "processo": "MainProcess", "thread": "MainThread","level": "INFO", "script": "main.py", "modulo": "main", "metodo": "executorMagazine",  "mensagem": "--> Crawler performed successfully."}
{"timestamp": "2023-02-13 21:51:30,694", "processo": "MainProcess", "thread": "MainThread","level": "INFO", "script": "scrapper.py", "modulo": "scrapper", "metodo": "next_page",  "mensagem": "Going to next page"}
{"timestamp": "2023-02-13 21:51:31,056", "processo": "MainProcess", "thread": "MainThread","level": "INFO", "script": "main.py", "modulo": "main", "metodo": "executorMagazine",  "mensagem": "--> Crawler performed successfully."}
{"timestamp": "2023-02-13 21:51:36,317", "processo": "MainProcess", "thread": "MainThread","level": "INFO", "script": "scrapper.py", "modulo": "scrapper", "metodo": "next_page",  "mensagem": "Going to next page"}
{"timestamp": "2023-02-13 21:51:36,655", "processo": "MainProcess", "thread": "MainThread","level": "INFO", "script": "main.py", "modulo": "main", "metodo": "executorMagazine",  "mensagem": "--> Crawler performed successfully."}
{"timestamp": "2023-02-13 21:51:41,768", "processo": "MainProcess", "thread": "MainThread","level": "INFO", "script": "scrapper.py", "modulo": "scrapper", "metodo": "next_page",  "mensagem": "Going to next page"}
{"timestamp": "2023-02-13 21:51:42,139", "processo": "MainProcess", "thread": "MainThread","level": "INFO", "script": "main.py", "modulo": "main", "metodo": "executorMagazine",  "mensagem": "--> Crawler performed successfully."}
{"timestamp": "2023-02-13 21:51:47,259", "processo": "MainProcess", "thread": "MainThread","level": "INFO", "script": "scrapper.py", "modulo": "scrapper", "metodo": "next_page",  "mensagem": "Going to next page"}
{"timestamp": "2023-02-13 21:51:47,619", "processo": "MainProcess", "thread": "MainThread","level": "INFO", "script": "main.py", "modulo": "main", "metodo": "executorMagazine",  "mensagem": "--> Crawler performed successfully."}
{"timestamp": "2023-02-13 21:51:52,731", "processo": "MainProcess", "thread": "MainThread","level": "INFO", "script": "scrapper.py", "modulo": "scrapper", "metodo": "next_page",  "mensagem": "Going to next page"}
{"timestamp": "2023-02-13 21:51:53,054", "processo": "MainProcess", "thread": "MainThread","level": "INFO", "script": "main.py", "modulo": "main", "metodo": "executorMagazine",  "mensagem": "--> Crawler performed successfully."}
{"timestamp": "2023-02-13 21:51:58,320", "processo": "MainProcess", "thread": "MainThread","level": "INFO", "script": "scrapper.py", "modulo": "scrapper", "metodo": "next_page",  "mensagem": "Going to next page"}
{"timestamp": "2023-02-13 21:51:58,665", "processo": "MainProcess", "thread": "MainThread","level": "INFO", "script": "main.py", "modulo": "main", "metodo": "executorMagazine",  "mensagem": "--> Crawler performed successfully."}
{"timestamp": "2023-02-13 21:52:04,074", "processo": "MainProcess", "thread": "MainThread","level": "INFO", "script": "scrapper.py", "modulo": "scrapper", "metodo": "next_page",  "mensagem": "Going to next page"}
{"timestamp": "2023-02-13 21:52:04,399", "processo": "MainProcess", "thread": "MainThread","level": "INFO", "script": "main.py", "modulo": "main", "metodo": "executorMagazine",  "mensagem": "--> Crawler performed successfully."}
{"timestamp": "2023-02-13 21:52:09,682", "processo": "MainProcess", "thread": "MainThread","level": "INFO", "script": "scrapper.py", "modulo": "scrapper", "metodo": "next_page",  "mensagem": "Going to next page"}
{"timestamp": "2023-02-13 21:52:10,023", "processo": "MainProcess", "thread": "MainThread","level": "INFO", "script": "main.py", "modulo": "main", "metodo": "executorMagazine",  "mensagem": "--> Crawler performed successfully."}
{"timestamp": "2023-02-13 21:52:15,291", "processo": "MainProcess", "thread": "MainThread","level": "INFO", "script": "scrapper.py", "modulo": "scrapper", "metodo": "next_page",  "mensagem": "Going to next page"}
{"timestamp": "2023-02-13 21:52:15,665", "processo": "MainProcess", "thread": "MainThread","level": "INFO", "script": "main.py", "modulo": "main", "metodo": "executorMagazine",  "mensagem": "--> Crawler performed successfully."}
{"timestamp": "2023-02-13 21:52:20,786", "processo": "MainProcess", "thread": "MainThread","level": "INFO", "script": "scrapper.py", "modulo": "scrapper", "metodo": "next_page",  "mensagem": "Going to next page"}
{"timestamp": "2023-02-13 21:52:21,092", "processo": "MainProcess", "thread": "MainThread","level": "INFO", "script": "main.py", "modulo": "main", "metodo": "executorMagazine",  "mensagem": "--> Crawler performed successfully."}
{"timestamp": "2023-02-13 21:52:26,218", "processo": "MainProcess", "thread": "MainThread","level": "INFO", "script": "scrapper.py", "modulo": "scrapper", "metodo": "next_page",  "mensagem": "Going to next page"}
{"timestamp": "2023-02-13 21:52:26,502", "processo": "MainProcess", "thread": "MainThread","level": "INFO", "script": "scrapper.py", "modulo": "scrapper", "metodo": "extract_csv",  "mensagem": "--> Starting creation of .csv"}
{"timestamp": "2023-02-13 21:52:26,656", "processo": "MainProcess", "thread": "MainThread","level": "INFO", "script": "scrapper.py", "modulo": "scrapper", "metodo": "extract_csv",  "mensagem": "--> Csv successfully create"}
