{"timestamp": "2023-02-08 17:36:22,001", "processo": "MainProcess", "thread": "MainThread","level": "INFO", "script": "main.py", "modulo": "main", "metodo": "<module>",  "mensagem": "--->WebScrapping-RealState<---"}
{"timestamp": "2023-02-08 17:36:22,002", "processo": "MainProcess", "thread": "MainThread","level": "INFO", "script": "main.py", "modulo": "main", "metodo": "<module>",  "mensagem": "Start:2023-02-08 17:36"}
{"timestamp": "2023-02-08 17:36:22,002", "processo": "MainProcess", "thread": "MainThread","level": "INFO", "script": "main.py", "modulo": "main", "metodo": "executorzap",  "mensagem": "--> Start Porject"}
{"timestamp": "2023-02-08 17:36:29,768", "processo": "MainProcess", "thread": "MainThread","level": "INFO", "script": "scrapper.py", "modulo": "scrapper", "metodo": "accept_cookies",  "mensagem": "Accepting cookies from the page"}
{"timestamp": "2023-02-08 17:36:29,837", "processo": "MainProcess", "thread": "MainThread","level": "INFO", "script": "scrapper.py", "modulo": "scrapper", "metodo": "zapscraping",  "mensagem": "--> Starting crawler on ZAP Imoveis pages"}
{"timestamp": "2023-02-08 17:36:29,870", "processo": "MainProcess", "thread": "MainThread","level": "INFO", "script": "scrapper.py", "modulo": "scrapper", "metodo": "zapscraping",  "mensagem": "--> Crawler performed successfully."}
{"timestamp": "2023-02-08 17:36:29,872", "processo": "MainProcess", "thread": "MainThread","level": "INFO", "script": "scrapper.py", "modulo": "scrapper", "metodo": "zapscraping",  "mensagem": "--> Crawler performed successfully."}
{"timestamp": "2023-02-08 17:36:29,876", "processo": "MainProcess", "thread": "MainThread","level": "INFO", "script": "scrapper.py", "modulo": "scrapper", "metodo": "zapscraping",  "mensagem": "--> Crawler performed successfully."}
{"timestamp": "2023-02-08 17:36:29,879", "processo": "MainProcess", "thread": "MainThread","level": "INFO", "script": "scrapper.py", "modulo": "scrapper", "metodo": "zapscraping",  "mensagem": "--> Crawler performed successfully."}
{"timestamp": "2023-02-08 17:36:29,883", "processo": "MainProcess", "thread": "MainThread","level": "INFO", "script": "scrapper.py", "modulo": "scrapper", "metodo": "zapscraping",  "mensagem": "--> Crawler performed successfully."}
{"timestamp": "2023-02-08 17:36:29,887", "processo": "MainProcess", "thread": "MainThread","level": "INFO", "script": "scrapper.py", "modulo": "scrapper", "metodo": "zapscraping",  "mensagem": "--> Crawler performed successfully."}
{"timestamp": "2023-02-08 17:36:29,889", "processo": "MainProcess", "thread": "MainThread","level": "INFO", "script": "scrapper.py", "modulo": "scrapper", "metodo": "zapscraping",  "mensagem": "--> Crawler performed successfully."}
{"timestamp": "2023-02-08 17:36:29,891", "processo": "MainProcess", "thread": "MainThread","level": "INFO", "script": "scrapper.py", "modulo": "scrapper", "metodo": "zapscraping",  "mensagem": "--> Crawler performed successfully."}
{"timestamp": "2023-02-08 17:36:29,893", "processo": "MainProcess", "thread": "MainThread","level": "INFO", "script": "scrapper.py", "modulo": "scrapper", "metodo": "zapscraping",  "mensagem": "--> Crawler performed successfully."}
{"timestamp": "2023-02-08 17:36:29,895", "processo": "MainProcess", "thread": "MainThread","level": "INFO", "script": "scrapper.py", "modulo": "scrapper", "metodo": "zapscraping",  "mensagem": "--> Crawler performed successfully."}
{"timestamp": "2023-02-08 17:36:29,898", "processo": "MainProcess", "thread": "MainThread","level": "INFO", "script": "scrapper.py", "modulo": "scrapper", "metodo": "zapscraping",  "mensagem": "--> Crawler performed successfully."}
{"timestamp": "2023-02-08 17:36:29,900", "processo": "MainProcess", "thread": "MainThread","level": "INFO", "script": "scrapper.py", "modulo": "scrapper", "metodo": "zapscraping",  "mensagem": "--> Crawler performed successfully."}
{"timestamp": "2023-02-08 17:36:29,902", "processo": "MainProcess", "thread": "MainThread","level": "INFO", "script": "scrapper.py", "modulo": "scrapper", "metodo": "zapscraping",  "mensagem": "--> Crawler performed successfully."}
{"timestamp": "2023-02-08 17:36:29,904", "processo": "MainProcess", "thread": "MainThread","level": "INFO", "script": "scrapper.py", "modulo": "scrapper", "metodo": "zapscraping",  "mensagem": "--> Crawler performed successfully."}
{"timestamp": "2023-02-08 17:36:29,906", "processo": "MainProcess", "thread": "MainThread","level": "INFO", "script": "scrapper.py", "modulo": "scrapper", "metodo": "zapscraping",  "mensagem": "--> Crawler performed successfully."}
{"timestamp": "2023-02-08 17:36:29,908", "processo": "MainProcess", "thread": "MainThread","level": "INFO", "script": "scrapper.py", "modulo": "scrapper", "metodo": "zapscraping",  "mensagem": "--> Crawler performed successfully."}
{"timestamp": "2023-02-08 17:36:29,910", "processo": "MainProcess", "thread": "MainThread","level": "INFO", "script": "scrapper.py", "modulo": "scrapper", "metodo": "zapscraping",  "mensagem": "--> Crawler performed successfully."}
{"timestamp": "2023-02-08 17:36:29,913", "processo": "MainProcess", "thread": "MainThread","level": "INFO", "script": "scrapper.py", "modulo": "scrapper", "metodo": "zapscraping",  "mensagem": "--> Crawler performed successfully."}
{"timestamp": "2023-02-08 17:36:29,915", "processo": "MainProcess", "thread": "MainThread","level": "INFO", "script": "scrapper.py", "modulo": "scrapper", "metodo": "zapscraping",  "mensagem": "--> Crawler performed successfully."}
{"timestamp": "2023-02-08 17:36:29,918", "processo": "MainProcess", "thread": "MainThread","level": "INFO", "script": "scrapper.py", "modulo": "scrapper", "metodo": "zapscraping",  "mensagem": "--> Crawler performed successfully."}
{"timestamp": "2023-02-08 17:36:29,923", "processo": "MainProcess", "thread": "MainThread","level": "INFO", "script": "scrapper.py", "modulo": "scrapper", "metodo": "zapscraping",  "mensagem": "--> Crawler performed successfully."}
{"timestamp": "2023-02-08 17:36:29,927", "processo": "MainProcess", "thread": "MainThread","level": "INFO", "script": "scrapper.py", "modulo": "scrapper", "metodo": "zapscraping",  "mensagem": "--> Crawler performed successfully."}
{"timestamp": "2023-02-08 17:36:29,929", "processo": "MainProcess", "thread": "MainThread","level": "INFO", "script": "scrapper.py", "modulo": "scrapper", "metodo": "zapscraping",  "mensagem": "--> Crawler performed successfully."}
{"timestamp": "2023-02-08 17:36:29,933", "processo": "MainProcess", "thread": "MainThread","level": "INFO", "script": "scrapper.py", "modulo": "scrapper", "metodo": "zapscraping",  "mensagem": "--> Crawler performed successfully."}
{"timestamp": "2023-02-08 17:36:29,936", "processo": "MainProcess", "thread": "MainThread","level": "INFO", "script": "scrapper.py", "modulo": "scrapper", "metodo": "zapscraping",  "mensagem": "--> Crawler performed successfully."}
{"timestamp": "2023-02-08 17:36:29,939", "processo": "MainProcess", "thread": "MainThread","level": "INFO", "script": "scrapper.py", "modulo": "scrapper", "metodo": "zapscraping",  "mensagem": "--> Crawler performed successfully."}
{"timestamp": "2023-02-08 17:36:29,948", "processo": "MainProcess", "thread": "MainThread","level": "INFO", "script": "scrapper.py", "modulo": "scrapper", "metodo": "zapscraping",  "mensagem": "--> Crawler performed successfully."}
{"timestamp": "2023-02-08 17:36:29,953", "processo": "MainProcess", "thread": "MainThread","level": "INFO", "script": "scrapper.py", "modulo": "scrapper", "metodo": "zapscraping",  "mensagem": "--> Crawler performed successfully."}
{"timestamp": "2023-02-08 17:36:29,956", "processo": "MainProcess", "thread": "MainThread","level": "INFO", "script": "scrapper.py", "modulo": "scrapper", "metodo": "zapscraping",  "mensagem": "--> Crawler performed successfully."}
{"timestamp": "2023-02-08 17:36:29,960", "processo": "MainProcess", "thread": "MainThread","level": "INFO", "script": "scrapper.py", "modulo": "scrapper", "metodo": "zapscraping",  "mensagem": "--> Crawler performed successfully."}
{"timestamp": "2023-02-08 17:36:29,963", "processo": "MainProcess", "thread": "MainThread","level": "INFO", "script": "scrapper.py", "modulo": "scrapper", "metodo": "zapscraping",  "mensagem": "--> Crawler performed successfully."}
{"timestamp": "2023-02-08 17:36:29,970", "processo": "MainProcess", "thread": "MainThread","level": "INFO", "script": "scrapper.py", "modulo": "scrapper", "metodo": "zapscraping",  "mensagem": "--> Crawler performed successfully."}
{"timestamp": "2023-02-08 17:36:29,973", "processo": "MainProcess", "thread": "MainThread","level": "INFO", "script": "scrapper.py", "modulo": "scrapper", "metodo": "zapscraping",  "mensagem": "--> Crawler performed successfully."}
{"timestamp": "2023-02-08 17:36:29,976", "processo": "MainProcess", "thread": "MainThread","level": "INFO", "script": "scrapper.py", "modulo": "scrapper", "metodo": "zapscraping",  "mensagem": "--> Crawler performed successfully."}
{"timestamp": "2023-02-08 17:36:29,978", "processo": "MainProcess", "thread": "MainThread","level": "INFO", "script": "scrapper.py", "modulo": "scrapper", "metodo": "zapscraping",  "mensagem": "--> Crawler performed successfully."}
{"timestamp": "2023-02-08 17:36:29,981", "processo": "MainProcess", "thread": "MainThread","level": "INFO", "script": "scrapper.py", "modulo": "scrapper", "metodo": "zapscraping",  "mensagem": "--> Crawler performed successfully."}
{"timestamp": "2023-02-08 17:36:29,988", "processo": "MainProcess", "thread": "MainThread","level": "INFO", "script": "scrapper.py", "modulo": "scrapper", "metodo": "zapscraping",  "mensagem": "--> Crawler performed successfully."}
{"timestamp": "2023-02-08 17:36:29,990", "processo": "MainProcess", "thread": "MainThread","level": "INFO", "script": "scrapper.py", "modulo": "scrapper", "metodo": "zapscraping",  "mensagem": "--> Crawler performed successfully."}
{"timestamp": "2023-02-08 17:36:29,993", "processo": "MainProcess", "thread": "MainThread","level": "INFO", "script": "scrapper.py", "modulo": "scrapper", "metodo": "zapscraping",  "mensagem": "--> Crawler performed successfully."}
{"timestamp": "2023-02-08 17:36:29,995", "processo": "MainProcess", "thread": "MainThread","level": "INFO", "script": "scrapper.py", "modulo": "scrapper", "metodo": "zapscraping",  "mensagem": "--> Crawler performed successfully."}
{"timestamp": "2023-02-08 17:36:29,998", "processo": "MainProcess", "thread": "MainThread","level": "INFO", "script": "scrapper.py", "modulo": "scrapper", "metodo": "zapscraping",  "mensagem": "--> Crawler performed successfully."}
{"timestamp": "2023-02-08 17:36:30,007", "processo": "MainProcess", "thread": "MainThread","level": "INFO", "script": "scrapper.py", "modulo": "scrapper", "metodo": "zapscraping",  "mensagem": "--> Crawler performed successfully."}
{"timestamp": "2023-02-08 17:36:30,009", "processo": "MainProcess", "thread": "MainThread","level": "INFO", "script": "scrapper.py", "modulo": "scrapper", "metodo": "zapscraping",  "mensagem": "--> Crawler performed successfully."}
{"timestamp": "2023-02-08 17:36:30,011", "processo": "MainProcess", "thread": "MainThread","level": "INFO", "script": "scrapper.py", "modulo": "scrapper", "metodo": "zapscraping",  "mensagem": "--> Crawler performed successfully."}
{"timestamp": "2023-02-08 17:36:30,015", "processo": "MainProcess", "thread": "MainThread","level": "INFO", "script": "scrapper.py", "modulo": "scrapper", "metodo": "zapscraping",  "mensagem": "--> Crawler performed successfully."}
{"timestamp": "2023-02-08 17:36:30,024", "processo": "MainProcess", "thread": "MainThread","level": "INFO", "script": "scrapper.py", "modulo": "scrapper", "metodo": "zapscraping",  "mensagem": "--> Crawler performed successfully."}
{"timestamp": "2023-02-08 17:36:30,027", "processo": "MainProcess", "thread": "MainThread","level": "INFO", "script": "scrapper.py", "modulo": "scrapper", "metodo": "zapscraping",  "mensagem": "--> Crawler performed successfully."}
{"timestamp": "2023-02-08 17:36:30,029", "processo": "MainProcess", "thread": "MainThread","level": "INFO", "script": "scrapper.py", "modulo": "scrapper", "metodo": "zapscraping",  "mensagem": "--> Crawler performed successfully."}
{"timestamp": "2023-02-08 17:36:30,033", "processo": "MainProcess", "thread": "MainThread","level": "INFO", "script": "scrapper.py", "modulo": "scrapper", "metodo": "zapscraping",  "mensagem": "--> Crawler performed successfully."}
{"timestamp": "2023-02-08 17:36:30,040", "processo": "MainProcess", "thread": "MainThread","level": "INFO", "script": "scrapper.py", "modulo": "scrapper", "metodo": "zapscraping",  "mensagem": "--> Crawler performed successfully."}
{"timestamp": "2023-02-08 17:36:30,042", "processo": "MainProcess", "thread": "MainThread","level": "INFO", "script": "scrapper.py", "modulo": "scrapper", "metodo": "zapscraping",  "mensagem": "--> Crawler performed successfully."}
{"timestamp": "2023-02-08 17:36:30,044", "processo": "MainProcess", "thread": "MainThread","level": "INFO", "script": "scrapper.py", "modulo": "scrapper", "metodo": "zapscraping",  "mensagem": "--> Crawler performed successfully."}
{"timestamp": "2023-02-08 17:36:30,046", "processo": "MainProcess", "thread": "MainThread","level": "INFO", "script": "scrapper.py", "modulo": "scrapper", "metodo": "zapscraping",  "mensagem": "--> Crawler performed successfully."}
{"timestamp": "2023-02-08 17:36:30,049", "processo": "MainProcess", "thread": "MainThread","level": "INFO", "script": "scrapper.py", "modulo": "scrapper", "metodo": "zapscraping",  "mensagem": "--> Crawler performed successfully."}
{"timestamp": "2023-02-08 17:36:30,057", "processo": "MainProcess", "thread": "MainThread","level": "INFO", "script": "scrapper.py", "modulo": "scrapper", "metodo": "zapscraping",  "mensagem": "--> Crawler performed successfully."}
{"timestamp": "2023-02-08 17:36:30,060", "processo": "MainProcess", "thread": "MainThread","level": "INFO", "script": "scrapper.py", "modulo": "scrapper", "metodo": "zapscraping",  "mensagem": "--> Crawler performed successfully."}
{"timestamp": "2023-02-08 17:36:30,062", "processo": "MainProcess", "thread": "MainThread","level": "INFO", "script": "scrapper.py", "modulo": "scrapper", "metodo": "zapscraping",  "mensagem": "--> Crawler performed successfully."}
{"timestamp": "2023-02-08 17:36:30,067", "processo": "MainProcess", "thread": "MainThread","level": "INFO", "script": "scrapper.py", "modulo": "scrapper", "metodo": "zapscraping",  "mensagem": "--> Crawler performed successfully."}
{"timestamp": "2023-02-08 17:36:30,074", "processo": "MainProcess", "thread": "MainThread","level": "INFO", "script": "scrapper.py", "modulo": "scrapper", "metodo": "zapscraping",  "mensagem": "--> Crawler performed successfully."}
{"timestamp": "2023-02-08 17:36:30,076", "processo": "MainProcess", "thread": "MainThread","level": "INFO", "script": "scrapper.py", "modulo": "scrapper", "metodo": "zapscraping",  "mensagem": "--> Crawler performed successfully."}
{"timestamp": "2023-02-08 17:36:30,107", "processo": "MainProcess", "thread": "MainThread","level": "INFO", "script": "scrapper.py", "modulo": "scrapper", "metodo": "zapscraping",  "mensagem": "--> Crawler performed successfully."}
{"timestamp": "2023-02-08 17:36:30,108", "processo": "MainProcess", "thread": "MainThread","level": "INFO", "script": "scrapper.py", "modulo": "scrapper", "metodo": "zapscraping",  "mensagem": "--> Crawler performed successfully."}
{"timestamp": "2023-02-08 17:36:30,110", "processo": "MainProcess", "thread": "MainThread","level": "INFO", "script": "scrapper.py", "modulo": "scrapper", "metodo": "zapscraping",  "mensagem": "--> Crawler performed successfully."}
{"timestamp": "2023-02-08 17:36:30,113", "processo": "MainProcess", "thread": "MainThread","level": "INFO", "script": "scrapper.py", "modulo": "scrapper", "metodo": "zapscraping",  "mensagem": "--> Crawler performed successfully."}
{"timestamp": "2023-02-08 17:36:30,118", "processo": "MainProcess", "thread": "MainThread","level": "INFO", "script": "scrapper.py", "modulo": "scrapper", "metodo": "zapscraping",  "mensagem": "--> Crawler performed successfully."}
{"timestamp": "2023-02-08 17:36:30,146", "processo": "MainProcess", "thread": "MainThread","level": "INFO", "script": "scrapper.py", "modulo": "scrapper", "metodo": "zapscraping",  "mensagem": "--> Crawler performed successfully."}
{"timestamp": "2023-02-08 17:36:30,156", "processo": "MainProcess", "thread": "MainThread","level": "INFO", "script": "scrapper.py", "modulo": "scrapper", "metodo": "zapscraping",  "mensagem": "--> Crawler performed successfully."}
{"timestamp": "2023-02-08 17:36:30,159", "processo": "MainProcess", "thread": "MainThread","level": "INFO", "script": "scrapper.py", "modulo": "scrapper", "metodo": "zapscraping",  "mensagem": "--> Crawler performed successfully."}
{"timestamp": "2023-02-08 17:36:30,164", "processo": "MainProcess", "thread": "MainThread","level": "INFO", "script": "scrapper.py", "modulo": "scrapper", "metodo": "zapscraping",  "mensagem": "--> Crawler performed successfully."}
{"timestamp": "2023-02-08 17:36:30,171", "processo": "MainProcess", "thread": "MainThread","level": "INFO", "script": "scrapper.py", "modulo": "scrapper", "metodo": "zapscraping",  "mensagem": "--> Crawler performed successfully."}
{"timestamp": "2023-02-08 17:36:30,176", "processo": "MainProcess", "thread": "MainThread","level": "INFO", "script": "scrapper.py", "modulo": "scrapper", "metodo": "zapscraping",  "mensagem": "--> Crawler performed successfully."}
{"timestamp": "2023-02-08 17:36:30,185", "processo": "MainProcess", "thread": "MainThread","level": "INFO", "script": "scrapper.py", "modulo": "scrapper", "metodo": "zapscraping",  "mensagem": "--> Crawler performed successfully."}
{"timestamp": "2023-02-08 17:36:30,189", "processo": "MainProcess", "thread": "MainThread","level": "INFO", "script": "scrapper.py", "modulo": "scrapper", "metodo": "zapscraping",  "mensagem": "--> Crawler performed successfully."}
{"timestamp": "2023-02-08 17:36:30,201", "processo": "MainProcess", "thread": "MainThread","level": "INFO", "script": "scrapper.py", "modulo": "scrapper", "metodo": "zapscraping",  "mensagem": "--> Crawler performed successfully."}
{"timestamp": "2023-02-08 17:36:30,206", "processo": "MainProcess", "thread": "MainThread","level": "INFO", "script": "scrapper.py", "modulo": "scrapper", "metodo": "zapscraping",  "mensagem": "--> Crawler performed successfully."}
{"timestamp": "2023-02-08 17:36:30,210", "processo": "MainProcess", "thread": "MainThread","level": "INFO", "script": "scrapper.py", "modulo": "scrapper", "metodo": "zapscraping",  "mensagem": "--> Crawler performed successfully."}
{"timestamp": "2023-02-08 17:36:30,215", "processo": "MainProcess", "thread": "MainThread","level": "INFO", "script": "scrapper.py", "modulo": "scrapper", "metodo": "zapscraping",  "mensagem": "--> Crawler performed successfully."}
{"timestamp": "2023-02-08 17:36:30,223", "processo": "MainProcess", "thread": "MainThread","level": "INFO", "script": "scrapper.py", "modulo": "scrapper", "metodo": "zapscraping",  "mensagem": "--> Crawler performed successfully."}
{"timestamp": "2023-02-08 17:36:30,224", "processo": "MainProcess", "thread": "MainThread","level": "INFO", "script": "scrapper.py", "modulo": "scrapper", "metodo": "zapscraping",  "mensagem": "--> Crawler performed successfully."}
{"timestamp": "2023-02-08 17:36:30,226", "processo": "MainProcess", "thread": "MainThread","level": "INFO", "script": "scrapper.py", "modulo": "scrapper", "metodo": "zapscraping",  "mensagem": "--> Crawler performed successfully."}
{"timestamp": "2023-02-08 17:36:30,229", "processo": "MainProcess", "thread": "MainThread","level": "INFO", "script": "scrapper.py", "modulo": "scrapper", "metodo": "zapscraping",  "mensagem": "--> Crawler performed successfully."}
{"timestamp": "2023-02-08 17:36:30,232", "processo": "MainProcess", "thread": "MainThread","level": "INFO", "script": "scrapper.py", "modulo": "scrapper", "metodo": "zapscraping",  "mensagem": "--> Crawler performed successfully."}
{"timestamp": "2023-02-08 17:36:30,238", "processo": "MainProcess", "thread": "MainThread","level": "INFO", "script": "scrapper.py", "modulo": "scrapper", "metodo": "zapscraping",  "mensagem": "--> Crawler performed successfully."}
{"timestamp": "2023-02-08 17:36:30,240", "processo": "MainProcess", "thread": "MainThread","level": "INFO", "script": "scrapper.py", "modulo": "scrapper", "metodo": "zapscraping",  "mensagem": "--> Crawler performed successfully."}
{"timestamp": "2023-02-08 17:36:30,244", "processo": "MainProcess", "thread": "MainThread","level": "INFO", "script": "scrapper.py", "modulo": "scrapper", "metodo": "zapscraping",  "mensagem": "--> Crawler performed successfully."}
{"timestamp": "2023-02-08 17:36:30,246", "processo": "MainProcess", "thread": "MainThread","level": "INFO", "script": "scrapper.py", "modulo": "scrapper", "metodo": "zapscraping",  "mensagem": "--> Crawler performed successfully."}
{"timestamp": "2023-02-08 17:36:30,251", "processo": "MainProcess", "thread": "MainThread","level": "INFO", "script": "scrapper.py", "modulo": "scrapper", "metodo": "zapscraping",  "mensagem": "--> Crawler performed successfully."}
{"timestamp": "2023-02-08 17:36:30,256", "processo": "MainProcess", "thread": "MainThread","level": "INFO", "script": "scrapper.py", "modulo": "scrapper", "metodo": "zapscraping",  "mensagem": "--> Crawler performed successfully."}
{"timestamp": "2023-02-08 17:36:30,260", "processo": "MainProcess", "thread": "MainThread","level": "INFO", "script": "scrapper.py", "modulo": "scrapper", "metodo": "zapscraping",  "mensagem": "--> Crawler performed successfully."}
{"timestamp": "2023-02-08 17:36:30,262", "processo": "MainProcess", "thread": "MainThread","level": "INFO", "script": "scrapper.py", "modulo": "scrapper", "metodo": "zapscraping",  "mensagem": "--> Crawler performed successfully."}
{"timestamp": "2023-02-08 17:36:30,266", "processo": "MainProcess", "thread": "MainThread","level": "INFO", "script": "scrapper.py", "modulo": "scrapper", "metodo": "zapscraping",  "mensagem": "--> Crawler performed successfully."}
{"timestamp": "2023-02-08 17:36:30,273", "processo": "MainProcess", "thread": "MainThread","level": "INFO", "script": "scrapper.py", "modulo": "scrapper", "metodo": "zapscraping",  "mensagem": "--> Crawler performed successfully."}
{"timestamp": "2023-02-08 17:36:30,276", "processo": "MainProcess", "thread": "MainThread","level": "INFO", "script": "scrapper.py", "modulo": "scrapper", "metodo": "zapscraping",  "mensagem": "--> Crawler performed successfully."}
{"timestamp": "2023-02-08 17:36:30,280", "processo": "MainProcess", "thread": "MainThread","level": "INFO", "script": "scrapper.py", "modulo": "scrapper", "metodo": "zapscraping",  "mensagem": "--> Crawler performed successfully."}
{"timestamp": "2023-02-08 17:36:30,285", "processo": "MainProcess", "thread": "MainThread","level": "INFO", "script": "scrapper.py", "modulo": "scrapper", "metodo": "zapscraping",  "mensagem": "--> Crawler performed successfully."}
{"timestamp": "2023-02-08 17:36:30,289", "processo": "MainProcess", "thread": "MainThread","level": "INFO", "script": "scrapper.py", "modulo": "scrapper", "metodo": "zapscraping",  "mensagem": "--> Crawler performed successfully."}
{"timestamp": "2023-02-08 17:36:30,292", "processo": "MainProcess", "thread": "MainThread","level": "INFO", "script": "scrapper.py", "modulo": "scrapper", "metodo": "zapscraping",  "mensagem": "--> Crawler performed successfully."}
{"timestamp": "2023-02-08 17:36:30,294", "processo": "MainProcess", "thread": "MainThread","level": "INFO", "script": "scrapper.py", "modulo": "scrapper", "metodo": "zapscraping",  "mensagem": "--> Crawler performed successfully."}
{"timestamp": "2023-02-08 17:36:30,296", "processo": "MainProcess", "thread": "MainThread","level": "INFO", "script": "scrapper.py", "modulo": "scrapper", "metodo": "zapscraping",  "mensagem": "--> Crawler performed successfully."}
{"timestamp": "2023-02-08 17:36:30,303", "processo": "MainProcess", "thread": "MainThread","level": "INFO", "script": "scrapper.py", "modulo": "scrapper", "metodo": "zapscraping",  "mensagem": "--> Crawler performed successfully."}
{"timestamp": "2023-02-08 17:37:00,314", "processo": "MainProcess", "thread": "MainThread","level": "INFO", "script": "scrapper.py", "modulo": "scrapper", "metodo": "extract_csv",  "mensagem": "--> Starting creation of .csv"}
{"timestamp": "2023-02-08 17:37:00,356", "processo": "MainProcess", "thread": "MainThread","level": "INFO", "script": "scrapper.py", "modulo": "scrapper", "metodo": "extract_csv",  "mensagem": "--> Csv successfully create"}
