{"timestamp": "2023-02-08 17:34:15,013", "processo": "MainProcess", "thread": "MainThread","level": "INFO", "script": "main.py", "modulo": "main", "metodo": "<module>",  "mensagem": "--->WebScrapping-RealState<---"}
{"timestamp": "2023-02-08 17:34:15,013", "processo": "MainProcess", "thread": "MainThread","level": "INFO", "script": "main.py", "modulo": "main", "metodo": "<module>",  "mensagem": "Start:2023-02-08 17:34"}
{"timestamp": "2023-02-08 17:34:15,013", "processo": "MainProcess", "thread": "MainThread","level": "INFO", "script": "main.py", "modulo": "main", "metodo": "executorzap",  "mensagem": "--> Start Porject"}
{"timestamp": "2023-02-08 17:34:25,095", "processo": "MainProcess", "thread": "MainThread","level": "INFO", "script": "scrapper.py", "modulo": "scrapper", "metodo": "accept_cookies",  "mensagem": "Accepting cookies from the page"}
{"timestamp": "2023-02-08 17:34:25,180", "processo": "MainProcess", "thread": "MainThread","level": "INFO", "script": "scrapper.py", "modulo": "scrapper", "metodo": "zapscraping",  "mensagem": "--> Starting crawler on ZAP Imoveis pages"}
{"timestamp": "2023-02-08 17:34:25,211", "processo": "MainProcess", "thread": "MainThread","level": "INFO", "script": "scrapper.py", "modulo": "scrapper", "metodo": "zapscraping",  "mensagem": "--> Crawler performed successfully."}
{"timestamp": "2023-02-08 17:34:25,213", "processo": "MainProcess", "thread": "MainThread","level": "INFO", "script": "scrapper.py", "modulo": "scrapper", "metodo": "zapscraping",  "mensagem": "--> Crawler performed successfully."}
{"timestamp": "2023-02-08 17:34:25,215", "processo": "MainProcess", "thread": "MainThread","level": "INFO", "script": "scrapper.py", "modulo": "scrapper", "metodo": "zapscraping",  "mensagem": "--> Crawler performed successfully."}
{"timestamp": "2023-02-08 17:34:25,217", "processo": "MainProcess", "thread": "MainThread","level": "INFO", "script": "scrapper.py", "modulo": "scrapper", "metodo": "zapscraping",  "mensagem": "--> Crawler performed successfully."}
{"timestamp": "2023-02-08 17:34:25,218", "processo": "MainProcess", "thread": "MainThread","level": "INFO", "script": "scrapper.py", "modulo": "scrapper", "metodo": "zapscraping",  "mensagem": "--> Crawler performed successfully."}
{"timestamp": "2023-02-08 17:34:25,222", "processo": "MainProcess", "thread": "MainThread","level": "INFO", "script": "scrapper.py", "modulo": "scrapper", "metodo": "zapscraping",  "mensagem": "--> Crawler performed successfully."}
{"timestamp": "2023-02-08 17:34:25,225", "processo": "MainProcess", "thread": "MainThread","level": "INFO", "script": "scrapper.py", "modulo": "scrapper", "metodo": "zapscraping",  "mensagem": "--> Crawler performed successfully."}
{"timestamp": "2023-02-08 17:34:25,227", "processo": "MainProcess", "thread": "MainThread","level": "INFO", "script": "scrapper.py", "modulo": "scrapper", "metodo": "zapscraping",  "mensagem": "--> Crawler performed successfully."}
{"timestamp": "2023-02-08 17:34:25,230", "processo": "MainProcess", "thread": "MainThread","level": "INFO", "script": "scrapper.py", "modulo": "scrapper", "metodo": "zapscraping",  "mensagem": "--> Crawler performed successfully."}
{"timestamp": "2023-02-08 17:34:25,232", "processo": "MainProcess", "thread": "MainThread","level": "INFO", "script": "scrapper.py", "modulo": "scrapper", "metodo": "zapscraping",  "mensagem": "--> Crawler performed successfully."}
{"timestamp": "2023-02-08 17:34:25,235", "processo": "MainProcess", "thread": "MainThread","level": "INFO", "script": "scrapper.py", "modulo": "scrapper", "metodo": "zapscraping",  "mensagem": "--> Crawler performed successfully."}
{"timestamp": "2023-02-08 17:34:25,236", "processo": "MainProcess", "thread": "MainThread","level": "INFO", "script": "scrapper.py", "modulo": "scrapper", "metodo": "zapscraping",  "mensagem": "--> Crawler performed successfully."}
{"timestamp": "2023-02-08 17:34:25,238", "processo": "MainProcess", "thread": "MainThread","level": "INFO", "script": "scrapper.py", "modulo": "scrapper", "metodo": "zapscraping",  "mensagem": "--> Crawler performed successfully."}
{"timestamp": "2023-02-08 17:34:25,240", "processo": "MainProcess", "thread": "MainThread","level": "INFO", "script": "scrapper.py", "modulo": "scrapper", "metodo": "zapscraping",  "mensagem": "--> Crawler performed successfully."}
{"timestamp": "2023-02-08 17:34:25,242", "processo": "MainProcess", "thread": "MainThread","level": "INFO", "script": "scrapper.py", "modulo": "scrapper", "metodo": "zapscraping",  "mensagem": "--> Crawler performed successfully."}
{"timestamp": "2023-02-08 17:34:25,243", "processo": "MainProcess", "thread": "MainThread","level": "INFO", "script": "scrapper.py", "modulo": "scrapper", "metodo": "zapscraping",  "mensagem": "--> Crawler performed successfully."}
{"timestamp": "2023-02-08 17:34:25,246", "processo": "MainProcess", "thread": "MainThread","level": "INFO", "script": "scrapper.py", "modulo": "scrapper", "metodo": "zapscraping",  "mensagem": "--> Crawler performed successfully."}
{"timestamp": "2023-02-08 17:34:25,248", "processo": "MainProcess", "thread": "MainThread","level": "INFO", "script": "scrapper.py", "modulo": "scrapper", "metodo": "zapscraping",  "mensagem": "--> Crawler performed successfully."}
{"timestamp": "2023-02-08 17:34:25,250", "processo": "MainProcess", "thread": "MainThread","level": "INFO", "script": "scrapper.py", "modulo": "scrapper", "metodo": "zapscraping",  "mensagem": "--> Crawler performed successfully."}
{"timestamp": "2023-02-08 17:34:25,252", "processo": "MainProcess", "thread": "MainThread","level": "INFO", "script": "scrapper.py", "modulo": "scrapper", "metodo": "zapscraping",  "mensagem": "--> Crawler performed successfully."}
{"timestamp": "2023-02-08 17:34:25,252", "processo": "MainProcess", "thread": "MainThread","level": "INFO", "script": "scrapper.py", "modulo": "scrapper", "metodo": "zapscraping",  "mensagem": "--> Crawler performed successfully."}
{"timestamp": "2023-02-08 17:34:25,252", "processo": "MainProcess", "thread": "MainThread","level": "INFO", "script": "scrapper.py", "modulo": "scrapper", "metodo": "zapscraping",  "mensagem": "--> Crawler performed successfully."}
{"timestamp": "2023-02-08 17:34:25,252", "processo": "MainProcess", "thread": "MainThread","level": "INFO", "script": "scrapper.py", "modulo": "scrapper", "metodo": "zapscraping",  "mensagem": "--> Crawler performed successfully."}
{"timestamp": "2023-02-08 17:34:25,252", "processo": "MainProcess", "thread": "MainThread","level": "INFO", "script": "scrapper.py", "modulo": "scrapper", "metodo": "zapscraping",  "mensagem": "--> Crawler performed successfully."}
{"timestamp": "2023-02-08 17:34:25,252", "processo": "MainProcess", "thread": "MainThread","level": "INFO", "script": "scrapper.py", "modulo": "scrapper", "metodo": "zapscraping",  "mensagem": "--> Crawler performed successfully."}
{"timestamp": "2023-02-08 17:34:25,268", "processo": "MainProcess", "thread": "MainThread","level": "INFO", "script": "scrapper.py", "modulo": "scrapper", "metodo": "zapscraping",  "mensagem": "--> Crawler performed successfully."}
{"timestamp": "2023-02-08 17:34:25,275", "processo": "MainProcess", "thread": "MainThread","level": "INFO", "script": "scrapper.py", "modulo": "scrapper", "metodo": "zapscraping",  "mensagem": "--> Crawler performed successfully."}
{"timestamp": "2023-02-08 17:34:25,275", "processo": "MainProcess", "thread": "MainThread","level": "INFO", "script": "scrapper.py", "modulo": "scrapper", "metodo": "zapscraping",  "mensagem": "--> Crawler performed successfully."}
{"timestamp": "2023-02-08 17:34:25,275", "processo": "MainProcess", "thread": "MainThread","level": "INFO", "script": "scrapper.py", "modulo": "scrapper", "metodo": "zapscraping",  "mensagem": "--> Crawler performed successfully."}
{"timestamp": "2023-02-08 17:34:25,275", "processo": "MainProcess", "thread": "MainThread","level": "INFO", "script": "scrapper.py", "modulo": "scrapper", "metodo": "zapscraping",  "mensagem": "--> Crawler performed successfully."}
{"timestamp": "2023-02-08 17:34:25,284", "processo": "MainProcess", "thread": "MainThread","level": "INFO", "script": "scrapper.py", "modulo": "scrapper", "metodo": "zapscraping",  "mensagem": "--> Crawler performed successfully."}
{"timestamp": "2023-02-08 17:34:25,284", "processo": "MainProcess", "thread": "MainThread","level": "INFO", "script": "scrapper.py", "modulo": "scrapper", "metodo": "zapscraping",  "mensagem": "--> Crawler performed successfully."}
{"timestamp": "2023-02-08 17:34:25,284", "processo": "MainProcess", "thread": "MainThread","level": "INFO", "script": "scrapper.py", "modulo": "scrapper", "metodo": "zapscraping",  "mensagem": "--> Crawler performed successfully."}
{"timestamp": "2023-02-08 17:34:25,284", "processo": "MainProcess", "thread": "MainThread","level": "INFO", "script": "scrapper.py", "modulo": "scrapper", "metodo": "zapscraping",  "mensagem": "--> Crawler performed successfully."}
{"timestamp": "2023-02-08 17:34:25,284", "processo": "MainProcess", "thread": "MainThread","level": "INFO", "script": "scrapper.py", "modulo": "scrapper", "metodo": "zapscraping",  "mensagem": "--> Crawler performed successfully."}
{"timestamp": "2023-02-08 17:34:25,284", "processo": "MainProcess", "thread": "MainThread","level": "INFO", "script": "scrapper.py", "modulo": "scrapper", "metodo": "zapscraping",  "mensagem": "--> Crawler performed successfully."}
{"timestamp": "2023-02-08 17:34:25,300", "processo": "MainProcess", "thread": "MainThread","level": "INFO", "script": "scrapper.py", "modulo": "scrapper", "metodo": "zapscraping",  "mensagem": "--> Crawler performed successfully."}
{"timestamp": "2023-02-08 17:34:25,300", "processo": "MainProcess", "thread": "MainThread","level": "INFO", "script": "scrapper.py", "modulo": "scrapper", "metodo": "zapscraping",  "mensagem": "--> Crawler performed successfully."}
{"timestamp": "2023-02-08 17:34:25,300", "processo": "MainProcess", "thread": "MainThread","level": "INFO", "script": "scrapper.py", "modulo": "scrapper", "metodo": "zapscraping",  "mensagem": "--> Crawler performed successfully."}
{"timestamp": "2023-02-08 17:34:25,300", "processo": "MainProcess", "thread": "MainThread","level": "INFO", "script": "scrapper.py", "modulo": "scrapper", "metodo": "zapscraping",  "mensagem": "--> Crawler performed successfully."}
{"timestamp": "2023-02-08 17:34:25,300", "processo": "MainProcess", "thread": "MainThread","level": "INFO", "script": "scrapper.py", "modulo": "scrapper", "metodo": "zapscraping",  "mensagem": "--> Crawler performed successfully."}
{"timestamp": "2023-02-08 17:34:25,300", "processo": "MainProcess", "thread": "MainThread","level": "INFO", "script": "scrapper.py", "modulo": "scrapper", "metodo": "zapscraping",  "mensagem": "--> Crawler performed successfully."}
{"timestamp": "2023-02-08 17:34:25,300", "processo": "MainProcess", "thread": "MainThread","level": "INFO", "script": "scrapper.py", "modulo": "scrapper", "metodo": "zapscraping",  "mensagem": "--> Crawler performed successfully."}
{"timestamp": "2023-02-08 17:34:25,316", "processo": "MainProcess", "thread": "MainThread","level": "INFO", "script": "scrapper.py", "modulo": "scrapper", "metodo": "zapscraping",  "mensagem": "--> Crawler performed successfully."}
{"timestamp": "2023-02-08 17:34:25,318", "processo": "MainProcess", "thread": "MainThread","level": "INFO", "script": "scrapper.py", "modulo": "scrapper", "metodo": "zapscraping",  "mensagem": "--> Crawler performed successfully."}
{"timestamp": "2023-02-08 17:34:25,320", "processo": "MainProcess", "thread": "MainThread","level": "INFO", "script": "scrapper.py", "modulo": "scrapper", "metodo": "zapscraping",  "mensagem": "--> Crawler performed successfully."}
{"timestamp": "2023-02-08 17:34:25,324", "processo": "MainProcess", "thread": "MainThread","level": "INFO", "script": "scrapper.py", "modulo": "scrapper", "metodo": "zapscraping",  "mensagem": "--> Crawler performed successfully."}
{"timestamp": "2023-02-08 17:34:25,327", "processo": "MainProcess", "thread": "MainThread","level": "INFO", "script": "scrapper.py", "modulo": "scrapper", "metodo": "zapscraping",  "mensagem": "--> Crawler performed successfully."}
{"timestamp": "2023-02-08 17:34:25,329", "processo": "MainProcess", "thread": "MainThread","level": "INFO", "script": "scrapper.py", "modulo": "scrapper", "metodo": "zapscraping",  "mensagem": "--> Crawler performed successfully."}
{"timestamp": "2023-02-08 17:34:25,331", "processo": "MainProcess", "thread": "MainThread","level": "INFO", "script": "scrapper.py", "modulo": "scrapper", "metodo": "zapscraping",  "mensagem": "--> Crawler performed successfully."}
{"timestamp": "2023-02-08 17:34:25,333", "processo": "MainProcess", "thread": "MainThread","level": "INFO", "script": "scrapper.py", "modulo": "scrapper", "metodo": "zapscraping",  "mensagem": "--> Crawler performed successfully."}
{"timestamp": "2023-02-08 17:34:25,336", "processo": "MainProcess", "thread": "MainThread","level": "INFO", "script": "scrapper.py", "modulo": "scrapper", "metodo": "zapscraping",  "mensagem": "--> Crawler performed successfully."}
{"timestamp": "2023-02-08 17:34:25,336", "processo": "MainProcess", "thread": "MainThread","level": "INFO", "script": "scrapper.py", "modulo": "scrapper", "metodo": "zapscraping",  "mensagem": "--> Crawler performed successfully."}
{"timestamp": "2023-02-08 17:34:25,336", "processo": "MainProcess", "thread": "MainThread","level": "INFO", "script": "scrapper.py", "modulo": "scrapper", "metodo": "zapscraping",  "mensagem": "--> Crawler performed successfully."}
{"timestamp": "2023-02-08 17:34:25,336", "processo": "MainProcess", "thread": "MainThread","level": "INFO", "script": "scrapper.py", "modulo": "scrapper", "metodo": "zapscraping",  "mensagem": "--> Crawler performed successfully."}
{"timestamp": "2023-02-08 17:34:25,336", "processo": "MainProcess", "thread": "MainThread","level": "INFO", "script": "scrapper.py", "modulo": "scrapper", "metodo": "zapscraping",  "mensagem": "--> Crawler performed successfully."}
{"timestamp": "2023-02-08 17:34:25,336", "processo": "MainProcess", "thread": "MainThread","level": "INFO", "script": "scrapper.py", "modulo": "scrapper", "metodo": "zapscraping",  "mensagem": "--> Crawler performed successfully."}
{"timestamp": "2023-02-08 17:34:25,336", "processo": "MainProcess", "thread": "MainThread","level": "INFO", "script": "scrapper.py", "modulo": "scrapper", "metodo": "zapscraping",  "mensagem": "--> Crawler performed successfully."}
{"timestamp": "2023-02-08 17:34:25,351", "processo": "MainProcess", "thread": "MainThread","level": "INFO", "script": "scrapper.py", "modulo": "scrapper", "metodo": "zapscraping",  "mensagem": "--> Crawler performed successfully."}
{"timestamp": "2023-02-08 17:34:25,351", "processo": "MainProcess", "thread": "MainThread","level": "INFO", "script": "scrapper.py", "modulo": "scrapper", "metodo": "zapscraping",  "mensagem": "--> Crawler performed successfully."}
{"timestamp": "2023-02-08 17:34:25,351", "processo": "MainProcess", "thread": "MainThread","level": "INFO", "script": "scrapper.py", "modulo": "scrapper", "metodo": "zapscraping",  "mensagem": "--> Crawler performed successfully."}
{"timestamp": "2023-02-08 17:34:25,351", "processo": "MainProcess", "thread": "MainThread","level": "INFO", "script": "scrapper.py", "modulo": "scrapper", "metodo": "zapscraping",  "mensagem": "--> Crawler performed successfully."}
{"timestamp": "2023-02-08 17:34:25,351", "processo": "MainProcess", "thread": "MainThread","level": "INFO", "script": "scrapper.py", "modulo": "scrapper", "metodo": "zapscraping",  "mensagem": "--> Crawler performed successfully."}
{"timestamp": "2023-02-08 17:34:25,351", "processo": "MainProcess", "thread": "MainThread","level": "INFO", "script": "scrapper.py", "modulo": "scrapper", "metodo": "zapscraping",  "mensagem": "--> Crawler performed successfully."}
{"timestamp": "2023-02-08 17:34:25,367", "processo": "MainProcess", "thread": "MainThread","level": "INFO", "script": "scrapper.py", "modulo": "scrapper", "metodo": "zapscraping",  "mensagem": "--> Crawler performed successfully."}
{"timestamp": "2023-02-08 17:34:25,367", "processo": "MainProcess", "thread": "MainThread","level": "INFO", "script": "scrapper.py", "modulo": "scrapper", "metodo": "zapscraping",  "mensagem": "--> Crawler performed successfully."}
{"timestamp": "2023-02-08 17:34:25,367", "processo": "MainProcess", "thread": "MainThread","level": "INFO", "script": "scrapper.py", "modulo": "scrapper", "metodo": "zapscraping",  "mensagem": "--> Crawler performed successfully."}
{"timestamp": "2023-02-08 17:34:25,367", "processo": "MainProcess", "thread": "MainThread","level": "INFO", "script": "scrapper.py", "modulo": "scrapper", "metodo": "zapscraping",  "mensagem": "--> Crawler performed successfully."}
{"timestamp": "2023-02-08 17:34:25,367", "processo": "MainProcess", "thread": "MainThread","level": "INFO", "script": "scrapper.py", "modulo": "scrapper", "metodo": "zapscraping",  "mensagem": "--> Crawler performed successfully."}
{"timestamp": "2023-02-08 17:34:25,367", "processo": "MainProcess", "thread": "MainThread","level": "INFO", "script": "scrapper.py", "modulo": "scrapper", "metodo": "zapscraping",  "mensagem": "--> Crawler performed successfully."}
{"timestamp": "2023-02-08 17:34:25,383", "processo": "MainProcess", "thread": "MainThread","level": "INFO", "script": "scrapper.py", "modulo": "scrapper", "metodo": "zapscraping",  "mensagem": "--> Crawler performed successfully."}
{"timestamp": "2023-02-08 17:34:25,383", "processo": "MainProcess", "thread": "MainThread","level": "INFO", "script": "scrapper.py", "modulo": "scrapper", "metodo": "zapscraping",  "mensagem": "--> Crawler performed successfully."}
{"timestamp": "2023-02-08 17:34:25,383", "processo": "MainProcess", "thread": "MainThread","level": "INFO", "script": "scrapper.py", "modulo": "scrapper", "metodo": "zapscraping",  "mensagem": "--> Crawler performed successfully."}
{"timestamp": "2023-02-08 17:34:25,383", "processo": "MainProcess", "thread": "MainThread","level": "INFO", "script": "scrapper.py", "modulo": "scrapper", "metodo": "zapscraping",  "mensagem": "--> Crawler performed successfully."}
{"timestamp": "2023-02-08 17:34:25,383", "processo": "MainProcess", "thread": "MainThread","level": "INFO", "script": "scrapper.py", "modulo": "scrapper", "metodo": "zapscraping",  "mensagem": "--> Crawler performed successfully."}
{"timestamp": "2023-02-08 17:34:25,383", "processo": "MainProcess", "thread": "MainThread","level": "INFO", "script": "scrapper.py", "modulo": "scrapper", "metodo": "zapscraping",  "mensagem": "--> Crawler performed successfully."}
{"timestamp": "2023-02-08 17:34:25,383", "processo": "MainProcess", "thread": "MainThread","level": "INFO", "script": "scrapper.py", "modulo": "scrapper", "metodo": "zapscraping",  "mensagem": "--> Crawler performed successfully."}
{"timestamp": "2023-02-08 17:34:25,398", "processo": "MainProcess", "thread": "MainThread","level": "INFO", "script": "scrapper.py", "modulo": "scrapper", "metodo": "zapscraping",  "mensagem": "--> Crawler performed successfully."}
{"timestamp": "2023-02-08 17:34:25,398", "processo": "MainProcess", "thread": "MainThread","level": "INFO", "script": "scrapper.py", "modulo": "scrapper", "metodo": "zapscraping",  "mensagem": "--> Crawler performed successfully."}
{"timestamp": "2023-02-08 17:34:25,398", "processo": "MainProcess", "thread": "MainThread","level": "INFO", "script": "scrapper.py", "modulo": "scrapper", "metodo": "zapscraping",  "mensagem": "--> Crawler performed successfully."}
{"timestamp": "2023-02-08 17:34:25,398", "processo": "MainProcess", "thread": "MainThread","level": "INFO", "script": "scrapper.py", "modulo": "scrapper", "metodo": "zapscraping",  "mensagem": "--> Crawler performed successfully."}
{"timestamp": "2023-02-08 17:34:25,398", "processo": "MainProcess", "thread": "MainThread","level": "INFO", "script": "scrapper.py", "modulo": "scrapper", "metodo": "zapscraping",  "mensagem": "--> Crawler performed successfully."}
{"timestamp": "2023-02-08 17:34:25,398", "processo": "MainProcess", "thread": "MainThread","level": "INFO", "script": "scrapper.py", "modulo": "scrapper", "metodo": "zapscraping",  "mensagem": "--> Crawler performed successfully."}
{"timestamp": "2023-02-08 17:34:25,415", "processo": "MainProcess", "thread": "MainThread","level": "INFO", "script": "scrapper.py", "modulo": "scrapper", "metodo": "zapscraping",  "mensagem": "--> Crawler performed successfully."}
{"timestamp": "2023-02-08 17:34:25,415", "processo": "MainProcess", "thread": "MainThread","level": "INFO", "script": "scrapper.py", "modulo": "scrapper", "metodo": "zapscraping",  "mensagem": "--> Crawler performed successfully."}
{"timestamp": "2023-02-08 17:34:25,415", "processo": "MainProcess", "thread": "MainThread","level": "INFO", "script": "scrapper.py", "modulo": "scrapper", "metodo": "zapscraping",  "mensagem": "--> Crawler performed successfully."}
{"timestamp": "2023-02-08 17:34:25,415", "processo": "MainProcess", "thread": "MainThread","level": "INFO", "script": "scrapper.py", "modulo": "scrapper", "metodo": "zapscraping",  "mensagem": "--> Crawler performed successfully."}
{"timestamp": "2023-02-08 17:34:25,415", "processo": "MainProcess", "thread": "MainThread","level": "INFO", "script": "scrapper.py", "modulo": "scrapper", "metodo": "zapscraping",  "mensagem": "--> Crawler performed successfully."}
{"timestamp": "2023-02-08 17:34:25,415", "processo": "MainProcess", "thread": "MainThread","level": "INFO", "script": "scrapper.py", "modulo": "scrapper", "metodo": "zapscraping",  "mensagem": "--> Crawler performed successfully."}
{"timestamp": "2023-02-08 17:34:25,415", "processo": "MainProcess", "thread": "MainThread","level": "INFO", "script": "scrapper.py", "modulo": "scrapper", "metodo": "zapscraping",  "mensagem": "--> Crawler performed successfully."}
{"timestamp": "2023-02-08 17:34:25,415", "processo": "MainProcess", "thread": "MainThread","level": "INFO", "script": "scrapper.py", "modulo": "scrapper", "metodo": "zapscraping",  "mensagem": "--> Crawler performed successfully."}
{"timestamp": "2023-02-08 17:34:25,430", "processo": "MainProcess", "thread": "MainThread","level": "INFO", "script": "scrapper.py", "modulo": "scrapper", "metodo": "zapscraping",  "mensagem": "--> Crawler performed successfully."}
{"timestamp": "2023-02-08 17:34:25,430", "processo": "MainProcess", "thread": "MainThread","level": "INFO", "script": "scrapper.py", "modulo": "scrapper", "metodo": "zapscraping",  "mensagem": "--> Crawler performed successfully."}
{"timestamp": "2023-02-08 17:34:25,430", "processo": "MainProcess", "thread": "MainThread","level": "INFO", "script": "scrapper.py", "modulo": "scrapper", "metodo": "zapscraping",  "mensagem": "--> Crawler performed successfully."}
{"timestamp": "2023-02-08 17:34:25,430", "processo": "MainProcess", "thread": "MainThread","level": "INFO", "script": "scrapper.py", "modulo": "scrapper", "metodo": "zapscraping",  "mensagem": "--> Crawler performed successfully."}
{"timestamp": "2023-02-08 17:34:25,430", "processo": "MainProcess", "thread": "MainThread","level": "INFO", "script": "scrapper.py", "modulo": "scrapper", "metodo": "zapscraping",  "mensagem": "--> Crawler performed successfully."}
{"timestamp": "2023-02-08 17:34:25,442", "processo": "MainProcess", "thread": "MainThread","level": "INFO", "script": "scrapper.py", "modulo": "scrapper", "metodo": "zapscraping",  "mensagem": "--> Crawler performed successfully."}
{"timestamp": "2023-02-08 17:34:25,442", "processo": "MainProcess", "thread": "MainThread","level": "INFO", "script": "scrapper.py", "modulo": "scrapper", "metodo": "zapscraping",  "mensagem": "--> Crawler performed successfully."}
{"timestamp": "2023-02-08 17:34:25,445", "processo": "MainProcess", "thread": "MainThread","level": "INFO", "script": "scrapper.py", "modulo": "scrapper", "metodo": "zapscraping",  "mensagem": "--> Crawler performed successfully."}
{"timestamp": "2023-02-08 17:34:25,445", "processo": "MainProcess", "thread": "MainThread","level": "INFO", "script": "scrapper.py", "modulo": "scrapper", "metodo": "zapscraping",  "mensagem": "--> Crawler performed successfully."}
{"timestamp": "2023-02-08 17:34:55,457", "processo": "MainProcess", "thread": "MainThread","level": "INFO", "script": "scrapper.py", "modulo": "scrapper", "metodo": "extract_csv",  "mensagem": "--> Starting creation of .csv"}
{"timestamp": "2023-02-08 17:34:55,473", "processo": "MainProcess", "thread": "MainThread","level": "INFO", "script": "scrapper.py", "modulo": "scrapper", "metodo": "extract_csv",  "mensagem": "--> Csv successfully create"}
